#
# A fatal error has been detected by the Java Runtime Environment:
#
#  EXCEPTION_ACCESS_VIOLATION (0xc0000005) at pc=0x00007ffa74e38911, pid=10984, tid=12136
#
# JRE version: OpenJDK Runtime Environment (11.0.15) (build 11.0.15+0-b2043.56-9505619)
# Java VM: OpenJDK 64-Bit Server VM (11.0.15+0-b2043.56-9505619, mixed mode, tiered, compressed oops, g1 gc, windows-amd64)
# Problematic frame:
# V  [jvm.dll+0x1a8911]
#
# No core dump will be written. Minidumps are not enabled by default on client versions of Windows
#
# If you would like to submit a bug report, please visit:
#   https://bugreport.java.com/bugreport/crash.jsp
#

---------------  S U M M A R Y ------------

Command Line: --add-opens=java.base/java.util=ALL-UNNAMED --add-opens=java.base/java.lang=ALL-UNNAMED --add-opens=java.base/java.lang.invoke=ALL-UNNAMED --add-opens=java.base/java.util=ALL-UNNAMED --add-opens=java.prefs/java.util.prefs=ALL-UNNAMED --add-opens=java.prefs/java.util.prefs=ALL-UNNAMED --add-opens=java.base/java.nio.charset=ALL-UNNAMED --add-opens=java.base/java.net=ALL-UNNAMED --add-opens=java.base/java.util.concurrent.atomic=ALL-UNNAMED -Xmx2048m -Dfile.encoding=UTF-8 -Duser.country=PL -Duser.language=pl -Duser.variant org.gradle.launcher.daemon.bootstrap.GradleDaemon 7.3.3

Host: Intel(R) Core(TM) i5-6300HQ CPU @ 2.30GHz, 4 cores, 7G,  Windows 10 , 64 bit Build 19041 (10.0.19041.2546)
Time: Thu Apr 13 14:57:53 2023  Windows 10 , 64 bit Build 19041 (10.0.19041.2546) elapsed time: 11.403612 seconds (0d 0h 0m 11s)

---------------  T H R E A D  ---------------

Current thread (0x00000284ee630000):  GCTaskThread "GC Thread#3" [stack: 0x000000a334800000,0x000000a334900000] [id=12136]

Stack: [0x000000a334800000,0x000000a334900000],  sp=0x000000a3348ff288,  free space=1020k
Native frames: (J=compiled Java code, j=interpreted, Vv=VM code, C=native code)
V  [jvm.dll+0x1a8911]


siginfo: EXCEPTION_ACCESS_VIOLATION (0xc0000005), reading address 0x0000000000000110


Register to memory mapping:

RIP=0x00007ffa74e38911 jvm.dll
RAX=0x0 is NULL
RBX=0x00000000862f4aac is pointing into object: org.apache.tools.zip.ZipEntry 
{0x00000000862f4a30} - klass: 'org/apache/tools/zip/ZipEntry'
RCX=0x00000001002b3888 is pointing into metadata
RDX=0x00000000860dad10 is an oop: 
[error occurred during error reporting (printing register info), id 0xc0000005, EXCEPTION_ACCESS_VIOLATION (0xc0000005) at pc=0x00007ffa752bd65d]

Registers:
RAX=0x0000000000000000, RBX=0x00000000862f4aac, RCX=0x00000001002b3888, RDX=0x00000000860dad10
RSP=0x000000a3348ff288, RBP=0x00000284f1573a70, RSI=0x00000284f1573a70, RDI=0x0000000000000001
R8 =0x0000000000000000, R9 =0x00000001002b3888, R10=0x00007ffab9c10000, R11=0x00007ffab9c115c3
R12=0x0000000000000000, R13=0x00000000000003d8, R14=0x00000000860dad10, R15=0x000000000000001d
RIP=0x00007ffa74e38911, EFLAGS=0x0000000000010246

Top of Stack: (sp=0x000000a3348ff288)
0x000000a3348ff288:   00007ffa74fb438f 00000000862f4a01
0x000000a3348ff298:   00000000862f4ac8 00000284f1573a70
0x000000a3348ff2a8:   00000000000017a2 00000000000017a2
0x000000a3348ff2b8:   0000000084608cd5 0000000000000003
0x000000a3348ff2c8:   00007ffa74f8c0ce 00000284f1573a70
0x000000a3348ff2d8:   0000000000000000 00000284d1e09b10
0x000000a3348ff2e8:   00000000000003d8 0000000000000000
0x000000a3348ff2f8:   0000137400000bf6 0000000000000c0c
0x000000a3348ff308:   00007ffa74fb2cb1 00000284f1573a70
0x000000a3348ff318:   00000284d1e09b10 0000000000000021
0x000000a3348ff328:   00000000862f4aac 0000000000000000
0x000000a3348ff338:   0000000000000000 00000284ec4fa8a0
0x000000a3348ff348:   00000284ec4fa8b0 00000284cfcfb910
0x000000a3348ff358:   000000a3348ff450 00000284f1573a70
0x000000a3348ff368:   00007ffa74fb4f8a 0000137300000bf6
0x000000a3348ff378:   00000000000003d8 0000137400000bf6 

Instructions: (pc=0x00007ffa74e38911)
0x00007ffa74e38811:   00 48 8b 5c 24 40 48 8b 74 24 48 48 83 c4 30 5f
0x00007ffa74e38821:   c3 48 8b 07 48 8d 54 24 20 48 89 4c 24 28 48 8b
0x00007ffa74e38831:   cf 48 89 5c 24 20 ff 50 38 48 8b 5c 24 40 48 8b
0x00007ffa74e38841:   74 24 48 48 83 c4 30 5f c3 cc cc cc cc cc cc 48
0x00007ffa74e38851:   8b 49 38 48 8b 01 48 ff 60 28 cc cc cc cc cc 80
0x00007ffa74e38861:   3d 3a e7 93 00 00 48 8b c1 74 1b 8b 51 08 8b 0d
0x00007ffa74e38871:   e3 2e 8f 00 48 d3 e2 48 8b c8 48 03 15 ce 2e 8f
0x00007ffa74e38881:   00 e9 19 00 00 00 48 8b 51 08 48 8b c8 e9 0d 00
0x00007ffa74e38891:   00 00 cc cc cc cc cc cc cc cc cc cc cc cc cc 4c
0x00007ffa74e388a1:   8b ca 48 8b d1 45 8b 41 08 45 85 c0 7e 0e 41 f6
0x00007ffa74e388b1:   c0 01 75 56 41 c1 f8 03 41 8b c0 c3 79 4c 80 3d
0x00007ffa74e388c1:   db e6 93 00 00 b8 0c 00 00 00 b9 10 00 00 00 0f
0x00007ffa74e388d1:   45 c8 8b 05 9b 5e 8d 00 ff c8 4c 63 c8 48 63 14
0x00007ffa74e388e1:   11 41 8b c8 83 e1 3f 48 d3 e2 41 8b c8 48 c1 f9
0x00007ffa74e388f1:   10 0f b6 c1 49 8d 0c 11 49 f7 d1 48 03 c1 49 c1
0x00007ffa74e38901:   e9 03 48 c1 e8 03 41 23 c1 c3 49 8b 01 49 8b c9
0x00007ffa74e38911:   48 ff a0 10 01 00 00 cc cc cc cc cc cc cc cc 48
0x00007ffa74e38921:   8b c2 c3 cc cc cc cc cc cc cc cc cc cc cc cc 48
0x00007ffa74e38931:   83 ec 38 48 8b c1 48 8b 49 38 80 79 08 00 74 05
0x00007ffa74e38941:   90 48 8b 48 38 0f 10 02 48 8d 54 24 20 0f 29 44
0x00007ffa74e38951:   24 20 e8 28 f0 ff ff 48 83 c4 38 c3 cc cc cc 48
0x00007ffa74e38961:   83 ec 38 0f 10 02 48 8b 01 48 8d 54 24 20 0f 29
0x00007ffa74e38971:   44 24 20 ff 50 38 48 83 c4 38 c3 cc cc cc cc 48
0x00007ffa74e38981:   89 5c 24 08 55 56 57 41 54 41 55 41 56 41 57 48
0x00007ffa74e38991:   8d 6c 24 e0 48 81 ec 20 01 00 00 48 8b 05 85 b6
0x00007ffa74e389a1:   90 00 48 33 c4 48 89 45 10 48 8b 05 4f 53 93 00
0x00007ffa74e389b1:   45 33 ed 4c 8b b5 80 00 00 00 4c 8b fa 48 8b bd
0x00007ffa74e389c1:   88 00 00 00 4d 8b c6 49 8b d6 49 8b f1 48 8b 48
0x00007ffa74e389d1:   38 48 8b 59 48 49 8b cf c7 45 c0 ff ff ff ff 44
0x00007ffa74e389e1:   89 6d d4 4c 89 6d d8 44 88 6d e0 c7 45 e8 ff ff
0x00007ffa74e389f1:   ff ff 44 89 6d fc 4c 89 6d 00 44 88 6d 08 e8 7c
0x00007ffa74e38a01:   4d f5 ff 41 b1 01 4c 8d 45 e8 41 8d 55 04 49 8b 


Stack slot to memory mapping:
stack at sp + 0 slots: 0x00007ffa74fb438f jvm.dll
stack at sp + 1 slots: 0x00000000862f4a01 is pointing into object: java.lang.Long 
{0x00000000862f49f8} - klass: 'java/lang/Long'
stack at sp + 2 slots: 0x00000000862f4ac8 is an oop: [B 
{0x00000000862f4ac8} - klass: {type array byte}
 - length: 60
stack at sp + 3 slots: 0x00000284f1573a70 points into unknown readable memory: 0x00007ffa7556fe48 | 48 fe 56 75 fa 7f 00 00
stack at sp + 4 slots: 0x00000000000017a2 is an unknown value
stack at sp + 5 slots: 0x00000000000017a2 is an unknown value
stack at sp + 6 slots: 0x0000000084608cd5 is pointing into object: java.util.HashMap 
{0x0000000084608cb0} - klass: 'java/util/HashMap'
stack at sp + 7 slots: 0x0000000000000003 is an unknown value


---------------  P R O C E S S  ---------------

Threads class SMR info:
_java_thread_list=0x00000284f028b470, length=36, elements={
0x00000284d1df7000, 0x00000284eba05000, 0x00000284eba06800, 0x00000284eba25800,
0x00000284eba26800, 0x00000284eba27800, 0x00000284eba28800, 0x00000284eba2b800,
0x00000284ec3e4800, 0x00000284ec4f7800, 0x00000284eda40000, 0x00000284ed398000,
0x00000284ee3ab800, 0x00000284ee501000, 0x00000284eccd7000, 0x00000284eeb73000,
0x00000284edcae800, 0x00000284ed7f0800, 0x00000284f02ac000, 0x00000284ee772800,
0x00000284ef12c800, 0x00000284ee5b6800, 0x00000284ee5b4000, 0x00000284ee5b3000,
0x00000284ee5b5800, 0x00000284ee5b2800, 0x00000284ee5b0800, 0x00000284ee5b7000,
0x00000284ee5b1800, 0x00000284ee5b5000, 0x00000284f02e1000, 0x00000284f02de000,
0x00000284f02dc800, 0x00000284f02e3000, 0x00000284f02e2000, 0x00000284f02dd000
}

Java Threads: ( => current thread )
  0x00000284d1df7000 JavaThread "main" [_thread_blocked, id=8600, stack(0x000000a332a00000,0x000000a332b00000)]
  0x00000284eba05000 JavaThread "Reference Handler" daemon [_thread_blocked, id=4468, stack(0x000000a333100000,0x000000a333200000)]
  0x00000284eba06800 JavaThread "Finalizer" daemon [_thread_blocked, id=3172, stack(0x000000a333200000,0x000000a333300000)]
  0x00000284eba25800 JavaThread "Signal Dispatcher" daemon [_thread_blocked, id=4444, stack(0x000000a333300000,0x000000a333400000)]
  0x00000284eba26800 JavaThread "Attach Listener" daemon [_thread_blocked, id=7500, stack(0x000000a333400000,0x000000a333500000)]
  0x00000284eba27800 JavaThread "Service Thread" daemon [_thread_blocked, id=9436, stack(0x000000a333500000,0x000000a333600000)]
  0x00000284eba28800 JavaThread "C2 CompilerThread0" daemon [_thread_in_native, id=6728, stack(0x000000a333600000,0x000000a333700000)]
  0x00000284eba2b800 JavaThread "C1 CompilerThread0" daemon [_thread_blocked, id=2584, stack(0x000000a333700000,0x000000a333800000)]
  0x00000284ec3e4800 JavaThread "Sweeper thread" daemon [_thread_blocked, id=7712, stack(0x000000a333800000,0x000000a333900000)]
  0x00000284ec4f7800 JavaThread "Common-Cleaner" daemon [_thread_blocked, id=11648, stack(0x000000a333900000,0x000000a333a00000)]
  0x00000284eda40000 JavaThread "Daemon health stats" [_thread_blocked, id=9980, stack(0x000000a333e00000,0x000000a333f00000)]
  0x00000284ed398000 JavaThread "Incoming local TCP Connector on port 52604" [_thread_in_native, id=788, stack(0x000000a333b00000,0x000000a333c00000)]
  0x00000284ee3ab800 JavaThread "Daemon periodic checks" [_thread_blocked, id=2408, stack(0x000000a333f00000,0x000000a334000000)]
  0x00000284ee501000 JavaThread "Daemon" [_thread_blocked, id=8256, stack(0x000000a334000000,0x000000a334100000)]
  0x00000284eccd7000 JavaThread "Handler for socket connection from /127.0.0.1:52604 to /127.0.0.1:52605" [_thread_in_native, id=3352, stack(0x000000a334100000,0x000000a334200000)]
  0x00000284eeb73000 JavaThread "C2 CompilerThread1" daemon [_thread_blocked, id=12924, stack(0x000000a334200000,0x000000a334300000)]
  0x00000284edcae800 JavaThread "Cancel handler" [_thread_blocked, id=1156, stack(0x000000a334300000,0x000000a334400000)]
  0x00000284ed7f0800 JavaThread "Daemon worker" [_thread_blocked, id=4940, stack(0x000000a334400000,0x000000a334500000)]
  0x00000284f02ac000 JavaThread "Asynchronous log dispatcher for DefaultDaemonConnection: socket connection from /127.0.0.1:52604 to /127.0.0.1:52605" [_thread_blocked, id=11528, stack(0x000000a334500000,0x000000a334600000)]
  0x00000284ee772800 JavaThread "Stdin handler" [_thread_blocked, id=4988, stack(0x000000a334600000,0x000000a334700000)]
  0x00000284ef12c800 JavaThread "Daemon client event forwarder" [_thread_blocked, id=6072, stack(0x000000a334700000,0x000000a334800000)]
  0x00000284ee5b6800 JavaThread "Cache worker for journal cache (C:\Users\michi\.gradle\caches\journal-1)" [_thread_blocked, id=6744, stack(0x000000a334900000,0x000000a334a00000)]
  0x00000284ee5b4000 JavaThread "File lock request listener" [_thread_in_native, id=7944, stack(0x000000a334a00000,0x000000a334b00000)]
  0x00000284ee5b3000 JavaThread "Cache worker for file hash cache (C:\Users\michi\.gradle\caches\7.3.3\fileHashes)" [_thread_blocked, id=11172, stack(0x000000a334b00000,0x000000a334c00000)]
  0x00000284ee5b5800 JavaThread "Cache worker for file hash cache (D:\maZostac\algorytmynaiwne\.gradle\7.3.3\fileHashes)" [_thread_blocked, id=12476, stack(0x000000a334c00000,0x000000a334d00000)]
  0x00000284ee5b2800 JavaThread "File watcher server" daemon [_thread_in_native, id=10112, stack(0x000000a334d00000,0x000000a334e00000)]
  0x00000284ee5b0800 JavaThread "File watcher consumer" daemon [_thread_blocked, id=10456, stack(0x000000a334e00000,0x000000a334f00000)]
  0x00000284ee5b7000 JavaThread "jar transforms" [_thread_blocked, id=6120, stack(0x000000a334f00000,0x000000a335000000)]
  0x00000284ee5b1800 JavaThread "jar transforms Thread 2" [_thread_blocked, id=10724, stack(0x000000a335000000,0x000000a335100000)]
  0x00000284ee5b5000 JavaThread "jar transforms Thread 3" [_thread_blocked, id=11848, stack(0x000000a335100000,0x000000a335200000)]
  0x00000284f02e1000 JavaThread "jar transforms Thread 4" [_thread_blocked, id=8352, stack(0x000000a335200000,0x000000a335300000)]
  0x00000284f02de000 JavaThread "Cache worker for checksums cache (D:\maZostac\algorytmynaiwne\.gradle\7.3.3\checksums)" [_thread_blocked, id=9408, stack(0x000000a335300000,0x000000a335400000)]
  0x00000284f02dc800 JavaThread "Cache worker for cache directory md-supplier (C:\Users\michi\.gradle\caches\7.3.3\md-supplier)" [_thread_blocked, id=1448, stack(0x000000a335400000,0x000000a335500000)]
  0x00000284f02e3000 JavaThread "Cache worker for cache directory md-rule (C:\Users\michi\.gradle\caches\7.3.3\md-rule)" [_thread_blocked, id=8156, stack(0x000000a335500000,0x000000a335600000)]
  0x00000284f02e2000 JavaThread "Cache worker for execution history cache (C:\Users\michi\.gradle\caches\7.3.3\executionHistory)" [_thread_blocked, id=9372, stack(0x000000a335600000,0x000000a335700000)]
  0x00000284f02dd000 JavaThread "Cache worker for file content cache (C:\Users\michi\.gradle\caches\7.3.3\fileContent)" [_thread_blocked, id=1340, stack(0x000000a335700000,0x000000a335800000)]

Other Threads:
  0x00000284eba00000 VMThread "VM Thread" [stack: 0x000000a333000000,0x000000a333100000] [id=11024]
  0x00000284ec525000 WatcherThread [stack: 0x000000a333a00000,0x000000a333b00000] [id=7604]
  0x00000284d1e09000 GCTaskThread "GC Thread#0" [stack: 0x000000a332b00000,0x000000a332c00000] [id=8792]
  0x00000284ec6dc800 GCTaskThread "GC Thread#1" [stack: 0x000000a333c00000,0x000000a333d00000] [id=12260]
  0x00000284ecc40000 GCTaskThread "GC Thread#2" [stack: 0x000000a333d00000,0x000000a333e00000] [id=5588]
=>0x00000284ee630000 GCTaskThread "GC Thread#3" [stack: 0x000000a334800000,0x000000a334900000] [id=12136]
  0x00000284d1e39800 ConcurrentGCThread "G1 Main Marker" [stack: 0x000000a332c00000,0x000000a332d00000] [id=4428]
  0x00000284d1e3c000 ConcurrentGCThread "G1 Conc#0" [stack: 0x000000a332d00000,0x000000a332e00000] [id=12812]
  0x00000284eb850800 ConcurrentGCThread "G1 Refine#0" [stack: 0x000000a332e00000,0x000000a332f00000] [id=2912]
  0x00000284eb851000 ConcurrentGCThread "G1 Young RemSet Sampling" [stack: 0x000000a332f00000,0x000000a333000000] [id=2260]

Threads with active compile tasks:
C2 CompilerThread0    11437 4513       4       org.objectweb.asm.ClassReader::readCode (5109 bytes)
C2 CompilerThread1    11437 4522       4       org.objectweb.asm.ClassWriter::toByteArray (1535 bytes)

VM state:at safepoint (normal execution)

VM Mutex/Monitor currently owned by a thread:  ([mutex/lock_event])
[0x00000284d1df3cb0] Threads_lock - owner thread: 0x00000284eba00000
[0x00000284d1df3ef0] Heap_lock - owner thread: 0x00000284f02e1000

Heap address: 0x0000000080000000, size: 2048 MB, Compressed Oops mode: 32-bit
Narrow klass base: 0x0000000000000000, Narrow klass shift: 3
Compressed class space size: 1073741824 Address: 0x0000000100000000

Heap:
 garbage-first heap   total 187392K, used 159549K [0x0000000080000000, 0x0000000100000000)
  region size 1024K, 87 young (89088K), 7 survivors (7168K)
 Metaspace       used 44348K, capacity 45513K, committed 45724K, reserved 1089536K
  class space    used 5612K, capacity 6028K, committed 6144K, reserved 1048576K
Heap Regions: E=young(eden), S=young(survivor), O=old, HS=humongous(starts), HC=humongous(continues), CS=collection set, F=free, A=archive, TAMS=top-at-mark-start (previous, next)
|   0|0x0000000080000000, 0x0000000080100000, 0x0000000080100000|100%| O|  |TAMS 0x0000000080100000, 0x0000000080000000| Untracked 
|   1|0x0000000080100000, 0x0000000080200000, 0x0000000080200000|100%| O|  |TAMS 0x0000000080200000, 0x0000000080100000| Untracked 
|   2|0x0000000080200000, 0x0000000080300000, 0x0000000080300000|100%| O|  |TAMS 0x0000000080300000, 0x0000000080200000| Untracked 
|   3|0x0000000080300000, 0x0000000080400000, 0x0000000080400000|100%|HS|  |TAMS 0x0000000080400000, 0x0000000080300000| Complete 
|   4|0x0000000080400000, 0x0000000080500000, 0x0000000080500000|100%|HC|  |TAMS 0x0000000080500000, 0x0000000080400000| Complete 
|   5|0x0000000080500000, 0x0000000080600000, 0x0000000080600000|100%|HC|  |TAMS 0x0000000080600000, 0x0000000080500000| Complete 
|   6|0x0000000080600000, 0x0000000080700000, 0x0000000080700000|100%| O|  |TAMS 0x0000000080700000, 0x0000000080600000| Untracked 
|   7|0x0000000080700000, 0x0000000080800000, 0x0000000080800000|100%| O|  |TAMS 0x0000000080800000, 0x0000000080700000| Untracked 
|   8|0x0000000080800000, 0x0000000080900000, 0x0000000080900000|100%| O|  |TAMS 0x0000000080900000, 0x0000000080800000| Untracked 
|   9|0x0000000080900000, 0x0000000080a00000, 0x0000000080a00000|100%| O|  |TAMS 0x0000000080a00000, 0x0000000080900000| Untracked 
|  10|0x0000000080a00000, 0x0000000080b00000, 0x0000000080b00000|100%| O|  |TAMS 0x0000000080b00000, 0x0000000080a00000| Untracked 
|  11|0x0000000080b00000, 0x0000000080c00000, 0x0000000080c00000|100%| O|  |TAMS 0x0000000080c00000, 0x0000000080b00000| Untracked 
|  12|0x0000000080c00000, 0x0000000080d00000, 0x0000000080d00000|100%| O|  |TAMS 0x0000000080d00000, 0x0000000080c00000| Untracked 
|  13|0x0000000080d00000, 0x0000000080e00000, 0x0000000080e00000|100%| O|  |TAMS 0x0000000080e00000, 0x0000000080d00000| Untracked 
|  14|0x0000000080e00000, 0x0000000080f00000, 0x0000000080f00000|100%| O|  |TAMS 0x0000000080f00000, 0x0000000080e00000| Untracked 
|  15|0x0000000080f00000, 0x0000000081000000, 0x0000000081000000|100%|HS|  |TAMS 0x0000000081000000, 0x0000000080f00000| Complete 
|  16|0x0000000081000000, 0x0000000081100000, 0x0000000081100000|100%|HC|  |TAMS 0x0000000081100000, 0x0000000081000000| Complete 
|  17|0x0000000081100000, 0x0000000081200000, 0x0000000081200000|100%|HS|  |TAMS 0x0000000081200000, 0x0000000081100000| Complete 
|  18|0x0000000081200000, 0x0000000081300000, 0x0000000081300000|100%|HC|  |TAMS 0x0000000081300000, 0x0000000081200000| Complete 
|  19|0x0000000081300000, 0x0000000081400000, 0x0000000081400000|100%|HC|  |TAMS 0x0000000081400000, 0x0000000081300000| Complete 
|  20|0x0000000081400000, 0x0000000081500000, 0x0000000081500000|100%|HS|  |TAMS 0x0000000081500000, 0x0000000081400000| Complete 
|  21|0x0000000081500000, 0x0000000081600000, 0x0000000081600000|100%|HC|  |TAMS 0x0000000081600000, 0x0000000081500000| Complete 
|  22|0x0000000081600000, 0x0000000081700000, 0x0000000081700000|100%|HC|  |TAMS 0x0000000081700000, 0x0000000081600000| Complete 
|  23|0x0000000081700000, 0x0000000081800000, 0x0000000081800000|100%|HS|  |TAMS 0x0000000081800000, 0x0000000081700000| Complete 
|  24|0x0000000081800000, 0x0000000081900000, 0x0000000081900000|100%|HC|  |TAMS 0x0000000081900000, 0x0000000081800000| Complete 
|  25|0x0000000081900000, 0x0000000081a00000, 0x0000000081a00000|100%|HS|  |TAMS 0x0000000081a00000, 0x0000000081900000| Complete 
|  26|0x0000000081a00000, 0x0000000081b00000, 0x0000000081b00000|100%|HC|  |TAMS 0x0000000081b00000, 0x0000000081a00000| Complete 
|  27|0x0000000081b00000, 0x0000000081c00000, 0x0000000081c00000|100%|HC|  |TAMS 0x0000000081c00000, 0x0000000081b00000| Complete 
|  28|0x0000000081c00000, 0x0000000081d00000, 0x0000000081d00000|100%|HC|  |TAMS 0x0000000081d00000, 0x0000000081c00000| Complete 
|  29|0x0000000081d00000, 0x0000000081e00000, 0x0000000081e00000|100%|HC|  |TAMS 0x0000000081e00000, 0x0000000081d00000| Complete 
|  30|0x0000000081e00000, 0x0000000081f00000, 0x0000000081f00000|100%|HC|  |TAMS 0x0000000081f00000, 0x0000000081e00000| Complete 
|  31|0x0000000081f00000, 0x0000000082000000, 0x0000000082000000|100%|HC|  |TAMS 0x0000000082000000, 0x0000000081f00000| Complete 
|  32|0x0000000082000000, 0x0000000082100000, 0x0000000082100000|100%|HC|  |TAMS 0x0000000082100000, 0x0000000082000000| Complete 
|  33|0x0000000082100000, 0x0000000082200000, 0x0000000082200000|100%|HC|  |TAMS 0x0000000082200000, 0x0000000082100000| Complete 
|  34|0x0000000082200000, 0x0000000082300000, 0x0000000082300000|100%|HC|  |TAMS 0x0000000082300000, 0x0000000082200000| Complete 
|  35|0x0000000082300000, 0x0000000082400000, 0x0000000082400000|100%|HS|  |TAMS 0x0000000082400000, 0x0000000082300000| Complete 
|  36|0x0000000082400000, 0x0000000082500000, 0x0000000082500000|100%|HC|  |TAMS 0x0000000082500000, 0x0000000082400000| Complete 
|  37|0x0000000082500000, 0x0000000082600000, 0x0000000082600000|100%|HS|  |TAMS 0x0000000082600000, 0x0000000082500000| Complete 
|  38|0x0000000082600000, 0x0000000082700000, 0x0000000082700000|100%|HC|  |TAMS 0x0000000082700000, 0x0000000082600000| Complete 
|  39|0x0000000082700000, 0x0000000082800000, 0x0000000082800000|100%|HC|  |TAMS 0x0000000082800000, 0x0000000082700000| Complete 
|  40|0x0000000082800000, 0x0000000082900000, 0x0000000082900000|100%|HC|  |TAMS 0x0000000082900000, 0x0000000082800000| Complete 
|  41|0x0000000082900000, 0x0000000082a00000, 0x0000000082a00000|100%|HC|  |TAMS 0x0000000082a00000, 0x0000000082900000| Complete 
|  42|0x0000000082a00000, 0x0000000082b00000, 0x0000000082b00000|100%| O|  |TAMS 0x0000000082b00000, 0x0000000082a00000| Untracked 
|  43|0x0000000082b00000, 0x0000000082c00000, 0x0000000082c00000|100%| O|  |TAMS 0x0000000082c00000, 0x0000000082b00000| Untracked 
|  44|0x0000000082c00000, 0x0000000082d00000, 0x0000000082d00000|100%| O|  |TAMS 0x0000000082d00000, 0x0000000082c00000| Untracked 
|  45|0x0000000082d00000, 0x0000000082e00000, 0x0000000082e00000|100%| O|  |TAMS 0x0000000082e00000, 0x0000000082d00000| Untracked 
|  46|0x0000000082e00000, 0x0000000082f00000, 0x0000000082f00000|100%| O|  |TAMS 0x0000000082f00000, 0x0000000082e00000| Untracked 
|  47|0x0000000082f00000, 0x0000000083000000, 0x0000000083000000|100%|HS|  |TAMS 0x0000000082f00000, 0x0000000082f00000| Complete 
|  48|0x0000000083000000, 0x0000000083100000, 0x0000000083100000|100%|HC|  |TAMS 0x0000000083000000, 0x0000000083000000| Complete 
|  49|0x0000000083100000, 0x0000000083200000, 0x0000000083200000|100%| O|  |TAMS 0x0000000083200000, 0x0000000083100000| Untracked 
|  50|0x0000000083200000, 0x0000000083300000, 0x0000000083300000|100%| O|  |TAMS 0x0000000083300000, 0x0000000083200000| Untracked 
|  51|0x0000000083300000, 0x0000000083400000, 0x0000000083400000|100%| O|  |TAMS 0x0000000083400000, 0x0000000083300000| Untracked 
|  52|0x0000000083400000, 0x0000000083500000, 0x0000000083500000|100%| O|  |TAMS 0x0000000083500000, 0x0000000083400000| Untracked 
|  53|0x0000000083500000, 0x0000000083600000, 0x0000000083600000|100%| O|  |TAMS 0x0000000083600000, 0x0000000083500000| Untracked 
|  54|0x0000000083600000, 0x0000000083700000, 0x0000000083700000|100%| O|  |TAMS 0x0000000083700000, 0x0000000083600000| Untracked 
|  55|0x0000000083700000, 0x0000000083800000, 0x0000000083800000|100%|HS|  |TAMS 0x0000000083700000, 0x0000000083700000| Complete 
|  56|0x0000000083800000, 0x0000000083900000, 0x0000000083900000|100%|HC|  |TAMS 0x0000000083800000, 0x0000000083800000| Complete 
|  57|0x0000000083900000, 0x0000000083a00000, 0x0000000083a00000|100%|HC|  |TAMS 0x0000000083900000, 0x0000000083900000| Complete 
|  58|0x0000000083a00000, 0x0000000083b00000, 0x0000000083b00000|100%|HC|  |TAMS 0x0000000083a00000, 0x0000000083a00000| Complete 
|  59|0x0000000083b00000, 0x0000000083c00000, 0x0000000083c00000|100%|HC|  |TAMS 0x0000000083b00000, 0x0000000083b00000| Complete 
|  60|0x0000000083c00000, 0x0000000083d00000, 0x0000000083d00000|100%|HC|  |TAMS 0x0000000083c00000, 0x0000000083c00000| Complete 
|  61|0x0000000083d00000, 0x0000000083e00000, 0x0000000083e00000|100%|HC|  |TAMS 0x0000000083d00000, 0x0000000083d00000| Complete 
|  62|0x0000000083e00000, 0x0000000083f00000, 0x0000000083f00000|100%|HC|  |TAMS 0x0000000083e00000, 0x0000000083e00000| Complete 
|  63|0x0000000083f00000, 0x0000000084000000, 0x0000000084000000|100%|HC|  |TAMS 0x0000000083f00000, 0x0000000083f00000| Complete 
|  64|0x0000000084000000, 0x0000000084100000, 0x0000000084100000|100%|HC|  |TAMS 0x0000000084000000, 0x0000000084000000| Complete 
|  65|0x0000000084100000, 0x0000000084200000, 0x0000000084200000|100%| O|  |TAMS 0x0000000084200000, 0x0000000084100000| Untracked 
|  66|0x0000000084200000, 0x0000000084300000, 0x0000000084300000|100%| O|  |TAMS 0x0000000084300000, 0x0000000084200000| Untracked 
|  67|0x0000000084300000, 0x0000000084400000, 0x0000000084400000|100%| O|  |TAMS 0x0000000084400000, 0x0000000084300000| Untracked 
|  68|0x0000000084400000, 0x0000000084500000, 0x0000000084500000|100%| O|  |TAMS 0x0000000084500000, 0x0000000084400000| Untracked 
|  69|0x0000000084500000, 0x0000000084600000, 0x0000000084600000|100%| O|  |TAMS 0x000000008454cc00, 0x0000000084500000| Untracked 
|  70|0x0000000084600000, 0x000000008460a0e0, 0x0000000084700000|  3%| O|  |TAMS 0x0000000084600000, 0x0000000084600000| Untracked 
|  71|0x0000000084700000, 0x0000000084700000, 0x0000000084800000|  0%| F|  |TAMS 0x0000000084700000, 0x0000000084700000| Untracked 
|  72|0x0000000084800000, 0x0000000084800000, 0x0000000084900000|  0%| F|  |TAMS 0x0000000084800000, 0x0000000084800000| Untracked 
|  73|0x0000000084900000, 0x0000000084900000, 0x0000000084a00000|  0%| F|  |TAMS 0x0000000084900000, 0x0000000084900000| Untracked 
|  74|0x0000000084a00000, 0x0000000084a00000, 0x0000000084b00000|  0%| F|  |TAMS 0x0000000084a00000, 0x0000000084a00000| Untracked 
|  75|0x0000000084b00000, 0x0000000084b00000, 0x0000000084c00000|  0%| F|  |TAMS 0x0000000084b00000, 0x0000000084b00000| Untracked 
|  76|0x0000000084c00000, 0x0000000084c00000, 0x0000000084d00000|  0%| F|  |TAMS 0x0000000084c00000, 0x0000000084c00000| Untracked 
|  77|0x0000000084d00000, 0x0000000084d00000, 0x0000000084e00000|  0%| F|  |TAMS 0x0000000084d00000, 0x0000000084d00000| Untracked 
|  78|0x0000000084e00000, 0x0000000084e00000, 0x0000000084f00000|  0%| F|  |TAMS 0x0000000084e00000, 0x0000000084e00000| Untracked 
|  79|0x0000000084f00000, 0x0000000084f00000, 0x0000000085000000|  0%| F|  |TAMS 0x0000000084f00000, 0x0000000084f00000| Untracked 
|  80|0x0000000085000000, 0x0000000085000000, 0x0000000085100000|  0%| F|  |TAMS 0x0000000085000000, 0x0000000085000000| Untracked 
|  81|0x0000000085100000, 0x0000000085100000, 0x0000000085200000|  0%| F|  |TAMS 0x0000000085100000, 0x0000000085100000| Untracked 
|  82|0x0000000085200000, 0x0000000085200000, 0x0000000085300000|  0%| F|  |TAMS 0x0000000085200000, 0x0000000085200000| Untracked 
|  83|0x0000000085300000, 0x0000000085300000, 0x0000000085400000|  0%| F|  |TAMS 0x0000000085300000, 0x0000000085300000| Untracked 
|  84|0x0000000085400000, 0x0000000085400000, 0x0000000085500000|  0%| F|  |TAMS 0x0000000085400000, 0x0000000085400000| Untracked 
|  85|0x0000000085500000, 0x0000000085500000, 0x0000000085600000|  0%| F|  |TAMS 0x0000000085500000, 0x0000000085500000| Untracked 
|  86|0x0000000085600000, 0x0000000085600000, 0x0000000085700000|  0%| F|  |TAMS 0x0000000085600000, 0x0000000085600000| Untracked 
|  87|0x0000000085700000, 0x0000000085700000, 0x0000000085800000|  0%| F|  |TAMS 0x0000000085700000, 0x0000000085700000| Untracked 
|  88|0x0000000085800000, 0x0000000085800000, 0x0000000085900000|  0%| F|  |TAMS 0x0000000085800000, 0x0000000085800000| Untracked 
|  89|0x0000000085900000, 0x0000000085949438, 0x0000000085a00000| 28%| S|  |TAMS 0x0000000085900000, 0x0000000085900000| Complete 
|  90|0x0000000085a00000, 0x0000000085a82a50, 0x0000000085b00000| 51%| E|CS|TAMS 0x0000000085a00000, 0x0000000085a00000| Complete 
|  91|0x0000000085b00000, 0x0000000085c00000, 0x0000000085c00000|100%| E|CS|TAMS 0x0000000085b00000, 0x0000000085b00000| Complete 
|  92|0x0000000085c00000, 0x0000000085d00000, 0x0000000085d00000|100%| S|  |TAMS 0x0000000085c00000, 0x0000000085c00000| Complete 
|  93|0x0000000085d00000, 0x0000000085e00000, 0x0000000085e00000|100%| S|  |TAMS 0x0000000085d00000, 0x0000000085d00000| Complete 
|  94|0x0000000085e00000, 0x0000000085f00000, 0x0000000085f00000|100%| E|CS|TAMS 0x0000000085e00000, 0x0000000085e00000| Complete 
|  95|0x0000000085f00000, 0x0000000086000000, 0x0000000086000000|100%| S|  |TAMS 0x0000000085f00000, 0x0000000085f00000| Complete 
|  96|0x0000000086000000, 0x0000000086100000, 0x0000000086100000|100%| E|CS|TAMS 0x0000000086000000, 0x0000000086000000| Complete 
|  97|0x0000000086100000, 0x0000000086200000, 0x0000000086200000|100%| E|CS|TAMS 0x0000000086100000, 0x0000000086100000| Complete 
|  98|0x0000000086200000, 0x0000000086300000, 0x0000000086300000|100%| S|  |TAMS 0x0000000086200000, 0x0000000086200000| Complete 
|  99|0x0000000086300000, 0x0000000086400000, 0x0000000086400000|100%| S|  |TAMS 0x0000000086300000, 0x0000000086300000| Complete 
| 100|0x0000000086400000, 0x0000000086500000, 0x0000000086500000|100%| E|CS|TAMS 0x0000000086400000, 0x0000000086400000| Complete 
| 101|0x0000000086500000, 0x0000000086600000, 0x0000000086600000|100%| E|CS|TAMS 0x0000000086500000, 0x0000000086500000| Complete 
| 102|0x0000000086600000, 0x0000000086700000, 0x0000000086700000|100%| S|  |TAMS 0x0000000086600000, 0x0000000086600000| Complete 
| 103|0x0000000086700000, 0x0000000086800000, 0x0000000086800000|100%| E|CS|TAMS 0x0000000086700000, 0x0000000086700000| Complete 
| 104|0x0000000086800000, 0x0000000086900000, 0x0000000086900000|100%| E|CS|TAMS 0x0000000086800000, 0x0000000086800000| Complete 
| 105|0x0000000086900000, 0x0000000086a00000, 0x0000000086a00000|100%| E|CS|TAMS 0x0000000086900000, 0x0000000086900000| Complete 
| 106|0x0000000086a00000, 0x0000000086b00000, 0x0000000086b00000|100%| E|CS|TAMS 0x0000000086a00000, 0x0000000086a00000| Complete 
| 107|0x0000000086b00000, 0x0000000086c00000, 0x0000000086c00000|100%| E|CS|TAMS 0x0000000086b00000, 0x0000000086b00000| Complete 
| 108|0x0000000086c00000, 0x0000000086d00000, 0x0000000086d00000|100%| E|CS|TAMS 0x0000000086c00000, 0x0000000086c00000| Complete 
| 109|0x0000000086d00000, 0x0000000086e00000, 0x0000000086e00000|100%| E|CS|TAMS 0x0000000086d00000, 0x0000000086d00000| Complete 
| 110|0x0000000086e00000, 0x0000000086f00000, 0x0000000086f00000|100%| E|CS|TAMS 0x0000000086e00000, 0x0000000086e00000| Complete 
| 111|0x0000000086f00000, 0x0000000087000000, 0x0000000087000000|100%| E|CS|TAMS 0x0000000086f00000, 0x0000000086f00000| Complete 
| 112|0x0000000087000000, 0x0000000087100000, 0x0000000087100000|100%| E|CS|TAMS 0x0000000087000000, 0x0000000087000000| Complete 
| 113|0x0000000087100000, 0x0000000087200000, 0x0000000087200000|100%| E|CS|TAMS 0x0000000087100000, 0x0000000087100000| Complete 
| 114|0x0000000087200000, 0x0000000087300000, 0x0000000087300000|100%| E|CS|TAMS 0x0000000087200000, 0x0000000087200000| Complete 
| 115|0x0000000087300000, 0x0000000087400000, 0x0000000087400000|100%| E|CS|TAMS 0x0000000087300000, 0x0000000087300000| Complete 
| 116|0x0000000087400000, 0x0000000087500000, 0x0000000087500000|100%| E|CS|TAMS 0x0000000087400000, 0x0000000087400000| Complete 
| 117|0x0000000087500000, 0x0000000087600000, 0x0000000087600000|100%| E|CS|TAMS 0x0000000087500000, 0x0000000087500000| Complete 
| 118|0x0000000087600000, 0x0000000087700000, 0x0000000087700000|100%| E|CS|TAMS 0x0000000087600000, 0x0000000087600000| Complete 
| 119|0x0000000087700000, 0x0000000087800000, 0x0000000087800000|100%| E|CS|TAMS 0x0000000087700000, 0x0000000087700000| Complete 
| 120|0x0000000087800000, 0x0000000087900000, 0x0000000087900000|100%| E|CS|TAMS 0x0000000087800000, 0x0000000087800000| Complete 
| 121|0x0000000087900000, 0x0000000087a00000, 0x0000000087a00000|100%| E|CS|TAMS 0x0000000087900000, 0x0000000087900000| Complete 
| 122|0x0000000087a00000, 0x0000000087b00000, 0x0000000087b00000|100%| E|CS|TAMS 0x0000000087a00000, 0x0000000087a00000| Complete 
| 123|0x0000000087b00000, 0x0000000087c00000, 0x0000000087c00000|100%| E|CS|TAMS 0x0000000087b00000, 0x0000000087b00000| Complete 
| 124|0x0000000087c00000, 0x0000000087d00000, 0x0000000087d00000|100%| E|CS|TAMS 0x0000000087c00000, 0x0000000087c00000| Complete 
| 125|0x0000000087d00000, 0x0000000087e00000, 0x0000000087e00000|100%| E|CS|TAMS 0x0000000087d00000, 0x0000000087d00000| Complete 
| 126|0x0000000087e00000, 0x0000000087f00000, 0x0000000087f00000|100%| E|CS|TAMS 0x0000000087e00000, 0x0000000087e00000| Complete 
| 127|0x0000000087f00000, 0x0000000088000000, 0x0000000088000000|100%| E|CS|TAMS 0x0000000087f00000, 0x0000000087f00000| Complete 
| 128|0x0000000088000000, 0x0000000088100000, 0x0000000088100000|100%| E|CS|TAMS 0x0000000088000000, 0x0000000088000000| Complete 
| 129|0x0000000088100000, 0x0000000088200000, 0x0000000088200000|100%| E|CS|TAMS 0x0000000088100000, 0x0000000088100000| Complete 
| 130|0x0000000088200000, 0x0000000088300000, 0x0000000088300000|100%| E|CS|TAMS 0x0000000088200000, 0x0000000088200000| Complete 
| 131|0x0000000088300000, 0x0000000088400000, 0x0000000088400000|100%| E|CS|TAMS 0x0000000088300000, 0x0000000088300000| Complete 
| 132|0x0000000088400000, 0x0000000088500000, 0x0000000088500000|100%| E|CS|TAMS 0x0000000088400000, 0x0000000088400000| Complete 
| 133|0x0000000088500000, 0x0000000088600000, 0x0000000088600000|100%| E|CS|TAMS 0x0000000088500000, 0x0000000088500000| Complete 
| 134|0x0000000088600000, 0x0000000088700000, 0x0000000088700000|100%| E|CS|TAMS 0x0000000088600000, 0x0000000088600000| Complete 
| 135|0x0000000088700000, 0x0000000088800000, 0x0000000088800000|100%| E|CS|TAMS 0x0000000088700000, 0x0000000088700000| Complete 
| 136|0x0000000088800000, 0x0000000088900000, 0x0000000088900000|100%| E|CS|TAMS 0x0000000088800000, 0x0000000088800000| Complete 
| 137|0x0000000088900000, 0x0000000088a00000, 0x0000000088a00000|100%| E|CS|TAMS 0x0000000088900000, 0x0000000088900000| Complete 
| 138|0x0000000088a00000, 0x0000000088b00000, 0x0000000088b00000|100%| E|CS|TAMS 0x0000000088a00000, 0x0000000088a00000| Complete 
| 139|0x0000000088b00000, 0x0000000088c00000, 0x0000000088c00000|100%| E|CS|TAMS 0x0000000088b00000, 0x0000000088b00000| Complete 
| 140|0x0000000088c00000, 0x0000000088d00000, 0x0000000088d00000|100%| E|CS|TAMS 0x0000000088c00000, 0x0000000088c00000| Complete 
| 141|0x0000000088d00000, 0x0000000088e00000, 0x0000000088e00000|100%| E|CS|TAMS 0x0000000088d00000, 0x0000000088d00000| Complete 
| 142|0x0000000088e00000, 0x0000000088f00000, 0x0000000088f00000|100%| E|CS|TAMS 0x0000000088e00000, 0x0000000088e00000| Complete 
| 143|0x0000000088f00000, 0x0000000089000000, 0x0000000089000000|100%| E|CS|TAMS 0x0000000088f00000, 0x0000000088f00000| Complete 
| 144|0x0000000089000000, 0x0000000089100000, 0x0000000089100000|100%| E|CS|TAMS 0x0000000089000000, 0x0000000089000000| Complete 
| 145|0x0000000089100000, 0x0000000089200000, 0x0000000089200000|100%| E|CS|TAMS 0x0000000089100000, 0x0000000089100000| Complete 
| 146|0x0000000089200000, 0x0000000089300000, 0x0000000089300000|100%| E|CS|TAMS 0x0000000089200000, 0x0000000089200000| Complete 
| 147|0x0000000089300000, 0x0000000089400000, 0x0000000089400000|100%| E|CS|TAMS 0x0000000089300000, 0x0000000089300000| Complete 
| 148|0x0000000089400000, 0x0000000089500000, 0x0000000089500000|100%| E|CS|TAMS 0x0000000089400000, 0x0000000089400000| Complete 
| 149|0x0000000089500000, 0x0000000089600000, 0x0000000089600000|100%| E|CS|TAMS 0x0000000089500000, 0x0000000089500000| Complete 
| 150|0x0000000089600000, 0x0000000089700000, 0x0000000089700000|100%| E|CS|TAMS 0x0000000089600000, 0x0000000089600000| Complete 
| 151|0x0000000089700000, 0x0000000089800000, 0x0000000089800000|100%| E|CS|TAMS 0x0000000089700000, 0x0000000089700000| Complete 
| 152|0x0000000089800000, 0x0000000089900000, 0x0000000089900000|100%| E|CS|TAMS 0x0000000089800000, 0x0000000089800000| Complete 
| 153|0x0000000089900000, 0x0000000089a00000, 0x0000000089a00000|100%| E|CS|TAMS 0x0000000089900000, 0x0000000089900000| Complete 
| 154|0x0000000089a00000, 0x0000000089b00000, 0x0000000089b00000|100%| E|CS|TAMS 0x0000000089a00000, 0x0000000089a00000| Complete 
| 155|0x0000000089b00000, 0x0000000089c00000, 0x0000000089c00000|100%| E|CS|TAMS 0x0000000089b00000, 0x0000000089b00000| Complete 
| 156|0x0000000089c00000, 0x0000000089d00000, 0x0000000089d00000|100%| E|CS|TAMS 0x0000000089c00000, 0x0000000089c00000| Complete 
| 157|0x0000000089d00000, 0x0000000089e00000, 0x0000000089e00000|100%| E|CS|TAMS 0x0000000089d00000, 0x0000000089d00000| Complete 
| 158|0x0000000089e00000, 0x0000000089f00000, 0x0000000089f00000|100%| E|CS|TAMS 0x0000000089e00000, 0x0000000089e00000| Complete 
| 159|0x0000000089f00000, 0x000000008a000000, 0x000000008a000000|100%| E|CS|TAMS 0x0000000089f00000, 0x0000000089f00000| Complete 
| 160|0x000000008a000000, 0x000000008a100000, 0x000000008a100000|100%| E|CS|TAMS 0x000000008a000000, 0x000000008a000000| Complete 
| 161|0x000000008a100000, 0x000000008a200000, 0x000000008a200000|100%| E|CS|TAMS 0x000000008a100000, 0x000000008a100000| Complete 
| 162|0x000000008a200000, 0x000000008a300000, 0x000000008a300000|100%| E|CS|TAMS 0x000000008a200000, 0x000000008a200000| Complete 
| 163|0x000000008a300000, 0x000000008a400000, 0x000000008a400000|100%| E|CS|TAMS 0x000000008a300000, 0x000000008a300000| Complete 
| 164|0x000000008a400000, 0x000000008a500000, 0x000000008a500000|100%| E|CS|TAMS 0x000000008a400000, 0x000000008a400000| Complete 
| 165|0x000000008a500000, 0x000000008a600000, 0x000000008a600000|100%| E|CS|TAMS 0x000000008a500000, 0x000000008a500000| Complete 
| 166|0x000000008a600000, 0x000000008a700000, 0x000000008a700000|100%| E|CS|TAMS 0x000000008a600000, 0x000000008a600000| Complete 
| 167|0x000000008a700000, 0x000000008a800000, 0x000000008a800000|100%| E|CS|TAMS 0x000000008a700000, 0x000000008a700000| Complete 
| 168|0x000000008a800000, 0x000000008a900000, 0x000000008a900000|100%| E|CS|TAMS 0x000000008a800000, 0x000000008a800000| Complete 
| 169|0x000000008a900000, 0x000000008aa00000, 0x000000008aa00000|100%| E|CS|TAMS 0x000000008a900000, 0x000000008a900000| Complete 
| 170|0x000000008aa00000, 0x000000008ab00000, 0x000000008ab00000|100%| E|CS|TAMS 0x000000008aa00000, 0x000000008aa00000| Complete 
| 171|0x000000008ab00000, 0x000000008ac00000, 0x000000008ac00000|100%| E|CS|TAMS 0x000000008ab00000, 0x000000008ab00000| Complete 
| 172|0x000000008ac00000, 0x000000008ad00000, 0x000000008ad00000|100%| E|CS|TAMS 0x000000008ac00000, 0x000000008ac00000| Complete 
| 173|0x000000008ad00000, 0x000000008ae00000, 0x000000008ae00000|100%| E|CS|TAMS 0x000000008ad00000, 0x000000008ad00000| Complete 
| 174|0x000000008ae00000, 0x000000008af00000, 0x000000008af00000|100%| E|CS|TAMS 0x000000008ae00000, 0x000000008ae00000| Complete 
| 175|0x000000008af00000, 0x000000008b000000, 0x000000008b000000|100%| E|CS|TAMS 0x000000008af00000, 0x000000008af00000| Complete 
| 176|0x000000008b000000, 0x000000008b100000, 0x000000008b100000|100%| E|CS|TAMS 0x000000008b000000, 0x000000008b000000| Complete 
| 177|0x000000008b100000, 0x000000008b200000, 0x000000008b200000|100%| E|CS|TAMS 0x000000008b100000, 0x000000008b100000| Complete 
| 178|0x000000008b200000, 0x000000008b300000, 0x000000008b300000|100%| E|CS|TAMS 0x000000008b200000, 0x000000008b200000| Complete 
| 179|0x000000008b300000, 0x000000008b400000, 0x000000008b400000|100%| E|CS|TAMS 0x000000008b300000, 0x000000008b300000| Complete 
| 180|0x000000008b400000, 0x000000008b500000, 0x000000008b500000|100%| E|CS|TAMS 0x000000008b400000, 0x000000008b400000| Complete 
| 181|0x000000008b500000, 0x000000008b600000, 0x000000008b600000|100%| E|CS|TAMS 0x000000008b500000, 0x000000008b500000| Complete 
| 182|0x000000008b600000, 0x000000008b700000, 0x000000008b700000|100%| E|CS|TAMS 0x000000008b600000, 0x000000008b600000| Complete 

Card table byte_map: [0x00000284e4d10000,0x00000284e5110000] _byte_map_base: 0x00000284e4910000

Marking Bits (Prev, Next): (CMBitMap*) 0x00000284d1e30868, (CMBitMap*) 0x00000284d1e308a0
 Prev Bits: [0x00000284e5510000, 0x00000284e7510000)
 Next Bits: [0x00000284e7510000, 0x00000284e9510000)

Polling page: 0x00000284cfc30000

Metaspace:

Usage:
  Non-class:     38.56 MB capacity,    37.83 MB ( 98%) used,   636.64 KB (  2%) free+waste,   111.88 KB ( <1%) overhead. 
      Class:      5.89 MB capacity,     5.48 MB ( 93%) used,   362.05 KB (  6%) free+waste,    53.88 KB ( <1%) overhead. 
       Both:     44.45 MB capacity,    43.31 MB ( 97%) used,   998.70 KB (  2%) free+waste,   165.75 KB ( <1%) overhead. 

Virtual space:
  Non-class space:       40.00 MB reserved,      38.65 MB ( 97%) committed 
      Class space:        1.00 GB reserved,       6.00 MB ( <1%) committed 
             Both:        1.04 GB reserved,      44.65 MB (  4%) committed 

Chunk freelists:
   Non-Class:  31.00 KB
       Class:  4.00 KB
        Both:  35.00 KB

MaxMetaspaceSize: 17179869184.00 GB
CompressedClassSpaceSize: 1.00 GB
Initial GC threshold: 20.80 MB
Current GC threshold: 74.00 MB
CDS: off

CodeHeap 'non-profiled nmethods': size=120064Kb used=3547Kb max_used=3547Kb free=116516Kb
 bounds [0x00000284dd3d0000, 0x00000284dd750000, 0x00000284e4910000]
CodeHeap 'profiled nmethods': size=120000Kb used=10374Kb max_used=10374Kb free=109625Kb
 bounds [0x00000284d5ea0000, 0x00000284d68d0000, 0x00000284dd3d0000]
CodeHeap 'non-nmethods': size=5696Kb used=2323Kb max_used=2354Kb free=3372Kb
 bounds [0x00000284d5910000, 0x00000284d5b80000, 0x00000284d5ea0000]
 total_blobs=5281 nmethods=4500 adapters=691
 compilation: enabled
              stopped_count=0, restarted_count=0
 full_count=0

Compilation events (20 events):
Event: 10.908 Thread 0x00000284eeb73000 nmethod 4488 0x00000284dd735d10 code [0x00000284dd735ea0, 0x00000284dd736378]
Event: 10.908 Thread 0x00000284eeb73000 4489       4       java.util.LinkedList::add (7 bytes)
Event: 10.909 Thread 0x00000284eba2b800 4516       2       org.objectweb.asm.MethodWriter::visitLocalVariable (222 bytes)
Event: 10.910 Thread 0x00000284eba2b800 nmethod 4516 0x00000284d68c0110 code [0x00000284d68c03c0, 0x00000284d68c0d58]
Event: 10.914 Thread 0x00000284eeb73000 nmethod 4489 0x00000284dd736410 code [0x00000284dd7365a0, 0x00000284dd736a98]
Event: 10.914 Thread 0x00000284eeb73000 4515       4       org.apache.tools.zip.ZipEntry::getExtraField (55 bytes)
Event: 10.914 Thread 0x00000284eeb73000 nmethod 4515 0x00000284dd736b90 code [0x00000284dd736d20, 0x00000284dd736d98]
Event: 10.914 Thread 0x00000284eeb73000 4503       4       org.objectweb.asm.MethodVisitor::visitLdcInsn (87 bytes)
Event: 10.919 Thread 0x00000284eeb73000 nmethod 4503 0x00000284dd736e90 code [0x00000284dd737100, 0x00000284dd7374e0]
Event: 10.920 Thread 0x00000284eeb73000 4495       4       org.gradle.internal.classpath.InstrumentingBackwardsCompatibilityVisitor::visitMethod (39 bytes)
Event: 10.926 Thread 0x00000284eeb73000 nmethod 4495 0x00000284dd737a90 code [0x00000284dd737c60, 0x00000284dd738198]
Event: 10.927 Thread 0x00000284eeb73000 4502       4       org.objectweb.asm.MethodWriter::hasFrames (13 bytes)
Event: 10.927 Thread 0x00000284eeb73000 nmethod 4502 0x00000284dd738410 code [0x00000284dd7385a0, 0x00000284dd738618]
Event: 10.927 Thread 0x00000284eeb73000 4505       4       org.objectweb.asm.ClassReader::readConst (276 bytes)
Event: 10.947 Thread 0x00000284eeb73000 nmethod 4505 0x00000284dd738710 code [0x00000284dd738980, 0x00000284dd739710]
Event: 10.947 Thread 0x00000284eeb73000 4518       4       org.objectweb.asm.ClassReader::accept (1404 bytes)
Event: 11.166 Thread 0x00000284eba2b800 4525       2       org.objectweb.asm.MethodWriter::visitAnnotationDefault (29 bytes)
Event: 11.167 Thread 0x00000284eba2b800 nmethod 4525 0x00000284d68c1410 code [0x00000284d68c15e0, 0x00000284d68c1928]
Event: 11.173 Thread 0x00000284eeb73000 nmethod 4518 0x00000284dd73a290 code [0x00000284dd73a7a0, 0x00000284dd742248]
Event: 11.174 Thread 0x00000284eeb73000 4522       4       org.objectweb.asm.ClassWriter::toByteArray (1535 bytes)

GC Heap History (20 events):
Event: 8.158 GC heap after
{Heap after GC invocations=15 (full 0):
 garbage-first heap   total 187392K, used 72460K [0x0000000080000000, 0x0000000100000000)
  region size 1024K, 2 young (2048K), 2 survivors (2048K)
 Metaspace       used 44335K, capacity 45513K, committed 45724K, reserved 1089536K
  class space    used 5612K, capacity 6028K, committed 6144K, reserved 1048576K
}
Event: 8.611 GC heap before
{Heap before GC invocations=15 (full 0):
 garbage-first heap   total 187392K, used 148236K [0x0000000080000000, 0x0000000100000000)
  region size 1024K, 76 young (77824K), 2 survivors (2048K)
 Metaspace       used 44341K, capacity 45513K, committed 45724K, reserved 1089536K
  class space    used 5612K, capacity 6028K, committed 6144K, reserved 1048576K
}
Event: 8.614 GC heap after
{Heap after GC invocations=16 (full 0):
 garbage-first heap   total 187392K, used 72906K [0x0000000080000000, 0x0000000100000000)
  region size 1024K, 2 young (2048K), 2 survivors (2048K)
 Metaspace       used 44341K, capacity 45513K, committed 45724K, reserved 1089536K
  class space    used 5612K, capacity 6028K, committed 6144K, reserved 1048576K
}
Event: 8.923 GC heap before
{Heap before GC invocations=16 (full 0):
 garbage-first heap   total 187392K, used 150730K [0x0000000080000000, 0x0000000100000000)
  region size 1024K, 78 young (79872K), 2 survivors (2048K)
 Metaspace       used 44342K, capacity 45513K, committed 45724K, reserved 1089536K
  class space    used 5612K, capacity 6028K, committed 6144K, reserved 1048576K
}
Event: 8.926 GC heap after
{Heap after GC invocations=17 (full 0):
 garbage-first heap   total 187392K, used 73392K [0x0000000080000000, 0x0000000100000000)
  region size 1024K, 3 young (3072K), 3 survivors (3072K)
 Metaspace       used 44342K, capacity 45513K, committed 45724K, reserved 1089536K
  class space    used 5612K, capacity 6028K, committed 6144K, reserved 1048576K
}
Event: 9.208 GC heap before
{Heap before GC invocations=17 (full 0):
 garbage-first heap   total 187392K, used 152240K [0x0000000080000000, 0x0000000100000000)
  region size 1024K, 80 young (81920K), 3 survivors (3072K)
 Metaspace       used 44343K, capacity 45513K, committed 45724K, reserved 1089536K
  class space    used 5612K, capacity 6028K, committed 6144K, reserved 1048576K
}
Event: 9.210 GC heap after
{Heap after GC invocations=18 (full 0):
 garbage-first heap   total 187392K, used 73978K [0x0000000080000000, 0x0000000100000000)
  region size 1024K, 3 young (3072K), 3 survivors (3072K)
 Metaspace       used 44343K, capacity 45513K, committed 45724K, reserved 1089536K
  class space    used 5612K, capacity 6028K, committed 6144K, reserved 1048576K
}
Event: 9.436 GC heap before
{Heap before GC invocations=18 (full 0):
 garbage-first heap   total 187392K, used 153850K [0x0000000080000000, 0x0000000100000000)
  region size 1024K, 81 young (82944K), 3 survivors (3072K)
 Metaspace       used 44343K, capacity 45513K, committed 45724K, reserved 1089536K
  class space    used 5612K, capacity 6028K, committed 6144K, reserved 1048576K
}
Event: 9.441 GC heap after
{Heap after GC invocations=19 (full 0):
 garbage-first heap   total 187392K, used 74715K [0x0000000080000000, 0x0000000100000000)
  region size 1024K, 4 young (4096K), 4 survivors (4096K)
 Metaspace       used 44343K, capacity 45513K, committed 45724K, reserved 1089536K
  class space    used 5612K, capacity 6028K, committed 6144K, reserved 1048576K
}
Event: 9.665 GC heap before
{Heap before GC invocations=19 (full 0):
 garbage-first heap   total 187392K, used 154587K [0x0000000080000000, 0x0000000100000000)
  region size 1024K, 82 young (83968K), 4 survivors (4096K)
 Metaspace       used 44344K, capacity 45513K, committed 45724K, reserved 1089536K
  class space    used 5612K, capacity 6028K, committed 6144K, reserved 1048576K
}
Event: 9.669 GC heap after
{Heap after GC invocations=20 (full 0):
 garbage-first heap   total 187392K, used 75364K [0x0000000080000000, 0x0000000100000000)
  region size 1024K, 5 young (5120K), 5 survivors (5120K)
 Metaspace       used 44344K, capacity 45513K, committed 45724K, reserved 1089536K
  class space    used 5612K, capacity 6028K, committed 6144K, reserved 1048576K
}
Event: 9.963 GC heap before
{Heap before GC invocations=20 (full 0):
 garbage-first heap   total 187392K, used 155236K [0x0000000080000000, 0x0000000100000000)
  region size 1024K, 83 young (84992K), 5 survivors (5120K)
 Metaspace       used 44344K, capacity 45513K, committed 45724K, reserved 1089536K
  class space    used 5612K, capacity 6028K, committed 6144K, reserved 1048576K
}
Event: 9.970 GC heap after
{Heap after GC invocations=21 (full 0):
 garbage-first heap   total 187392K, used 75777K [0x0000000080000000, 0x0000000100000000)
  region size 1024K, 5 young (5120K), 5 survivors (5120K)
 Metaspace       used 44344K, capacity 45513K, committed 45724K, reserved 1089536K
  class space    used 5612K, capacity 6028K, committed 6144K, reserved 1048576K
}
Event: 10.434 GC heap before
{Heap before GC invocations=21 (full 0):
 garbage-first heap   total 187392K, used 156673K [0x0000000080000000, 0x0000000100000000)
  region size 1024K, 84 young (86016K), 5 survivors (5120K)
 Metaspace       used 44344K, capacity 45513K, committed 45724K, reserved 1089536K
  class space    used 5612K, capacity 6028K, committed 6144K, reserved 1048576K
}
Event: 10.438 GC heap after
{Heap after GC invocations=22 (full 0):
 garbage-first heap   total 187392K, used 76076K [0x0000000080000000, 0x0000000100000000)
  region size 1024K, 5 young (5120K), 5 survivors (5120K)
 Metaspace       used 44344K, capacity 45513K, committed 45724K, reserved 1089536K
  class space    used 5612K, capacity 6028K, committed 6144K, reserved 1048576K
}
Event: 10.795 GC heap before
{Heap before GC invocations=22 (full 0):
 garbage-first heap   total 187392K, used 157996K [0x0000000080000000, 0x0000000100000000)
  region size 1024K, 85 young (87040K), 5 survivors (5120K)
 Metaspace       used 44346K, capacity 45513K, committed 45724K, reserved 1089536K
  class space    used 5612K, capacity 6028K, committed 6144K, reserved 1048576K
}
Event: 10.803 GC heap after
{Heap after GC invocations=23 (full 0):
 garbage-first heap   total 187392K, used 77013K [0x0000000080000000, 0x0000000100000000)
  region size 1024K, 6 young (6144K), 6 survivors (6144K)
 Metaspace       used 44346K, capacity 45513K, committed 45724K, reserved 1089536K
  class space    used 5612K, capacity 6028K, committed 6144K, reserved 1048576K
}
Event: 11.099 GC heap before
{Heap before GC invocations=23 (full 0):
 garbage-first heap   total 187392K, used 158933K [0x0000000080000000, 0x0000000100000000)
  region size 1024K, 86 young (88064K), 6 survivors (6144K)
 Metaspace       used 44348K, capacity 45513K, committed 45724K, reserved 1089536K
  class space    used 5612K, capacity 6028K, committed 6144K, reserved 1048576K
}
Event: 11.105 GC heap after
{Heap after GC invocations=24 (full 0):
 garbage-first heap   total 187392K, used 77629K [0x0000000080000000, 0x0000000100000000)
  region size 1024K, 7 young (7168K), 7 survivors (7168K)
 Metaspace       used 44348K, capacity 45513K, committed 45724K, reserved 1089536K
  class space    used 5612K, capacity 6028K, committed 6144K, reserved 1048576K
}
Event: 11.393 GC heap before
{Heap before GC invocations=24 (full 0):
 garbage-first heap   total 187392K, used 159549K [0x0000000080000000, 0x0000000100000000)
  region size 1024K, 87 young (89088K), 7 survivors (7168K)
 Metaspace       used 44348K, capacity 45513K, committed 45724K, reserved 1089536K
  class space    used 5612K, capacity 6028K, committed 6144K, reserved 1048576K
}

Deoptimization events (20 events):
Event: 11.339 Thread 0x00000284f02e1000 DEOPT PACKING pc=0x00000284d686eeda sp=0x000000a3352fe2e0
Event: 11.339 Thread 0x00000284f02e1000 DEOPT UNPACKING pc=0x00000284d595a95e sp=0x000000a3352fd960 mode 0
Event: 11.342 Thread 0x00000284f02e1000 DEOPT PACKING pc=0x00000284d686eeda sp=0x000000a3352fe2e0
Event: 11.342 Thread 0x00000284f02e1000 DEOPT UNPACKING pc=0x00000284d595a95e sp=0x000000a3352fd960 mode 0
Event: 11.345 Thread 0x00000284f02e1000 DEOPT PACKING pc=0x00000284d6870b52 sp=0x000000a3352fe2e0
Event: 11.345 Thread 0x00000284f02e1000 DEOPT UNPACKING pc=0x00000284d595a95e sp=0x000000a3352fd960 mode 0
Event: 11.351 Thread 0x00000284f02e1000 DEOPT PACKING pc=0x00000284d686eeda sp=0x000000a3352fe2e0
Event: 11.351 Thread 0x00000284f02e1000 DEOPT UNPACKING pc=0x00000284d595a95e sp=0x000000a3352fd960 mode 0
Event: 11.362 Thread 0x00000284f02e1000 DEOPT PACKING pc=0x00000284d6870b52 sp=0x000000a3352fe2e0
Event: 11.362 Thread 0x00000284f02e1000 DEOPT UNPACKING pc=0x00000284d595a95e sp=0x000000a3352fd960 mode 0
Event: 11.367 Thread 0x00000284f02e1000 DEOPT PACKING pc=0x00000284d6870b52 sp=0x000000a3352fe2e0
Event: 11.367 Thread 0x00000284f02e1000 DEOPT UNPACKING pc=0x00000284d595a95e sp=0x000000a3352fd960 mode 0
Event: 11.370 Thread 0x00000284f02e1000 DEOPT PACKING pc=0x00000284d6870b52 sp=0x000000a3352fe2e0
Event: 11.370 Thread 0x00000284f02e1000 DEOPT UNPACKING pc=0x00000284d595a95e sp=0x000000a3352fd960 mode 0
Event: 11.377 Thread 0x00000284f02e1000 DEOPT PACKING pc=0x00000284d686eeda sp=0x000000a3352fe2e0
Event: 11.377 Thread 0x00000284f02e1000 DEOPT UNPACKING pc=0x00000284d595a95e sp=0x000000a3352fd960 mode 0
Event: 11.386 Thread 0x00000284f02e1000 DEOPT PACKING pc=0x00000284d686eeda sp=0x000000a3352fe2e0
Event: 11.386 Thread 0x00000284f02e1000 DEOPT UNPACKING pc=0x00000284d595a95e sp=0x000000a3352fd960 mode 0
Event: 11.389 Thread 0x00000284f02e1000 DEOPT PACKING pc=0x00000284d686eeda sp=0x000000a3352fe2e0
Event: 11.389 Thread 0x00000284f02e1000 DEOPT UNPACKING pc=0x00000284d595a95e sp=0x000000a3352fd960 mode 0

Classes redefined (0 events):
No events

Internal exceptions (20 events):
Event: 6.354 Thread 0x00000284ed7f0800 Exception <a 'java/lang/ClassNotFoundException'{0x0000000086202638}: org/gradle/api/internal/initialization/DefaultScriptHandlerBeanInfo> (0x0000000086202638) thrown at [src/hotspot/share/classfile/systemDictionary.cpp, line 230]
Event: 6.356 Thread 0x00000284ed7f0800 Exception <a 'java/lang/ClassNotFoundException'{0x000000008622a878}: org/gradle/api/internal/initialization/DefaultScriptHandlerCustomizer> (0x000000008622a878) thrown at [src/hotspot/share/classfile/systemDictionary.cpp, line 230]
Event: 6.466 Thread 0x00000284ed7f0800 Exception <a 'java/lang/ClassNotFoundException'{0x0000000085aed318}: org/gradle/api/internal/artifacts/dsl/dependencies/DefaultDependencyHandler_DecoratedBeanInfo> (0x0000000085aed318) thrown at [src/hotspot/share/classfile/systemDictionary.cpp, line 230]
Event: 6.467 Thread 0x00000284ed7f0800 Exception <a 'java/lang/ClassNotFoundException'{0x0000000085929650}: org/gradle/api/internal/artifacts/dsl/dependencies/DefaultDependencyHandlerBeanInfo> (0x0000000085929650) thrown at [src/hotspot/share/classfile/systemDictionary.cpp, line 230]
Event: 6.468 Thread 0x00000284ed7f0800 Exception <a 'java/lang/ClassNotFoundException'{0x0000000085965618}: org/gradle/api/internal/artifacts/dsl/dependencies/DefaultDependencyHandlerCustomizer> (0x0000000085965618) thrown at [src/hotspot/share/classfile/systemDictionary.cpp, line 230]
Event: 6.470 Thread 0x00000284ed7f0800 Exception <a 'java/lang/ClassNotFoundException'{0x00000000859c8a98}: org/gradle/api/internal/artifacts/dsl/dependencies/DefaultDependencyHandler_DecoratedCustomizer> (0x00000000859c8a98) thrown at [src/hotspot/share/classfile/systemDictionary.cpp, line 230]
Event: 6.823 Thread 0x00000284ed7f0800 Exception <a 'java/lang/NoSuchMethodError'{0x0000000089091228}: 'int java.lang.invoke.DirectMethodHandle$Holder.invokeInterface(java.lang.Object, java.lang.Object)'> (0x0000000089091228) thrown at [src/hotspot/share/interpreter/linkResolver.cpp, line 773]
Event: 6.824 Thread 0x00000284ed7f0800 Exception <a 'java/lang/IncompatibleClassChangeError'{0x0000000089094d08}: Found class java.lang.Object, but interface was expected> (0x0000000089094d08) thrown at [src/hotspot/share/interpreter/linkResolver.cpp, line 839]
Event: 7.183 Thread 0x00000284ed7f0800 Exception <a 'java/lang/NoSuchMethodError'{0x000000008882c4c0}: 'java.lang.Object java.lang.invoke.Invokers$Holder.linkToTargetMethod(java.lang.Object, int, java.lang.Object)'> (0x000000008882c4c0) thrown at [src/hotspot/share/interpreter/linkResolver.cpp, line 773]
Event: 7.270 Thread 0x00000284ed7f0800 Exception <a 'java/lang/NoSuchMethodError'{0x000000008868b7f8}: 'int java.lang.invoke.DirectMethodHandle$Holder.invokeStaticInit(java.lang.Object)'> (0x000000008868b7f8) thrown at [src/hotspot/share/interpreter/linkResolver.cpp, line 773]
Event: 7.332 Thread 0x00000284ee5b5000 Exception <a 'sun/nio/fs/WindowsException'{0x0000000088404660}> (0x0000000088404660) thrown at [src/hotspot/share/prims/jni.cpp, line 617]
Event: 7.337 Thread 0x00000284ee5b5000 Exception <a 'sun/nio/fs/WindowsException'{0x0000000088459330}> (0x0000000088459330) thrown at [src/hotspot/share/prims/jni.cpp, line 617]
Event: 7.340 Thread 0x00000284ee5b5000 Exception <a 'sun/nio/fs/WindowsException'{0x0000000088459498}> (0x0000000088459498) thrown at [src/hotspot/share/prims/jni.cpp, line 617]
Event: 7.371 Thread 0x00000284ed7f0800 Exception <a 'java/lang/ClassNotFoundException'{0x00000000884dcd88}: sync_studio_tooling1_38xl7cyj3n1um7clmou70a5l9BeanInfo> (0x00000000884dcd88) thrown at [src/hotspot/share/classfile/systemDictionary.cpp, line 230]
Event: 7.372 Thread 0x00000284ed7f0800 Exception <a 'java/lang/ClassNotFoundException'{0x00000000884e93f8}: sync_studio_tooling1_38xl7cyj3n1um7clmou70a5l9Customizer> (0x00000000884e93f8) thrown at [src/hotspot/share/classfile/systemDictionary.cpp, line 230]
Event: 7.388 Thread 0x00000284ed7f0800 Exception <a 'java/lang/ClassNotFoundException'{0x00000000883c5198}: ijinit_5a1yzl63gh56nzgcuy4q16pkqBeanInfo> (0x00000000883c5198) thrown at [src/hotspot/share/classfile/systemDictionary.cpp, line 230]
Event: 7.388 Thread 0x00000284ed7f0800 Exception <a 'java/lang/ClassNotFoundException'{0x00000000883d09d8}: ijinit_5a1yzl63gh56nzgcuy4q16pkqCustomizer> (0x00000000883d09d8) thrown at [src/hotspot/share/classfile/systemDictionary.cpp, line 230]
Event: 7.395 Thread 0x00000284ed7f0800 Exception <a 'java/lang/ClassNotFoundException'{0x0000000088223b98}: ijinit_5a1yzl63gh56nzgcuy4q16pkq$_run_closure1BeanInfo> (0x0000000088223b98) thrown at [src/hotspot/share/classfile/systemDictionary.cpp, line 230]
Event: 7.396 Thread 0x00000284ed7f0800 Exception <a 'java/lang/ClassNotFoundException'{0x000000008822ab98}: ijinit_5a1yzl63gh56nzgcuy4q16pkq$_run_closure1Customizer> (0x000000008822ab98) thrown at [src/hotspot/share/classfile/systemDictionary.cpp, line 230]
Event: 7.490 Thread 0x00000284f02e1000 Exception <a 'sun/nio/fs/WindowsException'{0x0000000086dcbd38}> (0x0000000086dcbd38) thrown at [src/hotspot/share/prims/jni.cpp, line 617]

Events (20 events):
Event: 8.158 Executing VM operation: G1CollectForAllocation done
Event: 8.611 Executing VM operation: G1CollectForAllocation
Event: 8.614 Executing VM operation: G1CollectForAllocation done
Event: 8.923 Executing VM operation: G1CollectForAllocation
Event: 8.926 Executing VM operation: G1CollectForAllocation done
Event: 9.207 Executing VM operation: G1CollectForAllocation
Event: 9.210 Executing VM operation: G1CollectForAllocation done
Event: 9.436 Executing VM operation: G1CollectForAllocation
Event: 9.441 Executing VM operation: G1CollectForAllocation done
Event: 9.665 Executing VM operation: G1CollectForAllocation
Event: 9.669 Executing VM operation: G1CollectForAllocation done
Event: 9.963 Executing VM operation: G1CollectForAllocation
Event: 9.970 Executing VM operation: G1CollectForAllocation done
Event: 10.434 Executing VM operation: G1CollectForAllocation
Event: 10.438 Executing VM operation: G1CollectForAllocation done
Event: 10.795 Executing VM operation: G1CollectForAllocation
Event: 10.803 Executing VM operation: G1CollectForAllocation done
Event: 11.099 Executing VM operation: G1CollectForAllocation
Event: 11.105 Executing VM operation: G1CollectForAllocation done
Event: 11.392 Executing VM operation: G1CollectForAllocation


Dynamic libraries:
0x00007ff710750000 - 0x00007ff71075a000 	D:\maZostac\tenWielkiSyf\jbr\bin\java.exe
0x00007ffabf670000 - 0x00007ffabf868000 	C:\Windows\SYSTEM32\ntdll.dll
0x00007ffabdbd0000 - 0x00007ffabdc8f000 	C:\Windows\System32\KERNEL32.DLL
0x00007ffabd1d0000 - 0x00007ffabd4a2000 	C:\Windows\System32\KERNELBASE.dll
0x00007ffaba580000 - 0x00007ffaba610000 	C:\Windows\SYSTEM32\apphelp.dll
0x00007ffabcec0000 - 0x00007ffabcfc0000 	C:\Windows\System32\ucrtbase.dll
0x00007ffab9c30000 - 0x00007ffab9c47000 	D:\maZostac\tenWielkiSyf\jbr\bin\jli.dll
0x00007ffab9c10000 - 0x00007ffab9c2b000 	D:\maZostac\tenWielkiSyf\jbr\bin\VCRUNTIME140.dll
0x00007ffabd960000 - 0x00007ffabdb01000 	C:\Windows\System32\USER32.dll
0x00007ffabd660000 - 0x00007ffabd682000 	C:\Windows\System32\win32u.dll
0x00007ffaa8040000 - 0x00007ffaa82da000 	C:\Windows\WinSxS\amd64_microsoft.windows.common-controls_6595b64144ccf1df_6.0.19041.1110_none_60b5254171f9507e\COMCTL32.dll
0x00007ffabf300000 - 0x00007ffabf32b000 	C:\Windows\System32\GDI32.dll
0x00007ffabd050000 - 0x00007ffabd15f000 	C:\Windows\System32\gdi32full.dll
0x00007ffabdb30000 - 0x00007ffabdbce000 	C:\Windows\System32\msvcrt.dll
0x00007ffabce20000 - 0x00007ffabcebd000 	C:\Windows\System32\msvcp_win.dll
0x00007ffabd870000 - 0x00007ffabd8a0000 	C:\Windows\System32\IMM32.DLL
0x00007ffab9c70000 - 0x00007ffab9c7c000 	D:\maZostac\tenWielkiSyf\jbr\bin\vcruntime140_1.dll
0x00007ffaa3420000 - 0x00007ffaa34ad000 	D:\maZostac\tenWielkiSyf\jbr\bin\msvcp140.dll
0x00007ffa74c90000 - 0x00007ffa7584c000 	D:\maZostac\tenWielkiSyf\jbr\bin\server\jvm.dll
0x00007ffabf250000 - 0x00007ffabf2fe000 	C:\Windows\System32\ADVAPI32.dll
0x00007ffabe440000 - 0x00007ffabe4dc000 	C:\Windows\System32\sechost.dll
0x00007ffabf0c0000 - 0x00007ffabf1e4000 	C:\Windows\System32\RPCRT4.dll
0x00007ffabf620000 - 0x00007ffabf628000 	C:\Windows\System32\PSAPI.DLL
0x00007ffa9d9d0000 - 0x00007ffa9d9d9000 	C:\Windows\SYSTEM32\WSOCK32.dll
0x00007ffabe8a0000 - 0x00007ffabe90b000 	C:\Windows\System32\WS2_32.dll
0x00007ffaabac0000 - 0x00007ffaabae7000 	C:\Windows\SYSTEM32\WINMM.dll
0x00007ffab6630000 - 0x00007ffab663a000 	C:\Windows\SYSTEM32\VERSION.dll
0x00007ffabac70000 - 0x00007ffabac82000 	C:\Windows\SYSTEM32\kernel.appcore.dll
0x00007ffa9d150000 - 0x00007ffa9d160000 	D:\maZostac\tenWielkiSyf\jbr\bin\verify.dll
0x00007ffaad4f0000 - 0x00007ffaad6d4000 	C:\Windows\SYSTEM32\DBGHELP.DLL
0x00007ffaad950000 - 0x00007ffaad985000 	C:\Windows\SYSTEM32\dbgcore.DLL
0x00007ffabcfc0000 - 0x00007ffabd042000 	C:\Windows\System32\bcryptPrimitives.dll
0x00007ffa80db0000 - 0x00007ffa80dd8000 	D:\maZostac\tenWielkiSyf\jbr\bin\java.dll
0x00007ffa9c5a0000 - 0x00007ffa9c5aa000 	D:\maZostac\tenWielkiSyf\jbr\bin\jimage.dll
0x00007ffa8de20000 - 0x00007ffa8de38000 	D:\maZostac\tenWielkiSyf\jbr\bin\zip.dll
0x00007ffabe910000 - 0x00007ffabf055000 	C:\Windows\System32\SHELL32.dll
0x00007ffabae70000 - 0x00007ffabb602000 	C:\Windows\SYSTEM32\windows.storage.dll
0x00007ffabe540000 - 0x00007ffabe895000 	C:\Windows\System32\combase.dll
0x00007ffabc6f0000 - 0x00007ffabc720000 	C:\Windows\SYSTEM32\Wldp.dll
0x00007ffabe100000 - 0x00007ffabe1ad000 	C:\Windows\System32\SHCORE.dll
0x00007ffabf060000 - 0x00007ffabf0b5000 	C:\Windows\System32\shlwapi.dll
0x00007ffabccb0000 - 0x00007ffabcccf000 	C:\Windows\SYSTEM32\profapi.dll
0x00007ffa85df0000 - 0x00007ffa85e09000 	D:\maZostac\tenWielkiSyf\jbr\bin\net.dll
0x00007ffab43c0000 - 0x00007ffab44ca000 	C:\Windows\SYSTEM32\WINHTTP.dll
0x00007ffabc450000 - 0x00007ffabc4ba000 	C:\Windows\system32\mswsock.dll
0x00007ffa80cd0000 - 0x00007ffa80ce3000 	D:\maZostac\tenWielkiSyf\jbr\bin\nio.dll
0x00007ffab9cc0000 - 0x00007ffab9ce7000 	C:\Users\michi\.gradle\native\e1d6ef7f7dcc3fd88c89a11ec53ec762bb8ba0a96d01ffa2cd45eb1d1d8dd5c5\windows-amd64\native-platform.dll
0x00007ffa91f10000 - 0x00007ffa92054000 	C:\Users\michi\.gradle\native\5664cfc778a61ccfe75a443a1ab52a65af34e5dc3c78e0209fed803814484fcb\windows-amd64\native-platform-file-events.dll
0x00007ffa9c1d0000 - 0x00007ffa9c1da000 	D:\maZostac\tenWielkiSyf\jbr\bin\management.dll
0x00007ffa9b430000 - 0x00007ffa9b43b000 	D:\maZostac\tenWielkiSyf\jbr\bin\management_ext.dll
0x00007ffabc640000 - 0x00007ffabc658000 	C:\Windows\SYSTEM32\CRYPTSP.dll
0x00007ffabbd70000 - 0x00007ffabbda4000 	C:\Windows\system32\rsaenh.dll
0x00007ffabd690000 - 0x00007ffabd6b7000 	C:\Windows\System32\bcrypt.dll
0x00007ffabcc70000 - 0x00007ffabcc9e000 	C:\Windows\SYSTEM32\USERENV.dll
0x00007ffabc660000 - 0x00007ffabc66c000 	C:\Windows\SYSTEM32\CRYPTBASE.dll
0x00007ffabc140000 - 0x00007ffabc17b000 	C:\Windows\SYSTEM32\IPHLPAPI.DLL
0x00007ffabd8a0000 - 0x00007ffabd8a8000 	C:\Windows\System32\NSI.dll
0x00007ffab47d0000 - 0x00007ffab47e7000 	C:\Windows\SYSTEM32\dhcpcsvc6.DLL
0x00007ffab5eb0000 - 0x00007ffab5ecd000 	C:\Windows\SYSTEM32\dhcpcsvc.DLL
0x00007ffabc190000 - 0x00007ffabc25b000 	C:\Windows\SYSTEM32\DNSAPI.dll

dbghelp: loaded successfully - version: 4.0.5 - missing functions: none
symbol engine: initialized successfully - sym options: 0x614 - pdb path: .;D:\maZostac\tenWielkiSyf\jbr\bin;C:\Windows\SYSTEM32;C:\Windows\WinSxS\amd64_microsoft.windows.common-controls_6595b64144ccf1df_6.0.19041.1110_none_60b5254171f9507e;D:\maZostac\tenWielkiSyf\jbr\bin\server;C:\Users\michi\.gradle\native\e1d6ef7f7dcc3fd88c89a11ec53ec762bb8ba0a96d01ffa2cd45eb1d1d8dd5c5\windows-amd64;C:\Users\michi\.gradle\native\5664cfc778a61ccfe75a443a1ab52a65af34e5dc3c78e0209fed803814484fcb\windows-amd64

VM Arguments:
jvm_args: --add-opens=java.base/java.util=ALL-UNNAMED --add-opens=java.base/java.lang=ALL-UNNAMED --add-opens=java.base/java.lang.invoke=ALL-UNNAMED --add-opens=java.base/java.util=ALL-UNNAMED --add-opens=java.prefs/java.util.prefs=ALL-UNNAMED --add-opens=java.prefs/java.util.prefs=ALL-UNNAMED --add-opens=java.base/java.nio.charset=ALL-UNNAMED --add-opens=java.base/java.net=ALL-UNNAMED --add-opens=java.base/java.util.concurrent.atomic=ALL-UNNAMED -Xmx2048m -Dfile.encoding=UTF-8 -Duser.country=PL -Duser.language=pl -Duser.variant 
java_command: org.gradle.launcher.daemon.bootstrap.GradleDaemon 7.3.3
java_class_path (initial): C:\Users\michi\.gradle\wrapper\dists\gradle-7.3.3-bin\6a41zxkdtcxs8rphpq6y0069z\gradle-7.3.3\lib\gradle-launcher-7.3.3.jar
Launcher Type: SUN_STANDARD

[Global flags]
     intx CICompilerCount                          = 3                                         {product} {ergonomic}
     uint ConcGCThreads                            = 1                                         {product} {ergonomic}
     uint G1ConcRefinementThreads                  = 4                                         {product} {ergonomic}
   size_t G1HeapRegionSize                         = 1048576                                   {product} {ergonomic}
    uintx GCDrainStackTargetSize                   = 64                                        {product} {ergonomic}
   size_t InitialHeapSize                          = 132120576                                 {product} {ergonomic}
   size_t MarkStackSize                            = 4194304                                   {product} {ergonomic}
   size_t MaxHeapSize                              = 2147483648                                {product} {command line}
   size_t MaxNewSize                               = 1287651328                                {product} {ergonomic}
   size_t MinHeapDeltaBytes                        = 1048576                                   {product} {ergonomic}
    uintx NonNMethodCodeHeapSize                   = 5830732                                {pd product} {ergonomic}
    uintx NonProfiledCodeHeapSize                  = 122913754                              {pd product} {ergonomic}
    uintx ProfiledCodeHeapSize                     = 122913754                              {pd product} {ergonomic}
    uintx ReservedCodeCacheSize                    = 251658240                              {pd product} {ergonomic}
     bool SegmentedCodeCache                       = true                                      {product} {ergonomic}
     bool UseCompressedClassPointers               = true                                 {lp64_product} {ergonomic}
     bool UseCompressedOops                        = true                                 {lp64_product} {ergonomic}
     bool UseG1GC                                  = true                                      {product} {ergonomic}
     bool UseLargePagesIndividualAllocation        = false                                  {pd product} {ergonomic}

Logging:
Log output configuration:
 #0: stdout all=warning uptime,level,tags
 #1: stderr all=off uptime,level,tags

Environment Variables:
PATH=C:\Windows\system32;C:\Windows;C:\Windows\System32\Wbem;C:\Windows\System32\WindowsPowerShell\v1.0\;C:\Windows\System32\OpenSSH\;C:\Program Files (x86)\NVIDIA Corporation\PhysX\Common;C:\Users\michi\AppData\Local\Microsoft\WindowsApps;;D:\maZostac\Microsoft VS Code\bin
USERNAME=michi
OS=Windows_NT
PROCESSOR_IDENTIFIER=Intel64 Family 6 Model 94 Stepping 3, GenuineIntel



---------------  S Y S T E M  ---------------

OS: Windows 10 , 64 bit Build 19041 (10.0.19041.2546)
OS uptime: 1 days 14:46 hours

CPU:total 4 (initial active 4) (4 cores per cpu, 1 threads per core) family 6 model 94 stepping 3 microcode 0xcc, cmov, cx8, fxsr, mmx, sse, sse2, sse3, ssse3, sse4.1, sse4.2, popcnt, avx, avx2, aes, clmul, erms, rtm, 3dnowpref, lzcnt, tsc, tscinvbit, bmi1, bmi2, adx, fma

Memory: 4k page, system-wide physical 7986M (2507M free)
TotalPageFile size 10505M (AvailPageFile size 3828M)
current process WorkingSet (physical memory assigned to process): 367M, peak: 369M
current process commit charge ("private bytes"): 395M, peak: 398M

vm_info: OpenJDK 64-Bit Server VM (11.0.15+0-b2043.56-9505619) for windows-amd64 JRE (11.0.15+0-b2043.56-9505619), built on Jan 19 2023 02:48:00 by "builduser" with unknown MS VC++:1929

END.
