#
# A fatal error has been detected by the Java Runtime Environment:
#
#  EXCEPTION_ACCESS_VIOLATION (0xc0000005) at pc=0x00007ffa74e38911, pid=4036, tid=4308
#
# JRE version: OpenJDK Runtime Environment (11.0.15) (build 11.0.15+0-b2043.56-9505619)
# Java VM: OpenJDK 64-Bit Server VM (11.0.15+0-b2043.56-9505619, mixed mode, tiered, compressed oops, g1 gc, windows-amd64)
# Problematic frame:
# V  [jvm.dll+0x1a8911]
#
# No core dump will be written. Minidumps are not enabled by default on client versions of Windows
#
# If you would like to submit a bug report, please visit:
#   https://bugreport.java.com/bugreport/crash.jsp
#

---------------  S U M M A R Y ------------

Command Line: --add-opens=java.base/java.util=ALL-UNNAMED --add-opens=java.base/java.lang=ALL-UNNAMED --add-opens=java.base/java.lang.invoke=ALL-UNNAMED --add-opens=java.base/java.util=ALL-UNNAMED --add-opens=java.prefs/java.util.prefs=ALL-UNNAMED --add-opens=java.prefs/java.util.prefs=ALL-UNNAMED --add-opens=java.base/java.nio.charset=ALL-UNNAMED --add-opens=java.base/java.net=ALL-UNNAMED --add-opens=java.base/java.util.concurrent.atomic=ALL-UNNAMED -Xmx2048m -Dfile.encoding=UTF-8 -Duser.country=PL -Duser.language=pl -Duser.variant org.gradle.launcher.daemon.bootstrap.GradleDaemon 7.3.3

Host: Intel(R) Core(TM) i5-6300HQ CPU @ 2.30GHz, 4 cores, 7G,  Windows 10 , 64 bit Build 19041 (10.0.19041.2546)
Time: Thu Apr 13 14:56:05 2023  Windows 10 , 64 bit Build 19041 (10.0.19041.2546) elapsed time: 35.719254 seconds (0d 0h 0m 35s)

---------------  T H R E A D  ---------------

Current thread (0x000002111bfd2000):  GCTaskThread "GC Thread#3" [stack: 0x0000007712100000,0x0000007712200000] [id=4308]

Stack: [0x0000007712100000,0x0000007712200000],  sp=0x00000077121ff4c8,  free space=1021k
Native frames: (J=compiled Java code, j=interpreted, Vv=VM code, C=native code)
V  [jvm.dll+0x1a8911]


siginfo: EXCEPTION_ACCESS_VIOLATION (0xc0000005), reading address 0x0000000000000110


Register to memory mapping:

RIP=0x00007ffa74e38911 jvm.dll
RAX=0x0 is NULL
RBX=
[error occurred during error reporting (printing register info), id 0xc0000005, EXCEPTION_ACCESS_VIOLATION (0xc0000005) at pc=0x00007ffa74e388a6]

Registers:
RAX=0x0000000000000000, RBX=0x000000008a58ee64, RCX=0x00000001002b3a90, RDX=0x0000000098addd10
RSP=0x00000077121ff4c8, RBP=0x000002111e3172e0, RSI=0x000002111e3172e0, RDI=0x0000000000000001
R8 =0x0000000000000000, R9 =0x00000001002b3a90, R10=0x00007ffab9c80000, R11=0x00007ffab9c815c3
R12=0x0000000000000000, R13=0x00000000000003d8, R14=0x0000000098addd10, R15=0x0000000000000005
RIP=0x00007ffa74e38911, EFLAGS=0x0000000000010246

Top of Stack: (sp=0x00000077121ff4c8)
0x00000077121ff4c8:   00007ffa74fb438f 000000008a58ee01
0x00000077121ff4d8:   000000008a58ee80 000002111e3172e0
0x00000077121ff4e8:   00007ffa74f89904 00007ffa0000940c
0x00000077121ff4f8:   000000008a58bebd 000000000000001e
0x00000077121ff508:   00007ffa74f8c0ce 000002111e3172e0
0x00000077121ff518:   0000000000000000 000002117fecf980
0x00000077121ff528:   00000000000003d8 0000000000000000
0x00000077121ff538:   0000735c000029a4 00000000000029a6
0x00000077121ff548:   00007ffa74fb2cb1 000000008a58beb0
0x00000077121ff558:   00007ffa74fb47ed 0000000000000009
0x00000077121ff568:   000000008a58ee64 0000000000000000
0x00000077121ff578:   0000000000000000 000002111c20cf70
0x00000077121ff588:   000002111c20cf80 000002117e51b690
0x00000077121ff598:   00000077121ff690 000002111e3172e0
0x00000077121ff5a8:   00007ffa74fb4f8a 0000735b000029a4
0x00000077121ff5b8:   00000000000003d8 0000735c000029a4 

Instructions: (pc=0x00007ffa74e38911)
0x00007ffa74e38811:   00 48 8b 5c 24 40 48 8b 74 24 48 48 83 c4 30 5f
0x00007ffa74e38821:   c3 48 8b 07 48 8d 54 24 20 48 89 4c 24 28 48 8b
0x00007ffa74e38831:   cf 48 89 5c 24 20 ff 50 38 48 8b 5c 24 40 48 8b
0x00007ffa74e38841:   74 24 48 48 83 c4 30 5f c3 cc cc cc cc cc cc 48
0x00007ffa74e38851:   8b 49 38 48 8b 01 48 ff 60 28 cc cc cc cc cc 80
0x00007ffa74e38861:   3d 3a e7 93 00 00 48 8b c1 74 1b 8b 51 08 8b 0d
0x00007ffa74e38871:   e3 2e 8f 00 48 d3 e2 48 8b c8 48 03 15 ce 2e 8f
0x00007ffa74e38881:   00 e9 19 00 00 00 48 8b 51 08 48 8b c8 e9 0d 00
0x00007ffa74e38891:   00 00 cc cc cc cc cc cc cc cc cc cc cc cc cc 4c
0x00007ffa74e388a1:   8b ca 48 8b d1 45 8b 41 08 45 85 c0 7e 0e 41 f6
0x00007ffa74e388b1:   c0 01 75 56 41 c1 f8 03 41 8b c0 c3 79 4c 80 3d
0x00007ffa74e388c1:   db e6 93 00 00 b8 0c 00 00 00 b9 10 00 00 00 0f
0x00007ffa74e388d1:   45 c8 8b 05 9b 5e 8d 00 ff c8 4c 63 c8 48 63 14
0x00007ffa74e388e1:   11 41 8b c8 83 e1 3f 48 d3 e2 41 8b c8 48 c1 f9
0x00007ffa74e388f1:   10 0f b6 c1 49 8d 0c 11 49 f7 d1 48 03 c1 49 c1
0x00007ffa74e38901:   e9 03 48 c1 e8 03 41 23 c1 c3 49 8b 01 49 8b c9
0x00007ffa74e38911:   48 ff a0 10 01 00 00 cc cc cc cc cc cc cc cc 48
0x00007ffa74e38921:   8b c2 c3 cc cc cc cc cc cc cc cc cc cc cc cc 48
0x00007ffa74e38931:   83 ec 38 48 8b c1 48 8b 49 38 80 79 08 00 74 05
0x00007ffa74e38941:   90 48 8b 48 38 0f 10 02 48 8d 54 24 20 0f 29 44
0x00007ffa74e38951:   24 20 e8 28 f0 ff ff 48 83 c4 38 c3 cc cc cc 48
0x00007ffa74e38961:   83 ec 38 0f 10 02 48 8b 01 48 8d 54 24 20 0f 29
0x00007ffa74e38971:   44 24 20 ff 50 38 48 83 c4 38 c3 cc cc cc cc 48
0x00007ffa74e38981:   89 5c 24 08 55 56 57 41 54 41 55 41 56 41 57 48
0x00007ffa74e38991:   8d 6c 24 e0 48 81 ec 20 01 00 00 48 8b 05 85 b6
0x00007ffa74e389a1:   90 00 48 33 c4 48 89 45 10 48 8b 05 4f 53 93 00
0x00007ffa74e389b1:   45 33 ed 4c 8b b5 80 00 00 00 4c 8b fa 48 8b bd
0x00007ffa74e389c1:   88 00 00 00 4d 8b c6 49 8b d6 49 8b f1 48 8b 48
0x00007ffa74e389d1:   38 48 8b 59 48 49 8b cf c7 45 c0 ff ff ff ff 44
0x00007ffa74e389e1:   89 6d d4 4c 89 6d d8 44 88 6d e0 c7 45 e8 ff ff
0x00007ffa74e389f1:   ff ff 44 89 6d fc 4c 89 6d 00 44 88 6d 08 e8 7c
0x00007ffa74e38a01:   4d f5 ff 41 b1 01 4c 8d 45 e8 41 8d 55 04 49 8b 


Stack slot to memory mapping:
stack at sp + 0 slots: 0x00007ffa74fb438f jvm.dll
stack at sp + 1 slots: 
[error occurred during error reporting (inspecting top of stack), id 0xc0000005, EXCEPTION_ACCESS_VIOLATION (0xc0000005) at pc=0x00007ffa74e388a6]


---------------  P R O C E S S  ---------------

Threads class SMR info:
_java_thread_list=0x0000021120479960, length=35, elements={
0x000002117feb3000, 0x000002111a288800, 0x000002111a294000, 0x000002111a2ab000,
0x000002111a2ac000, 0x000002111a2ad000, 0x000002111a2ae000, 0x000002111a2af000,
0x000002111ac2e800, 0x000002111ad82000, 0x000002111da2c000, 0x000002111c633800,
0x000002111cbeb800, 0x000002111d9d0000, 0x000002111d9b2800, 0x000002111d608000,
0x000002111e454000, 0x000002111cfb5000, 0x000002111dab0000, 0x000002111d6d2800,
0x000002111da65000, 0x000002111da66800, 0x000002111da66000, 0x000002111da64000,
0x00000211202a1000, 0x00000211202a2800, 0x00000211202a2000, 0x00000211202a5000,
0x00000211202a6800, 0x00000211202a3800, 0x00000211202a6000, 0x00000211202a7800,
0x00000211202a8800, 0x00000211202a9000, 0x00000211202aa000
}

Java Threads: ( => current thread )
  0x000002117feb3000 JavaThread "main" [_thread_blocked, id=8756, stack(0x0000007710300000,0x0000007710400000)]
  0x000002111a288800 JavaThread "Reference Handler" daemon [_thread_blocked, id=9032, stack(0x0000007710a00000,0x0000007710b00000)]
  0x000002111a294000 JavaThread "Finalizer" daemon [_thread_blocked, id=13264, stack(0x0000007710b00000,0x0000007710c00000)]
  0x000002111a2ab000 JavaThread "Signal Dispatcher" daemon [_thread_blocked, id=7192, stack(0x0000007710c00000,0x0000007710d00000)]
  0x000002111a2ac000 JavaThread "Attach Listener" daemon [_thread_blocked, id=12144, stack(0x0000007710d00000,0x0000007710e00000)]
  0x000002111a2ad000 JavaThread "Service Thread" daemon [_thread_blocked, id=1344, stack(0x0000007710e00000,0x0000007710f00000)]
  0x000002111a2ae000 JavaThread "C2 CompilerThread0" daemon [_thread_blocked, id=3768, stack(0x0000007710f00000,0x0000007711000000)]
  0x000002111a2af000 JavaThread "C1 CompilerThread0" daemon [_thread_blocked, id=10060, stack(0x0000007711000000,0x0000007711100000)]
  0x000002111ac2e800 JavaThread "Sweeper thread" daemon [_thread_blocked, id=2344, stack(0x0000007711100000,0x0000007711200000)]
  0x000002111ad82000 JavaThread "Common-Cleaner" daemon [_thread_blocked, id=6996, stack(0x0000007711200000,0x0000007711300000)]
  0x000002111da2c000 JavaThread "Daemon health stats" [_thread_blocked, id=8400, stack(0x0000007711700000,0x0000007711800000)]
  0x000002111c633800 JavaThread "Incoming local TCP Connector on port 52577" [_thread_in_native, id=10228, stack(0x0000007711400000,0x0000007711500000)]
  0x000002111cbeb800 JavaThread "Daemon periodic checks" [_thread_blocked, id=7204, stack(0x0000007711800000,0x0000007711900000)]
  0x000002111d9d0000 JavaThread "Daemon" [_thread_blocked, id=876, stack(0x0000007711900000,0x0000007711a00000)]
  0x000002111d9b2800 JavaThread "Handler for socket connection from /127.0.0.1:52577 to /127.0.0.1:52578" [_thread_in_native, id=9232, stack(0x0000007711a00000,0x0000007711b00000)]
  0x000002111d608000 JavaThread "Cancel handler" [_thread_blocked, id=11552, stack(0x0000007711c00000,0x0000007711d00000)]
  0x000002111e454000 JavaThread "Daemon worker" [_thread_blocked, id=6252, stack(0x0000007711d00000,0x0000007711e00000)]
  0x000002111cfb5000 JavaThread "Asynchronous log dispatcher for DefaultDaemonConnection: socket connection from /127.0.0.1:52577 to /127.0.0.1:52578" [_thread_blocked, id=13272, stack(0x0000007711e00000,0x0000007711f00000)]
  0x000002111dab0000 JavaThread "Stdin handler" [_thread_blocked, id=296, stack(0x0000007711f00000,0x0000007712000000)]
  0x000002111d6d2800 JavaThread "Daemon client event forwarder" [_thread_blocked, id=6184, stack(0x0000007712000000,0x0000007712100000)]
  0x000002111da65000 JavaThread "Cache worker for journal cache (C:\Users\michi\.gradle\caches\journal-1)" [_thread_blocked, id=5080, stack(0x0000007712200000,0x0000007712300000)]
  0x000002111da66800 JavaThread "File lock request listener" [_thread_in_native, id=5156, stack(0x0000007712300000,0x0000007712400000)]
  0x000002111da66000 JavaThread "Cache worker for file hash cache (C:\Users\michi\.gradle\caches\7.3.3\fileHashes)" [_thread_blocked, id=248, stack(0x0000007712400000,0x0000007712500000)]
  0x000002111da64000 JavaThread "Cache worker for file hash cache (D:\maZostac\algorytmynaiwne\.gradle\7.3.3\fileHashes)" [_thread_blocked, id=9476, stack(0x0000007712500000,0x0000007712600000)]
  0x00000211202a1000 JavaThread "File watcher server" daemon [_thread_in_native, id=12040, stack(0x0000007712600000,0x0000007712700000)]
  0x00000211202a2800 JavaThread "File watcher consumer" daemon [_thread_blocked, id=12592, stack(0x0000007712700000,0x0000007712800000)]
  0x00000211202a2000 JavaThread "jar transforms" [_thread_blocked, id=920, stack(0x0000007711b00000,0x0000007711c00000)]
  0x00000211202a5000 JavaThread "jar transforms Thread 2" [_thread_blocked, id=9260, stack(0x0000007712800000,0x0000007712900000)]
  0x00000211202a6800 JavaThread "jar transforms Thread 3" [_thread_blocked, id=9808, stack(0x0000007712900000,0x0000007712a00000)]
  0x00000211202a3800 JavaThread "jar transforms Thread 4" [_thread_blocked, id=4140, stack(0x0000007712a00000,0x0000007712b00000)]
  0x00000211202a6000 JavaThread "Cache worker for checksums cache (D:\maZostac\algorytmynaiwne\.gradle\7.3.3\checksums)" [_thread_blocked, id=6068, stack(0x0000007712c00000,0x0000007712d00000)]
  0x00000211202a7800 JavaThread "Cache worker for cache directory md-supplier (C:\Users\michi\.gradle\caches\7.3.3\md-supplier)" [_thread_blocked, id=7448, stack(0x0000007712d00000,0x0000007712e00000)]
  0x00000211202a8800 JavaThread "Cache worker for cache directory md-rule (C:\Users\michi\.gradle\caches\7.3.3\md-rule)" [_thread_blocked, id=6332, stack(0x0000007712e00000,0x0000007712f00000)]
  0x00000211202a9000 JavaThread "Cache worker for execution history cache (C:\Users\michi\.gradle\caches\7.3.3\executionHistory)" [_thread_blocked, id=11288, stack(0x0000007712f00000,0x0000007713000000)]
  0x00000211202aa000 JavaThread "Cache worker for file content cache (C:\Users\michi\.gradle\caches\7.3.3\fileContent)" [_thread_blocked, id=12804, stack(0x0000007713000000,0x0000007713100000)]

Other Threads:
  0x000002111a286000 VMThread "VM Thread" [stack: 0x0000007710900000,0x0000007710a00000] [id=7568]
  0x000002111adb3800 WatcherThread [stack: 0x0000007711300000,0x0000007711400000] [id=8656]
  0x000002117feca800 GCTaskThread "GC Thread#0" [stack: 0x0000007710400000,0x0000007710500000] [id=2456]
  0x000002111b8ec800 GCTaskThread "GC Thread#1" [stack: 0x0000007711500000,0x0000007711600000] [id=1568]
  0x000002111b8ab800 GCTaskThread "GC Thread#2" [stack: 0x0000007711600000,0x0000007711700000] [id=4832]
=>0x000002111bfd2000 GCTaskThread "GC Thread#3" [stack: 0x0000007712100000,0x0000007712200000] [id=4308]
  0x000002117fefe000 ConcurrentGCThread "G1 Main Marker" [stack: 0x0000007710500000,0x0000007710600000] [id=12700]
  0x000002117ff00000 ConcurrentGCThread "G1 Conc#0" [stack: 0x0000007710600000,0x0000007710700000] [id=6724]
  0x000002117ff7e000 ConcurrentGCThread "G1 Refine#0" [stack: 0x0000007710700000,0x0000007710800000] [id=3052]
  0x000002111a0d6800 ConcurrentGCThread "G1 Young RemSet Sampling" [stack: 0x0000007710800000,0x0000007710900000] [id=10280]

Threads with active compile tasks:
C2 CompilerThread0    35773 6299       4       org.objectweb.asm.ClassVisitor::visitAnnotation (19 bytes)

VM state:at safepoint (normal execution)

VM Mutex/Monitor currently owned by a thread:  ([mutex/lock_event])
[0x000002117feae800] Threads_lock - owner thread: 0x000002111a286000
[0x000002117feaeec0] Heap_lock - owner thread: 0x00000211202a5000

Heap address: 0x0000000080000000, size: 2048 MB, Compressed Oops mode: 32-bit
Narrow klass base: 0x0000000000000000, Narrow klass shift: 3
Compressed class space size: 1073741824 Address: 0x0000000100000000

Heap:
 garbage-first heap   total 425984K, used 356661K [0x0000000080000000, 0x0000000100000000)
  region size 1024K, 243 young (248832K), 11 survivors (11264K)
 Metaspace       used 50319K, capacity 51689K, committed 51888K, reserved 1093632K
  class space    used 6388K, capacity 6885K, committed 6912K, reserved 1048576K
Heap Regions: E=young(eden), S=young(survivor), O=old, HS=humongous(starts), HC=humongous(continues), CS=collection set, F=free, A=archive, TAMS=top-at-mark-start (previous, next)
|   0|0x0000000080000000, 0x0000000080100000, 0x0000000080100000|100%| O|  |TAMS 0x0000000080100000, 0x0000000080000000| Untracked 
|   1|0x0000000080100000, 0x0000000080200000, 0x0000000080200000|100%| O|  |TAMS 0x0000000080200000, 0x0000000080100000| Untracked 
|   2|0x0000000080200000, 0x0000000080300000, 0x0000000080300000|100%| O|  |TAMS 0x0000000080300000, 0x0000000080200000| Untracked 
|   3|0x0000000080300000, 0x0000000080400000, 0x0000000080400000|100%|HS|  |TAMS 0x0000000080400000, 0x0000000080300000| Complete 
|   4|0x0000000080400000, 0x0000000080500000, 0x0000000080500000|100%|HC|  |TAMS 0x0000000080500000, 0x0000000080400000| Complete 
|   5|0x0000000080500000, 0x0000000080600000, 0x0000000080600000|100%|HC|  |TAMS 0x0000000080600000, 0x0000000080500000| Complete 
|   6|0x0000000080600000, 0x0000000080700000, 0x0000000080700000|100%| O|  |TAMS 0x0000000080700000, 0x0000000080600000| Untracked 
|   7|0x0000000080700000, 0x0000000080800000, 0x0000000080800000|100%| O|  |TAMS 0x0000000080800000, 0x0000000080700000| Untracked 
|   8|0x0000000080800000, 0x0000000080900000, 0x0000000080900000|100%| O|  |TAMS 0x0000000080900000, 0x0000000080800000| Untracked 
|   9|0x0000000080900000, 0x0000000080a00000, 0x0000000080a00000|100%| O|  |TAMS 0x0000000080a00000, 0x0000000080900000| Untracked 
|  10|0x0000000080a00000, 0x0000000080b00000, 0x0000000080b00000|100%| O|  |TAMS 0x0000000080b00000, 0x0000000080a00000| Untracked 
|  11|0x0000000080b00000, 0x0000000080c00000, 0x0000000080c00000|100%| O|  |TAMS 0x0000000080c00000, 0x0000000080b00000| Untracked 
|  12|0x0000000080c00000, 0x0000000080d00000, 0x0000000080d00000|100%| O|  |TAMS 0x0000000080d00000, 0x0000000080c00000| Untracked 
|  13|0x0000000080d00000, 0x0000000080e00000, 0x0000000080e00000|100%| O|  |TAMS 0x0000000080e00000, 0x0000000080d00000| Untracked 
|  14|0x0000000080e00000, 0x0000000080f00000, 0x0000000080f00000|100%|HS|  |TAMS 0x0000000080f00000, 0x0000000080e00000| Complete 
|  15|0x0000000080f00000, 0x0000000081000000, 0x0000000081000000|100%|HC|  |TAMS 0x0000000081000000, 0x0000000080f00000| Complete 
|  16|0x0000000081000000, 0x0000000081100000, 0x0000000081100000|100%|HS|  |TAMS 0x0000000081100000, 0x0000000081000000| Complete 
|  17|0x0000000081100000, 0x0000000081200000, 0x0000000081200000|100%|HC|  |TAMS 0x0000000081200000, 0x0000000081100000| Complete 
|  18|0x0000000081200000, 0x0000000081300000, 0x0000000081300000|100%|HC|  |TAMS 0x0000000081300000, 0x0000000081200000| Complete 
|  19|0x0000000081300000, 0x0000000081400000, 0x0000000081400000|100%|HS|  |TAMS 0x0000000081400000, 0x0000000081300000| Complete 
|  20|0x0000000081400000, 0x0000000081500000, 0x0000000081500000|100%|HC|  |TAMS 0x0000000081500000, 0x0000000081400000| Complete 
|  21|0x0000000081500000, 0x0000000081600000, 0x0000000081600000|100%|HC|  |TAMS 0x0000000081600000, 0x0000000081500000| Complete 
|  22|0x0000000081600000, 0x0000000081700000, 0x0000000081700000|100%|HS|  |TAMS 0x0000000081700000, 0x0000000081600000| Complete 
|  23|0x0000000081700000, 0x0000000081800000, 0x0000000081800000|100%|HC|  |TAMS 0x0000000081800000, 0x0000000081700000| Complete 
|  24|0x0000000081800000, 0x0000000081900000, 0x0000000081900000|100%|HS|  |TAMS 0x0000000081900000, 0x0000000081800000| Complete 
|  25|0x0000000081900000, 0x0000000081a00000, 0x0000000081a00000|100%|HC|  |TAMS 0x0000000081a00000, 0x0000000081900000| Complete 
|  26|0x0000000081a00000, 0x0000000081b00000, 0x0000000081b00000|100%|HC|  |TAMS 0x0000000081b00000, 0x0000000081a00000| Complete 
|  27|0x0000000081b00000, 0x0000000081c00000, 0x0000000081c00000|100%|HC|  |TAMS 0x0000000081c00000, 0x0000000081b00000| Complete 
|  28|0x0000000081c00000, 0x0000000081d00000, 0x0000000081d00000|100%|HC|  |TAMS 0x0000000081d00000, 0x0000000081c00000| Complete 
|  29|0x0000000081d00000, 0x0000000081e00000, 0x0000000081e00000|100%|HC|  |TAMS 0x0000000081e00000, 0x0000000081d00000| Complete 
|  30|0x0000000081e00000, 0x0000000081f00000, 0x0000000081f00000|100%|HC|  |TAMS 0x0000000081f00000, 0x0000000081e00000| Complete 
|  31|0x0000000081f00000, 0x0000000082000000, 0x0000000082000000|100%|HC|  |TAMS 0x0000000082000000, 0x0000000081f00000| Complete 
|  32|0x0000000082000000, 0x0000000082100000, 0x0000000082100000|100%|HC|  |TAMS 0x0000000082100000, 0x0000000082000000| Complete 
|  33|0x0000000082100000, 0x0000000082200000, 0x0000000082200000|100%|HC|  |TAMS 0x0000000082200000, 0x0000000082100000| Complete 
|  34|0x0000000082200000, 0x0000000082300000, 0x0000000082300000|100%|HS|  |TAMS 0x0000000082300000, 0x0000000082200000| Complete 
|  35|0x0000000082300000, 0x0000000082400000, 0x0000000082400000|100%|HC|  |TAMS 0x0000000082400000, 0x0000000082300000| Complete 
|  36|0x0000000082400000, 0x0000000082500000, 0x0000000082500000|100%|HS|  |TAMS 0x0000000082500000, 0x0000000082400000| Complete 
|  37|0x0000000082500000, 0x0000000082600000, 0x0000000082600000|100%|HC|  |TAMS 0x0000000082600000, 0x0000000082500000| Complete 
|  38|0x0000000082600000, 0x0000000082700000, 0x0000000082700000|100%|HC|  |TAMS 0x0000000082700000, 0x0000000082600000| Complete 
|  39|0x0000000082700000, 0x0000000082800000, 0x0000000082800000|100%|HC|  |TAMS 0x0000000082800000, 0x0000000082700000| Complete 
|  40|0x0000000082800000, 0x0000000082900000, 0x0000000082900000|100%|HC|  |TAMS 0x0000000082900000, 0x0000000082800000| Complete 
|  41|0x0000000082900000, 0x0000000082a00000, 0x0000000082a00000|100%| O|  |TAMS 0x0000000082a00000, 0x0000000082900000| Untracked 
|  42|0x0000000082a00000, 0x0000000082b00000, 0x0000000082b00000|100%| O|  |TAMS 0x0000000082b00000, 0x0000000082a00000| Untracked 
|  43|0x0000000082b00000, 0x0000000082c00000, 0x0000000082c00000|100%| O|  |TAMS 0x0000000082c00000, 0x0000000082b00000| Untracked 
|  44|0x0000000082c00000, 0x0000000082d00000, 0x0000000082d00000|100%| O|  |TAMS 0x0000000082d00000, 0x0000000082c00000| Untracked 
|  45|0x0000000082d00000, 0x0000000082e00000, 0x0000000082e00000|100%| O|  |TAMS 0x0000000082e00000, 0x0000000082d00000| Untracked 
|  46|0x0000000082e00000, 0x0000000082f00000, 0x0000000082f00000|100%| O|  |TAMS 0x0000000082f00000, 0x0000000082e00000| Untracked 
|  47|0x0000000082f00000, 0x0000000083000000, 0x0000000083000000|100%| O|  |TAMS 0x0000000083000000, 0x0000000082f00000| Untracked 
|  48|0x0000000083000000, 0x0000000083100000, 0x0000000083100000|100%| O|  |TAMS 0x0000000083100000, 0x0000000083000000| Untracked 
|  49|0x0000000083100000, 0x0000000083200000, 0x0000000083200000|100%| O|  |TAMS 0x0000000083200000, 0x0000000083100000| Untracked 
|  50|0x0000000083200000, 0x0000000083300000, 0x0000000083300000|100%| O|  |TAMS 0x0000000083300000, 0x0000000083200000| Untracked 
|  51|0x0000000083300000, 0x0000000083400000, 0x0000000083400000|100%| O|  |TAMS 0x0000000083400000, 0x0000000083300000| Untracked 
|  52|0x0000000083400000, 0x0000000083500000, 0x0000000083500000|100%| O|  |TAMS 0x0000000083500000, 0x0000000083400000| Untracked 
|  53|0x0000000083500000, 0x0000000083600000, 0x0000000083600000|100%| O|  |TAMS 0x0000000083600000, 0x0000000083500000| Untracked 
|  54|0x0000000083600000, 0x0000000083700000, 0x0000000083700000|100%| O|  |TAMS 0x0000000083700000, 0x0000000083600000| Untracked 
|  55|0x0000000083700000, 0x0000000083800000, 0x0000000083800000|100%| O|  |TAMS 0x0000000083800000, 0x0000000083700000| Untracked 
|  56|0x0000000083800000, 0x0000000083900000, 0x0000000083900000|100%| O|  |TAMS 0x0000000083900000, 0x0000000083800000| Untracked 
|  57|0x0000000083900000, 0x0000000083a00000, 0x0000000083a00000|100%| O|  |TAMS 0x0000000083a00000, 0x0000000083900000| Untracked 
|  58|0x0000000083a00000, 0x0000000083b00000, 0x0000000083b00000|100%| O|  |TAMS 0x0000000083b00000, 0x0000000083a00000| Untracked 
|  59|0x0000000083b00000, 0x0000000083c00000, 0x0000000083c00000|100%| O|  |TAMS 0x0000000083c00000, 0x0000000083b00000| Untracked 
|  60|0x0000000083c00000, 0x0000000083d00000, 0x0000000083d00000|100%| O|  |TAMS 0x0000000083d00000, 0x0000000083c00000| Untracked 
|  61|0x0000000083d00000, 0x0000000083e00000, 0x0000000083e00000|100%| O|  |TAMS 0x0000000083d00000, 0x0000000083d00000| Untracked 
|  62|0x0000000083e00000, 0x0000000083f00000, 0x0000000083f00000|100%| O|  |TAMS 0x0000000083f00000, 0x0000000083e00000| Untracked 
|  63|0x0000000083f00000, 0x0000000084000000, 0x0000000084000000|100%| O|  |TAMS 0x0000000084000000, 0x0000000083f00000| Untracked 
|  64|0x0000000084000000, 0x0000000084100000, 0x0000000084100000|100%| O|  |TAMS 0x0000000084100000, 0x0000000084000000| Untracked 
|  65|0x0000000084100000, 0x0000000084200000, 0x0000000084200000|100%| O|  |TAMS 0x0000000084200000, 0x0000000084100000| Untracked 
|  66|0x0000000084200000, 0x0000000084300000, 0x0000000084300000|100%|HS|  |TAMS 0x0000000084200000, 0x0000000084200000| Complete 
|  67|0x0000000084300000, 0x0000000084400000, 0x0000000084400000|100%|HC|  |TAMS 0x0000000084300000, 0x0000000084300000| Complete 
|  68|0x0000000084400000, 0x0000000084500000, 0x0000000084500000|100%|HS|  |TAMS 0x0000000084400000, 0x0000000084400000| Complete 
|  69|0x0000000084500000, 0x0000000084600000, 0x0000000084600000|100%|HC|  |TAMS 0x0000000084500000, 0x0000000084500000| Complete 
|  70|0x0000000084600000, 0x0000000084700000, 0x0000000084700000|100%|HC|  |TAMS 0x0000000084600000, 0x0000000084600000| Complete 
|  71|0x0000000084700000, 0x0000000084800000, 0x0000000084800000|100%|HC|  |TAMS 0x0000000084700000, 0x0000000084700000| Complete 
|  72|0x0000000084800000, 0x0000000084900000, 0x0000000084900000|100%|HC|  |TAMS 0x0000000084800000, 0x0000000084800000| Complete 
|  73|0x0000000084900000, 0x0000000084a00000, 0x0000000084a00000|100%| O|  |TAMS 0x0000000084982600, 0x0000000084900000| Untracked 
|  74|0x0000000084a00000, 0x0000000084b00000, 0x0000000084b00000|100%| O|  |TAMS 0x0000000084a00000, 0x0000000084a00000| Untracked 
|  75|0x0000000084b00000, 0x0000000084c00000, 0x0000000084c00000|100%| O|  |TAMS 0x0000000084b00000, 0x0000000084b00000| Untracked 
|  76|0x0000000084c00000, 0x0000000084d00000, 0x0000000084d00000|100%| O|  |TAMS 0x0000000084c00000, 0x0000000084c00000| Untracked 
|  77|0x0000000084d00000, 0x0000000084e00000, 0x0000000084e00000|100%| O|  |TAMS 0x0000000084d00000, 0x0000000084d00000| Untracked 
|  78|0x0000000084e00000, 0x0000000084f00000, 0x0000000084f00000|100%| O|  |TAMS 0x0000000084e00000, 0x0000000084e00000| Untracked 
|  79|0x0000000084f00000, 0x0000000085000000, 0x0000000085000000|100%| O|  |TAMS 0x0000000084f00000, 0x0000000084f00000| Untracked 
|  80|0x0000000085000000, 0x0000000085100000, 0x0000000085100000|100%| O|  |TAMS 0x0000000085000000, 0x0000000085000000| Untracked 
|  81|0x0000000085100000, 0x0000000085200000, 0x0000000085200000|100%| O|  |TAMS 0x0000000085100000, 0x0000000085100000| Untracked 
|  82|0x0000000085200000, 0x0000000085300000, 0x0000000085300000|100%|HS|  |TAMS 0x0000000085200000, 0x0000000085200000| Complete 
|  83|0x0000000085300000, 0x0000000085400000, 0x0000000085400000|100%|HC|  |TAMS 0x0000000085300000, 0x0000000085300000| Complete 
|  84|0x0000000085400000, 0x0000000085500000, 0x0000000085500000|100%| O|  |TAMS 0x0000000085400000, 0x0000000085400000| Untracked 
|  85|0x0000000085500000, 0x0000000085600000, 0x0000000085600000|100%| O|  |TAMS 0x0000000085500000, 0x0000000085500000| Untracked 
|  86|0x0000000085600000, 0x0000000085700000, 0x0000000085700000|100%| O|  |TAMS 0x0000000085600000, 0x0000000085600000| Untracked 
|  87|0x0000000085700000, 0x0000000085700000, 0x0000000085800000|  0%| F|  |TAMS 0x0000000085700000, 0x0000000085700000| Untracked 
|  88|0x0000000085800000, 0x0000000085800000, 0x0000000085900000|  0%| F|  |TAMS 0x0000000085800000, 0x0000000085800000| Untracked 
|  89|0x0000000085900000, 0x0000000085900000, 0x0000000085a00000|  0%| F|  |TAMS 0x0000000085900000, 0x0000000085900000| Untracked 
|  90|0x0000000085a00000, 0x0000000085b00000, 0x0000000085b00000|100%| O|  |TAMS 0x0000000085a00000, 0x0000000085a00000| Untracked 
|  91|0x0000000085b00000, 0x0000000085c00000, 0x0000000085c00000|100%| O|  |TAMS 0x0000000085b00000, 0x0000000085b00000| Untracked 
|  92|0x0000000085c00000, 0x0000000085d00000, 0x0000000085d00000|100%| O|  |TAMS 0x0000000085c00000, 0x0000000085c00000| Untracked 
|  93|0x0000000085d00000, 0x0000000085e00000, 0x0000000085e00000|100%| O|  |TAMS 0x0000000085d00000, 0x0000000085d00000| Untracked 
|  94|0x0000000085e00000, 0x0000000085f00000, 0x0000000085f00000|100%| O|  |TAMS 0x0000000085e00000, 0x0000000085e00000| Untracked 
|  95|0x0000000085f00000, 0x0000000086000000, 0x0000000086000000|100%| O|  |TAMS 0x0000000085f00000, 0x0000000085f00000| Untracked 
|  96|0x0000000086000000, 0x0000000086100000, 0x0000000086100000|100%| O|  |TAMS 0x0000000086000000, 0x0000000086000000| Untracked 
|  97|0x0000000086100000, 0x0000000086200000, 0x0000000086200000|100%| O|  |TAMS 0x0000000086100000, 0x0000000086100000| Untracked 
|  98|0x0000000086200000, 0x0000000086300000, 0x0000000086300000|100%| O|  |TAMS 0x0000000086200000, 0x0000000086200000| Untracked 
|  99|0x0000000086300000, 0x0000000086300000, 0x0000000086400000|  0%| F|  |TAMS 0x0000000086300000, 0x0000000086300000| Untracked 
| 100|0x0000000086400000, 0x0000000086400000, 0x0000000086500000|  0%| F|  |TAMS 0x0000000086400000, 0x0000000086400000| Untracked 
| 101|0x0000000086500000, 0x0000000086500000, 0x0000000086600000|  0%| F|  |TAMS 0x0000000086500000, 0x0000000086500000| Untracked 
| 102|0x0000000086600000, 0x0000000086700000, 0x0000000086700000|100%|HS|  |TAMS 0x0000000086600000, 0x0000000086600000| Complete 
| 103|0x0000000086700000, 0x0000000086800000, 0x0000000086800000|100%|HC|  |TAMS 0x0000000086700000, 0x0000000086700000| Complete 
| 104|0x0000000086800000, 0x0000000086900000, 0x0000000086900000|100%|HC|  |TAMS 0x0000000086800000, 0x0000000086800000| Complete 
| 105|0x0000000086900000, 0x0000000086a00000, 0x0000000086a00000|100%|HC|  |TAMS 0x0000000086900000, 0x0000000086900000| Complete 
| 106|0x0000000086a00000, 0x0000000086b00000, 0x0000000086b00000|100%|HC|  |TAMS 0x0000000086a00000, 0x0000000086a00000| Complete 
| 107|0x0000000086b00000, 0x0000000086c00000, 0x0000000086c00000|100%|HC|  |TAMS 0x0000000086b00000, 0x0000000086b00000| Complete 
| 108|0x0000000086c00000, 0x0000000086d00000, 0x0000000086d00000|100%|HC|  |TAMS 0x0000000086c00000, 0x0000000086c00000| Complete 
| 109|0x0000000086d00000, 0x0000000086e00000, 0x0000000086e00000|100%|HC|  |TAMS 0x0000000086d00000, 0x0000000086d00000| Complete 
| 110|0x0000000086e00000, 0x0000000086f00000, 0x0000000086f00000|100%|HC|  |TAMS 0x0000000086e00000, 0x0000000086e00000| Complete 
| 111|0x0000000086f00000, 0x0000000087000000, 0x0000000087000000|100%|HC|  |TAMS 0x0000000086f00000, 0x0000000086f00000| Complete 
| 112|0x0000000087000000, 0x0000000087100000, 0x0000000087100000|100%| O|  |TAMS 0x0000000087000000, 0x0000000087000000| Untracked 
| 113|0x0000000087100000, 0x000000008714d600, 0x0000000087200000| 30%| O|  |TAMS 0x0000000087100000, 0x0000000087100000| Untracked 
| 114|0x0000000087200000, 0x0000000087200000, 0x0000000087300000|  0%| F|  |TAMS 0x0000000087200000, 0x0000000087200000| Untracked 
| 115|0x0000000087300000, 0x0000000087300000, 0x0000000087400000|  0%| F|  |TAMS 0x0000000087300000, 0x0000000087300000| Untracked 
| 116|0x0000000087400000, 0x0000000087400000, 0x0000000087500000|  0%| F|  |TAMS 0x0000000087400000, 0x0000000087400000| Untracked 
| 117|0x0000000087500000, 0x0000000087500000, 0x0000000087600000|  0%| F|  |TAMS 0x0000000087500000, 0x0000000087500000| Untracked 
| 118|0x0000000087600000, 0x0000000087600000, 0x0000000087700000|  0%| F|  |TAMS 0x0000000087600000, 0x0000000087600000| Untracked 
| 119|0x0000000087700000, 0x0000000087700000, 0x0000000087800000|  0%| F|  |TAMS 0x0000000087700000, 0x0000000087700000| Untracked 
| 120|0x0000000087800000, 0x0000000087800000, 0x0000000087900000|  0%| F|  |TAMS 0x0000000087800000, 0x0000000087800000| Untracked 
| 121|0x0000000087900000, 0x0000000087900000, 0x0000000087a00000|  0%| F|  |TAMS 0x0000000087900000, 0x0000000087900000| Untracked 
| 122|0x0000000087a00000, 0x0000000087a00000, 0x0000000087b00000|  0%| F|  |TAMS 0x0000000087a00000, 0x0000000087a00000| Untracked 
| 123|0x0000000087b00000, 0x0000000087b00000, 0x0000000087c00000|  0%| F|  |TAMS 0x0000000087b00000, 0x0000000087b00000| Untracked 
| 124|0x0000000087c00000, 0x0000000087c00000, 0x0000000087d00000|  0%| F|  |TAMS 0x0000000087c00000, 0x0000000087c00000| Untracked 
| 125|0x0000000087d00000, 0x0000000087d00000, 0x0000000087e00000|  0%| F|  |TAMS 0x0000000087d00000, 0x0000000087d00000| Untracked 
| 126|0x0000000087e00000, 0x0000000087e00000, 0x0000000087f00000|  0%| F|  |TAMS 0x0000000087e00000, 0x0000000087e00000| Untracked 
| 127|0x0000000087f00000, 0x0000000087f00000, 0x0000000088000000|  0%| F|  |TAMS 0x0000000087f00000, 0x0000000087f00000| Untracked 
| 128|0x0000000088000000, 0x0000000088000000, 0x0000000088100000|  0%| F|  |TAMS 0x0000000088000000, 0x0000000088000000| Untracked 
| 129|0x0000000088100000, 0x0000000088100000, 0x0000000088200000|  0%| F|  |TAMS 0x0000000088100000, 0x0000000088100000| Untracked 
| 130|0x0000000088200000, 0x0000000088200000, 0x0000000088300000|  0%| F|  |TAMS 0x0000000088200000, 0x0000000088200000| Untracked 
| 131|0x0000000088300000, 0x0000000088300000, 0x0000000088400000|  0%| F|  |TAMS 0x0000000088300000, 0x0000000088300000| Untracked 
| 132|0x0000000088400000, 0x0000000088400000, 0x0000000088500000|  0%| F|  |TAMS 0x0000000088400000, 0x0000000088400000| Untracked 
| 133|0x0000000088500000, 0x0000000088500000, 0x0000000088600000|  0%| F|  |TAMS 0x0000000088500000, 0x0000000088500000| Untracked 
| 134|0x0000000088600000, 0x0000000088600000, 0x0000000088700000|  0%| F|  |TAMS 0x0000000088600000, 0x0000000088600000| Untracked 
| 135|0x0000000088700000, 0x0000000088700000, 0x0000000088800000|  0%| F|  |TAMS 0x0000000088700000, 0x0000000088700000| Untracked 
| 136|0x0000000088800000, 0x0000000088800000, 0x0000000088900000|  0%| F|  |TAMS 0x0000000088800000, 0x0000000088800000| Untracked 
| 137|0x0000000088900000, 0x0000000088900000, 0x0000000088a00000|  0%| F|  |TAMS 0x0000000088900000, 0x0000000088900000| Untracked 
| 138|0x0000000088a00000, 0x0000000088a00000, 0x0000000088b00000|  0%| F|  |TAMS 0x0000000088a00000, 0x0000000088a00000| Untracked 
| 139|0x0000000088b00000, 0x0000000088b00000, 0x0000000088c00000|  0%| F|  |TAMS 0x0000000088b00000, 0x0000000088b00000| Untracked 
| 140|0x0000000088c00000, 0x0000000088c00000, 0x0000000088d00000|  0%| F|  |TAMS 0x0000000088c00000, 0x0000000088c00000| Untracked 
| 141|0x0000000088d00000, 0x0000000088d00000, 0x0000000088e00000|  0%| F|  |TAMS 0x0000000088d00000, 0x0000000088d00000| Untracked 
| 142|0x0000000088e00000, 0x0000000088e00000, 0x0000000088f00000|  0%| F|  |TAMS 0x0000000088e00000, 0x0000000088e00000| Untracked 
| 143|0x0000000088f00000, 0x0000000088f00000, 0x0000000089000000|  0%| F|  |TAMS 0x0000000088f00000, 0x0000000088f00000| Untracked 
| 144|0x0000000089000000, 0x0000000089000000, 0x0000000089100000|  0%| F|  |TAMS 0x0000000089000000, 0x0000000089000000| Untracked 
| 145|0x0000000089100000, 0x0000000089100000, 0x0000000089200000|  0%| F|  |TAMS 0x0000000089100000, 0x0000000089100000| Untracked 
| 146|0x0000000089200000, 0x0000000089200000, 0x0000000089300000|  0%| F|  |TAMS 0x0000000089200000, 0x0000000089200000| Untracked 
| 147|0x0000000089300000, 0x0000000089300000, 0x0000000089400000|  0%| F|  |TAMS 0x0000000089300000, 0x0000000089300000| Untracked 
| 148|0x0000000089400000, 0x0000000089400000, 0x0000000089500000|  0%| F|  |TAMS 0x0000000089400000, 0x0000000089400000| Untracked 
| 149|0x0000000089500000, 0x0000000089500000, 0x0000000089600000|  0%| F|  |TAMS 0x0000000089500000, 0x0000000089500000| Untracked 
| 150|0x0000000089600000, 0x0000000089600000, 0x0000000089700000|  0%| F|  |TAMS 0x0000000089600000, 0x0000000089600000| Untracked 
| 151|0x0000000089700000, 0x0000000089700000, 0x0000000089800000|  0%| F|  |TAMS 0x0000000089700000, 0x0000000089700000| Untracked 
| 152|0x0000000089800000, 0x0000000089800000, 0x0000000089900000|  0%| F|  |TAMS 0x0000000089800000, 0x0000000089800000| Untracked 
| 153|0x0000000089900000, 0x0000000089900000, 0x0000000089a00000|  0%| F|  |TAMS 0x0000000089900000, 0x0000000089900000| Untracked 
| 154|0x0000000089a00000, 0x0000000089a00000, 0x0000000089b00000|  0%| F|  |TAMS 0x0000000089a00000, 0x0000000089a00000| Untracked 
| 155|0x0000000089b00000, 0x0000000089b00000, 0x0000000089c00000|  0%| F|  |TAMS 0x0000000089b00000, 0x0000000089b00000| Untracked 
| 156|0x0000000089c00000, 0x0000000089c00000, 0x0000000089d00000|  0%| F|  |TAMS 0x0000000089c00000, 0x0000000089c00000| Untracked 
| 157|0x0000000089d00000, 0x0000000089d00000, 0x0000000089e00000|  0%| F|  |TAMS 0x0000000089d00000, 0x0000000089d00000| Untracked 
| 158|0x0000000089e00000, 0x0000000089e00000, 0x0000000089f00000|  0%| F|  |TAMS 0x0000000089e00000, 0x0000000089e00000| Untracked 
| 159|0x0000000089f00000, 0x0000000089f00000, 0x000000008a000000|  0%| F|  |TAMS 0x0000000089f00000, 0x0000000089f00000| Untracked 
| 160|0x000000008a000000, 0x000000008a000000, 0x000000008a100000|  0%| F|  |TAMS 0x000000008a000000, 0x000000008a000000| Untracked 
| 161|0x000000008a100000, 0x000000008a100000, 0x000000008a200000|  0%| F|  |TAMS 0x000000008a100000, 0x000000008a100000| Untracked 
| 162|0x000000008a200000, 0x000000008a200000, 0x000000008a300000|  0%| F|  |TAMS 0x000000008a200000, 0x000000008a200000| Untracked 
| 163|0x000000008a300000, 0x000000008a300000, 0x000000008a400000|  0%| F|  |TAMS 0x000000008a300000, 0x000000008a300000| Untracked 
| 164|0x000000008a400000, 0x000000008a4e38e0, 0x000000008a500000| 88%| S|  |TAMS 0x000000008a400000, 0x000000008a400000| Complete 
| 165|0x000000008a500000, 0x000000008a600000, 0x000000008a600000|100%| S|  |TAMS 0x000000008a500000, 0x000000008a500000| Complete 
| 166|0x000000008a600000, 0x000000008a700000, 0x000000008a700000|100%| S|  |TAMS 0x000000008a600000, 0x000000008a600000| Complete 
| 167|0x000000008a700000, 0x000000008a800000, 0x000000008a800000|100%| S|  |TAMS 0x000000008a700000, 0x000000008a700000| Complete 
| 168|0x000000008a800000, 0x000000008a900000, 0x000000008a900000|100%| S|  |TAMS 0x000000008a800000, 0x000000008a800000| Complete 
| 169|0x000000008a900000, 0x000000008aa00000, 0x000000008aa00000|100%| S|  |TAMS 0x000000008a900000, 0x000000008a900000| Complete 
| 170|0x000000008aa00000, 0x000000008ab00000, 0x000000008ab00000|100%| S|  |TAMS 0x000000008aa00000, 0x000000008aa00000| Complete 
| 171|0x000000008ab00000, 0x000000008ac00000, 0x000000008ac00000|100%| S|  |TAMS 0x000000008ab00000, 0x000000008ab00000| Complete 
| 172|0x000000008ac00000, 0x000000008ad00000, 0x000000008ad00000|100%| S|  |TAMS 0x000000008ac00000, 0x000000008ac00000| Complete 
| 173|0x000000008ad00000, 0x000000008ae00000, 0x000000008ae00000|100%| S|  |TAMS 0x000000008ad00000, 0x000000008ad00000| Complete 
| 174|0x000000008ae00000, 0x000000008af00000, 0x000000008af00000|100%| S|  |TAMS 0x000000008ae00000, 0x000000008ae00000| Complete 
| 175|0x000000008af00000, 0x000000008b000000, 0x000000008b000000|100%| E|CS|TAMS 0x000000008af00000, 0x000000008af00000| Complete 
| 176|0x000000008b000000, 0x000000008b100000, 0x000000008b100000|100%| E|CS|TAMS 0x000000008b000000, 0x000000008b000000| Complete 
| 177|0x000000008b100000, 0x000000008b200000, 0x000000008b200000|100%| E|CS|TAMS 0x000000008b100000, 0x000000008b100000| Complete 
| 178|0x000000008b200000, 0x000000008b300000, 0x000000008b300000|100%| E|CS|TAMS 0x000000008b200000, 0x000000008b200000| Complete 
| 179|0x000000008b300000, 0x000000008b400000, 0x000000008b400000|100%| E|CS|TAMS 0x000000008b300000, 0x000000008b300000| Complete 
| 180|0x000000008b400000, 0x000000008b500000, 0x000000008b500000|100%| E|CS|TAMS 0x000000008b400000, 0x000000008b400000| Complete 
| 181|0x000000008b500000, 0x000000008b600000, 0x000000008b600000|100%| E|CS|TAMS 0x000000008b500000, 0x000000008b500000| Complete 
| 182|0x000000008b600000, 0x000000008b700000, 0x000000008b700000|100%| E|CS|TAMS 0x000000008b600000, 0x000000008b600000| Complete 
| 183|0x000000008b700000, 0x000000008b800000, 0x000000008b800000|100%| E|CS|TAMS 0x000000008b700000, 0x000000008b700000| Complete 
| 184|0x000000008b800000, 0x000000008b900000, 0x000000008b900000|100%| E|CS|TAMS 0x000000008b800000, 0x000000008b800000| Complete 
| 185|0x000000008b900000, 0x000000008ba00000, 0x000000008ba00000|100%| E|CS|TAMS 0x000000008b900000, 0x000000008b900000| Complete 
| 186|0x000000008ba00000, 0x000000008bb00000, 0x000000008bb00000|100%| E|CS|TAMS 0x000000008ba00000, 0x000000008ba00000| Complete 
| 187|0x000000008bb00000, 0x000000008bc00000, 0x000000008bc00000|100%| E|CS|TAMS 0x000000008bb00000, 0x000000008bb00000| Complete 
| 188|0x000000008bc00000, 0x000000008bd00000, 0x000000008bd00000|100%| E|CS|TAMS 0x000000008bc00000, 0x000000008bc00000| Complete 
| 189|0x000000008bd00000, 0x000000008be00000, 0x000000008be00000|100%| E|CS|TAMS 0x000000008bd00000, 0x000000008bd00000| Complete 
| 190|0x000000008be00000, 0x000000008bf00000, 0x000000008bf00000|100%| E|CS|TAMS 0x000000008be00000, 0x000000008be00000| Complete 
| 191|0x000000008bf00000, 0x000000008c000000, 0x000000008c000000|100%| E|CS|TAMS 0x000000008bf00000, 0x000000008bf00000| Complete 
| 192|0x000000008c000000, 0x000000008c100000, 0x000000008c100000|100%| E|CS|TAMS 0x000000008c000000, 0x000000008c000000| Complete 
| 193|0x000000008c100000, 0x000000008c200000, 0x000000008c200000|100%| E|CS|TAMS 0x000000008c100000, 0x000000008c100000| Complete 
| 194|0x000000008c200000, 0x000000008c300000, 0x000000008c300000|100%| E|CS|TAMS 0x000000008c200000, 0x000000008c200000| Complete 
| 195|0x000000008c300000, 0x000000008c400000, 0x000000008c400000|100%| E|CS|TAMS 0x000000008c300000, 0x000000008c300000| Complete 
| 196|0x000000008c400000, 0x000000008c500000, 0x000000008c500000|100%| E|CS|TAMS 0x000000008c400000, 0x000000008c400000| Complete 
| 197|0x000000008c500000, 0x000000008c600000, 0x000000008c600000|100%| E|CS|TAMS 0x000000008c500000, 0x000000008c500000| Complete 
| 198|0x000000008c600000, 0x000000008c700000, 0x000000008c700000|100%| E|CS|TAMS 0x000000008c600000, 0x000000008c600000| Complete 
| 199|0x000000008c700000, 0x000000008c800000, 0x000000008c800000|100%| E|CS|TAMS 0x000000008c700000, 0x000000008c700000| Complete 
| 200|0x000000008c800000, 0x000000008c900000, 0x000000008c900000|100%| E|CS|TAMS 0x000000008c800000, 0x000000008c800000| Complete 
| 201|0x000000008c900000, 0x000000008ca00000, 0x000000008ca00000|100%| E|CS|TAMS 0x000000008c900000, 0x000000008c900000| Complete 
| 202|0x000000008ca00000, 0x000000008cb00000, 0x000000008cb00000|100%| E|CS|TAMS 0x000000008ca00000, 0x000000008ca00000| Complete 
| 203|0x000000008cb00000, 0x000000008cc00000, 0x000000008cc00000|100%| E|CS|TAMS 0x000000008cb00000, 0x000000008cb00000| Complete 
| 204|0x000000008cc00000, 0x000000008cd00000, 0x000000008cd00000|100%| E|CS|TAMS 0x000000008cc00000, 0x000000008cc00000| Complete 
| 205|0x000000008cd00000, 0x000000008ce00000, 0x000000008ce00000|100%| E|CS|TAMS 0x000000008cd00000, 0x000000008cd00000| Complete 
| 206|0x000000008ce00000, 0x000000008cf00000, 0x000000008cf00000|100%| E|CS|TAMS 0x000000008ce00000, 0x000000008ce00000| Complete 
| 207|0x000000008cf00000, 0x000000008d000000, 0x000000008d000000|100%| E|CS|TAMS 0x000000008cf00000, 0x000000008cf00000| Complete 
| 208|0x000000008d000000, 0x000000008d100000, 0x000000008d100000|100%| E|CS|TAMS 0x000000008d000000, 0x000000008d000000| Complete 
| 209|0x000000008d100000, 0x000000008d200000, 0x000000008d200000|100%| E|CS|TAMS 0x000000008d100000, 0x000000008d100000| Complete 
| 210|0x000000008d200000, 0x000000008d300000, 0x000000008d300000|100%| E|CS|TAMS 0x000000008d200000, 0x000000008d200000| Complete 
| 211|0x000000008d300000, 0x000000008d400000, 0x000000008d400000|100%| E|CS|TAMS 0x000000008d300000, 0x000000008d300000| Complete 
| 212|0x000000008d400000, 0x000000008d500000, 0x000000008d500000|100%| E|CS|TAMS 0x000000008d400000, 0x000000008d400000| Complete 
| 213|0x000000008d500000, 0x000000008d600000, 0x000000008d600000|100%| E|CS|TAMS 0x000000008d500000, 0x000000008d500000| Complete 
| 214|0x000000008d600000, 0x000000008d700000, 0x000000008d700000|100%| E|CS|TAMS 0x000000008d600000, 0x000000008d600000| Complete 
| 215|0x000000008d700000, 0x000000008d800000, 0x000000008d800000|100%| E|CS|TAMS 0x000000008d700000, 0x000000008d700000| Complete 
| 216|0x000000008d800000, 0x000000008d900000, 0x000000008d900000|100%| E|CS|TAMS 0x000000008d800000, 0x000000008d800000| Complete 
| 217|0x000000008d900000, 0x000000008da00000, 0x000000008da00000|100%| E|CS|TAMS 0x000000008d900000, 0x000000008d900000| Complete 
| 218|0x000000008da00000, 0x000000008db00000, 0x000000008db00000|100%| E|CS|TAMS 0x000000008da00000, 0x000000008da00000| Complete 
| 219|0x000000008db00000, 0x000000008dc00000, 0x000000008dc00000|100%| E|CS|TAMS 0x000000008db00000, 0x000000008db00000| Complete 
| 220|0x000000008dc00000, 0x000000008dd00000, 0x000000008dd00000|100%| E|CS|TAMS 0x000000008dc00000, 0x000000008dc00000| Complete 
| 221|0x000000008dd00000, 0x000000008de00000, 0x000000008de00000|100%| E|CS|TAMS 0x000000008dd00000, 0x000000008dd00000| Complete 
| 222|0x000000008de00000, 0x000000008df00000, 0x000000008df00000|100%| E|CS|TAMS 0x000000008de00000, 0x000000008de00000| Complete 
| 223|0x000000008df00000, 0x000000008e000000, 0x000000008e000000|100%| E|CS|TAMS 0x000000008df00000, 0x000000008df00000| Complete 
| 224|0x000000008e000000, 0x000000008e100000, 0x000000008e100000|100%| E|CS|TAMS 0x000000008e000000, 0x000000008e000000| Complete 
| 225|0x000000008e100000, 0x000000008e200000, 0x000000008e200000|100%| E|CS|TAMS 0x000000008e100000, 0x000000008e100000| Complete 
| 226|0x000000008e200000, 0x000000008e300000, 0x000000008e300000|100%| E|CS|TAMS 0x000000008e200000, 0x000000008e200000| Complete 
| 227|0x000000008e300000, 0x000000008e400000, 0x000000008e400000|100%| E|CS|TAMS 0x000000008e300000, 0x000000008e300000| Complete 
| 228|0x000000008e400000, 0x000000008e500000, 0x000000008e500000|100%| E|CS|TAMS 0x000000008e400000, 0x000000008e400000| Complete 
| 229|0x000000008e500000, 0x000000008e600000, 0x000000008e600000|100%| E|CS|TAMS 0x000000008e500000, 0x000000008e500000| Complete 
| 230|0x000000008e600000, 0x000000008e700000, 0x000000008e700000|100%| E|CS|TAMS 0x000000008e600000, 0x000000008e600000| Complete 
| 231|0x000000008e700000, 0x000000008e800000, 0x000000008e800000|100%| E|CS|TAMS 0x000000008e700000, 0x000000008e700000| Complete 
| 232|0x000000008e800000, 0x000000008e900000, 0x000000008e900000|100%| E|CS|TAMS 0x000000008e800000, 0x000000008e800000| Complete 
| 233|0x000000008e900000, 0x000000008ea00000, 0x000000008ea00000|100%| E|CS|TAMS 0x000000008e900000, 0x000000008e900000| Complete 
| 234|0x000000008ea00000, 0x000000008eb00000, 0x000000008eb00000|100%| E|CS|TAMS 0x000000008ea00000, 0x000000008ea00000| Complete 
| 235|0x000000008eb00000, 0x000000008ec00000, 0x000000008ec00000|100%| E|CS|TAMS 0x000000008eb00000, 0x000000008eb00000| Complete 
| 236|0x000000008ec00000, 0x000000008ed00000, 0x000000008ed00000|100%| E|CS|TAMS 0x000000008ec00000, 0x000000008ec00000| Complete 
| 237|0x000000008ed00000, 0x000000008ee00000, 0x000000008ee00000|100%| E|CS|TAMS 0x000000008ed00000, 0x000000008ed00000| Complete 
| 238|0x000000008ee00000, 0x000000008ef00000, 0x000000008ef00000|100%| E|CS|TAMS 0x000000008ee00000, 0x000000008ee00000| Complete 
| 239|0x000000008ef00000, 0x000000008f000000, 0x000000008f000000|100%| E|CS|TAMS 0x000000008ef00000, 0x000000008ef00000| Complete 
| 240|0x000000008f000000, 0x000000008f100000, 0x000000008f100000|100%| E|CS|TAMS 0x000000008f000000, 0x000000008f000000| Complete 
| 241|0x000000008f100000, 0x000000008f200000, 0x000000008f200000|100%| E|CS|TAMS 0x000000008f100000, 0x000000008f100000| Complete 
| 242|0x000000008f200000, 0x000000008f300000, 0x000000008f300000|100%| E|CS|TAMS 0x000000008f200000, 0x000000008f200000| Complete 
| 243|0x000000008f300000, 0x000000008f400000, 0x000000008f400000|100%| E|CS|TAMS 0x000000008f300000, 0x000000008f300000| Complete 
| 244|0x000000008f400000, 0x000000008f500000, 0x000000008f500000|100%| E|CS|TAMS 0x000000008f400000, 0x000000008f400000| Complete 
| 245|0x000000008f500000, 0x000000008f600000, 0x000000008f600000|100%| E|CS|TAMS 0x000000008f500000, 0x000000008f500000| Complete 
| 246|0x000000008f600000, 0x000000008f700000, 0x000000008f700000|100%| E|CS|TAMS 0x000000008f600000, 0x000000008f600000| Complete 
| 247|0x000000008f700000, 0x000000008f800000, 0x000000008f800000|100%| E|CS|TAMS 0x000000008f700000, 0x000000008f700000| Complete 
| 248|0x000000008f800000, 0x000000008f900000, 0x000000008f900000|100%| E|CS|TAMS 0x000000008f800000, 0x000000008f800000| Complete 
| 249|0x000000008f900000, 0x000000008fa00000, 0x000000008fa00000|100%| E|CS|TAMS 0x000000008f900000, 0x000000008f900000| Complete 
| 250|0x000000008fa00000, 0x000000008fb00000, 0x000000008fb00000|100%| E|CS|TAMS 0x000000008fa00000, 0x000000008fa00000| Complete 
| 251|0x000000008fb00000, 0x000000008fc00000, 0x000000008fc00000|100%| E|CS|TAMS 0x000000008fb00000, 0x000000008fb00000| Complete 
| 252|0x000000008fc00000, 0x000000008fd00000, 0x000000008fd00000|100%| E|CS|TAMS 0x000000008fc00000, 0x000000008fc00000| Complete 
| 253|0x000000008fd00000, 0x000000008fe00000, 0x000000008fe00000|100%| E|CS|TAMS 0x000000008fd00000, 0x000000008fd00000| Complete 
| 254|0x000000008fe00000, 0x000000008ff00000, 0x000000008ff00000|100%| E|CS|TAMS 0x000000008fe00000, 0x000000008fe00000| Complete 
| 255|0x000000008ff00000, 0x0000000090000000, 0x0000000090000000|100%| E|CS|TAMS 0x000000008ff00000, 0x000000008ff00000| Complete 
| 256|0x0000000090000000, 0x0000000090100000, 0x0000000090100000|100%| E|CS|TAMS 0x0000000090000000, 0x0000000090000000| Complete 
| 257|0x0000000090100000, 0x0000000090200000, 0x0000000090200000|100%| E|CS|TAMS 0x0000000090100000, 0x0000000090100000| Complete 
| 258|0x0000000090200000, 0x0000000090300000, 0x0000000090300000|100%| E|CS|TAMS 0x0000000090200000, 0x0000000090200000| Complete 
| 259|0x0000000090300000, 0x0000000090400000, 0x0000000090400000|100%| E|CS|TAMS 0x0000000090300000, 0x0000000090300000| Complete 
| 260|0x0000000090400000, 0x0000000090500000, 0x0000000090500000|100%| E|CS|TAMS 0x0000000090400000, 0x0000000090400000| Complete 
| 261|0x0000000090500000, 0x0000000090600000, 0x0000000090600000|100%| E|CS|TAMS 0x0000000090500000, 0x0000000090500000| Complete 
| 262|0x0000000090600000, 0x0000000090700000, 0x0000000090700000|100%| E|CS|TAMS 0x0000000090600000, 0x0000000090600000| Complete 
| 263|0x0000000090700000, 0x0000000090800000, 0x0000000090800000|100%| E|CS|TAMS 0x0000000090700000, 0x0000000090700000| Complete 
| 264|0x0000000090800000, 0x0000000090900000, 0x0000000090900000|100%| E|CS|TAMS 0x0000000090800000, 0x0000000090800000| Complete 
| 265|0x0000000090900000, 0x0000000090a00000, 0x0000000090a00000|100%| E|CS|TAMS 0x0000000090900000, 0x0000000090900000| Complete 
| 266|0x0000000090a00000, 0x0000000090b00000, 0x0000000090b00000|100%| E|CS|TAMS 0x0000000090a00000, 0x0000000090a00000| Complete 
| 267|0x0000000090b00000, 0x0000000090c00000, 0x0000000090c00000|100%| E|CS|TAMS 0x0000000090b00000, 0x0000000090b00000| Complete 
| 268|0x0000000090c00000, 0x0000000090d00000, 0x0000000090d00000|100%| E|CS|TAMS 0x0000000090c00000, 0x0000000090c00000| Complete 
| 269|0x0000000090d00000, 0x0000000090e00000, 0x0000000090e00000|100%| E|CS|TAMS 0x0000000090d00000, 0x0000000090d00000| Complete 
| 270|0x0000000090e00000, 0x0000000090f00000, 0x0000000090f00000|100%| E|CS|TAMS 0x0000000090e00000, 0x0000000090e00000| Complete 
| 271|0x0000000090f00000, 0x0000000091000000, 0x0000000091000000|100%| E|CS|TAMS 0x0000000090f00000, 0x0000000090f00000| Complete 
| 272|0x0000000091000000, 0x0000000091100000, 0x0000000091100000|100%| E|CS|TAMS 0x0000000091000000, 0x0000000091000000| Complete 
| 273|0x0000000091100000, 0x0000000091200000, 0x0000000091200000|100%| E|CS|TAMS 0x0000000091100000, 0x0000000091100000| Complete 
| 274|0x0000000091200000, 0x0000000091300000, 0x0000000091300000|100%| E|CS|TAMS 0x0000000091200000, 0x0000000091200000| Complete 
| 275|0x0000000091300000, 0x0000000091400000, 0x0000000091400000|100%| E|CS|TAMS 0x0000000091300000, 0x0000000091300000| Complete 
| 276|0x0000000091400000, 0x0000000091500000, 0x0000000091500000|100%| E|CS|TAMS 0x0000000091400000, 0x0000000091400000| Complete 
| 277|0x0000000091500000, 0x0000000091600000, 0x0000000091600000|100%| E|CS|TAMS 0x0000000091500000, 0x0000000091500000| Complete 
| 278|0x0000000091600000, 0x0000000091700000, 0x0000000091700000|100%| E|CS|TAMS 0x0000000091600000, 0x0000000091600000| Complete 
| 279|0x0000000091700000, 0x0000000091800000, 0x0000000091800000|100%| E|CS|TAMS 0x0000000091700000, 0x0000000091700000| Complete 
| 280|0x0000000091800000, 0x0000000091900000, 0x0000000091900000|100%| E|CS|TAMS 0x0000000091800000, 0x0000000091800000| Complete 
| 281|0x0000000091900000, 0x0000000091a00000, 0x0000000091a00000|100%| E|CS|TAMS 0x0000000091900000, 0x0000000091900000| Complete 
| 282|0x0000000091a00000, 0x0000000091b00000, 0x0000000091b00000|100%| E|CS|TAMS 0x0000000091a00000, 0x0000000091a00000| Complete 
| 283|0x0000000091b00000, 0x0000000091c00000, 0x0000000091c00000|100%| E|CS|TAMS 0x0000000091b00000, 0x0000000091b00000| Complete 
| 284|0x0000000091c00000, 0x0000000091d00000, 0x0000000091d00000|100%| E|CS|TAMS 0x0000000091c00000, 0x0000000091c00000| Complete 
| 285|0x0000000091d00000, 0x0000000091e00000, 0x0000000091e00000|100%| E|CS|TAMS 0x0000000091d00000, 0x0000000091d00000| Complete 
| 286|0x0000000091e00000, 0x0000000091f00000, 0x0000000091f00000|100%| E|CS|TAMS 0x0000000091e00000, 0x0000000091e00000| Complete 
| 287|0x0000000091f00000, 0x0000000092000000, 0x0000000092000000|100%| E|CS|TAMS 0x0000000091f00000, 0x0000000091f00000| Complete 
| 288|0x0000000092000000, 0x0000000092100000, 0x0000000092100000|100%| E|CS|TAMS 0x0000000092000000, 0x0000000092000000| Complete 
| 289|0x0000000092100000, 0x0000000092200000, 0x0000000092200000|100%| E|CS|TAMS 0x0000000092100000, 0x0000000092100000| Complete 
| 290|0x0000000092200000, 0x0000000092300000, 0x0000000092300000|100%| E|CS|TAMS 0x0000000092200000, 0x0000000092200000| Complete 
| 291|0x0000000092300000, 0x0000000092400000, 0x0000000092400000|100%| E|CS|TAMS 0x0000000092300000, 0x0000000092300000| Complete 
| 292|0x0000000092400000, 0x0000000092500000, 0x0000000092500000|100%| E|CS|TAMS 0x0000000092400000, 0x0000000092400000| Complete 
| 293|0x0000000092500000, 0x0000000092600000, 0x0000000092600000|100%| E|CS|TAMS 0x0000000092500000, 0x0000000092500000| Complete 
| 294|0x0000000092600000, 0x0000000092700000, 0x0000000092700000|100%| E|CS|TAMS 0x0000000092600000, 0x0000000092600000| Complete 
| 295|0x0000000092700000, 0x0000000092800000, 0x0000000092800000|100%| E|CS|TAMS 0x0000000092700000, 0x0000000092700000| Complete 
| 296|0x0000000092800000, 0x0000000092900000, 0x0000000092900000|100%| E|CS|TAMS 0x0000000092800000, 0x0000000092800000| Complete 
| 297|0x0000000092900000, 0x0000000092a00000, 0x0000000092a00000|100%| E|CS|TAMS 0x0000000092900000, 0x0000000092900000| Complete 
| 298|0x0000000092a00000, 0x0000000092b00000, 0x0000000092b00000|100%| E|CS|TAMS 0x0000000092a00000, 0x0000000092a00000| Complete 
| 299|0x0000000092b00000, 0x0000000092c00000, 0x0000000092c00000|100%| E|CS|TAMS 0x0000000092b00000, 0x0000000092b00000| Complete 
| 300|0x0000000092c00000, 0x0000000092d00000, 0x0000000092d00000|100%| E|CS|TAMS 0x0000000092c00000, 0x0000000092c00000| Complete 
| 301|0x0000000092d00000, 0x0000000092e00000, 0x0000000092e00000|100%| E|CS|TAMS 0x0000000092d00000, 0x0000000092d00000| Complete 
| 302|0x0000000092e00000, 0x0000000092f00000, 0x0000000092f00000|100%| E|CS|TAMS 0x0000000092e00000, 0x0000000092e00000| Complete 
| 303|0x0000000092f00000, 0x0000000093000000, 0x0000000093000000|100%| E|CS|TAMS 0x0000000092f00000, 0x0000000092f00000| Complete 
| 304|0x0000000093000000, 0x0000000093100000, 0x0000000093100000|100%| E|CS|TAMS 0x0000000093000000, 0x0000000093000000| Complete 
| 305|0x0000000093100000, 0x0000000093200000, 0x0000000093200000|100%| E|CS|TAMS 0x0000000093100000, 0x0000000093100000| Complete 
| 306|0x0000000093200000, 0x0000000093300000, 0x0000000093300000|100%| E|CS|TAMS 0x0000000093200000, 0x0000000093200000| Complete 
| 307|0x0000000093300000, 0x0000000093400000, 0x0000000093400000|100%| E|CS|TAMS 0x0000000093300000, 0x0000000093300000| Complete 
| 308|0x0000000093400000, 0x0000000093500000, 0x0000000093500000|100%| E|CS|TAMS 0x0000000093400000, 0x0000000093400000| Complete 
| 309|0x0000000093500000, 0x0000000093600000, 0x0000000093600000|100%| E|CS|TAMS 0x0000000093500000, 0x0000000093500000| Complete 
| 310|0x0000000093600000, 0x0000000093700000, 0x0000000093700000|100%| E|CS|TAMS 0x0000000093600000, 0x0000000093600000| Complete 
| 311|0x0000000093700000, 0x0000000093800000, 0x0000000093800000|100%| E|CS|TAMS 0x0000000093700000, 0x0000000093700000| Complete 
| 312|0x0000000093800000, 0x0000000093900000, 0x0000000093900000|100%| E|CS|TAMS 0x0000000093800000, 0x0000000093800000| Complete 
| 313|0x0000000093900000, 0x0000000093a00000, 0x0000000093a00000|100%| E|CS|TAMS 0x0000000093900000, 0x0000000093900000| Complete 
| 314|0x0000000093a00000, 0x0000000093b00000, 0x0000000093b00000|100%| E|CS|TAMS 0x0000000093a00000, 0x0000000093a00000| Complete 
| 315|0x0000000093b00000, 0x0000000093c00000, 0x0000000093c00000|100%| E|CS|TAMS 0x0000000093b00000, 0x0000000093b00000| Complete 
| 316|0x0000000093c00000, 0x0000000093d00000, 0x0000000093d00000|100%| E|CS|TAMS 0x0000000093c00000, 0x0000000093c00000| Complete 
| 317|0x0000000093d00000, 0x0000000093e00000, 0x0000000093e00000|100%| E|CS|TAMS 0x0000000093d00000, 0x0000000093d00000| Complete 
| 318|0x0000000093e00000, 0x0000000093f00000, 0x0000000093f00000|100%| E|CS|TAMS 0x0000000093e00000, 0x0000000093e00000| Complete 
| 319|0x0000000093f00000, 0x0000000094000000, 0x0000000094000000|100%| E|CS|TAMS 0x0000000093f00000, 0x0000000093f00000| Complete 
| 320|0x0000000094000000, 0x0000000094100000, 0x0000000094100000|100%| E|CS|TAMS 0x0000000094000000, 0x0000000094000000| Complete 
| 321|0x0000000094100000, 0x0000000094200000, 0x0000000094200000|100%| E|CS|TAMS 0x0000000094100000, 0x0000000094100000| Complete 
| 322|0x0000000094200000, 0x0000000094300000, 0x0000000094300000|100%| E|CS|TAMS 0x0000000094200000, 0x0000000094200000| Complete 
| 323|0x0000000094300000, 0x0000000094400000, 0x0000000094400000|100%| E|CS|TAMS 0x0000000094300000, 0x0000000094300000| Complete 
| 324|0x0000000094400000, 0x0000000094500000, 0x0000000094500000|100%| E|CS|TAMS 0x0000000094400000, 0x0000000094400000| Complete 
| 325|0x0000000094500000, 0x0000000094600000, 0x0000000094600000|100%| E|CS|TAMS 0x0000000094500000, 0x0000000094500000| Complete 
| 326|0x0000000094600000, 0x0000000094700000, 0x0000000094700000|100%| E|CS|TAMS 0x0000000094600000, 0x0000000094600000| Complete 
| 327|0x0000000094700000, 0x0000000094800000, 0x0000000094800000|100%| E|CS|TAMS 0x0000000094700000, 0x0000000094700000| Complete 
| 328|0x0000000094800000, 0x0000000094900000, 0x0000000094900000|100%| E|CS|TAMS 0x0000000094800000, 0x0000000094800000| Complete 
| 329|0x0000000094900000, 0x0000000094a00000, 0x0000000094a00000|100%| E|CS|TAMS 0x0000000094900000, 0x0000000094900000| Complete 
| 330|0x0000000094a00000, 0x0000000094b00000, 0x0000000094b00000|100%| E|CS|TAMS 0x0000000094a00000, 0x0000000094a00000| Complete 
| 331|0x0000000094b00000, 0x0000000094c00000, 0x0000000094c00000|100%| E|CS|TAMS 0x0000000094b00000, 0x0000000094b00000| Complete 
| 332|0x0000000094c00000, 0x0000000094d00000, 0x0000000094d00000|100%| E|CS|TAMS 0x0000000094c00000, 0x0000000094c00000| Complete 
| 333|0x0000000094d00000, 0x0000000094e00000, 0x0000000094e00000|100%| E|CS|TAMS 0x0000000094d00000, 0x0000000094d00000| Complete 
| 334|0x0000000094e00000, 0x0000000094f00000, 0x0000000094f00000|100%| E|CS|TAMS 0x0000000094e00000, 0x0000000094e00000| Complete 
| 335|0x0000000094f00000, 0x0000000095000000, 0x0000000095000000|100%| E|CS|TAMS 0x0000000094f00000, 0x0000000094f00000| Complete 
| 336|0x0000000095000000, 0x0000000095100000, 0x0000000095100000|100%| E|CS|TAMS 0x0000000095000000, 0x0000000095000000| Complete 
| 337|0x0000000095100000, 0x0000000095200000, 0x0000000095200000|100%| E|CS|TAMS 0x0000000095100000, 0x0000000095100000| Complete 
| 338|0x0000000095200000, 0x0000000095300000, 0x0000000095300000|100%| E|CS|TAMS 0x0000000095200000, 0x0000000095200000| Complete 
| 339|0x0000000095300000, 0x0000000095400000, 0x0000000095400000|100%| E|CS|TAMS 0x0000000095300000, 0x0000000095300000| Complete 
| 340|0x0000000095400000, 0x0000000095500000, 0x0000000095500000|100%| E|CS|TAMS 0x0000000095400000, 0x0000000095400000| Complete 
| 341|0x0000000095500000, 0x0000000095600000, 0x0000000095600000|100%| E|CS|TAMS 0x0000000095500000, 0x0000000095500000| Complete 
| 342|0x0000000095600000, 0x0000000095700000, 0x0000000095700000|100%| E|CS|TAMS 0x0000000095600000, 0x0000000095600000| Complete 
| 343|0x0000000095700000, 0x0000000095800000, 0x0000000095800000|100%| E|CS|TAMS 0x0000000095700000, 0x0000000095700000| Complete 
| 344|0x0000000095800000, 0x0000000095900000, 0x0000000095900000|100%| E|CS|TAMS 0x0000000095800000, 0x0000000095800000| Complete 
| 345|0x0000000095900000, 0x0000000095a00000, 0x0000000095a00000|100%| E|CS|TAMS 0x0000000095900000, 0x0000000095900000| Complete 
| 346|0x0000000095a00000, 0x0000000095b00000, 0x0000000095b00000|100%| E|CS|TAMS 0x0000000095a00000, 0x0000000095a00000| Complete 
| 347|0x0000000095b00000, 0x0000000095c00000, 0x0000000095c00000|100%| E|CS|TAMS 0x0000000095b00000, 0x0000000095b00000| Complete 
| 348|0x0000000095c00000, 0x0000000095d00000, 0x0000000095d00000|100%| E|CS|TAMS 0x0000000095c00000, 0x0000000095c00000| Complete 
| 349|0x0000000095d00000, 0x0000000095e00000, 0x0000000095e00000|100%| E|CS|TAMS 0x0000000095d00000, 0x0000000095d00000| Complete 
| 350|0x0000000095e00000, 0x0000000095f00000, 0x0000000095f00000|100%| E|CS|TAMS 0x0000000095e00000, 0x0000000095e00000| Complete 
| 351|0x0000000095f00000, 0x0000000096000000, 0x0000000096000000|100%| E|CS|TAMS 0x0000000095f00000, 0x0000000095f00000| Complete 
| 352|0x0000000096000000, 0x0000000096100000, 0x0000000096100000|100%| E|CS|TAMS 0x0000000096000000, 0x0000000096000000| Complete 
| 353|0x0000000096100000, 0x0000000096200000, 0x0000000096200000|100%| E|CS|TAMS 0x0000000096100000, 0x0000000096100000| Complete 
| 354|0x0000000096200000, 0x0000000096300000, 0x0000000096300000|100%| E|CS|TAMS 0x0000000096200000, 0x0000000096200000| Complete 
| 355|0x0000000096300000, 0x0000000096400000, 0x0000000096400000|100%| E|CS|TAMS 0x0000000096300000, 0x0000000096300000| Complete 
| 356|0x0000000096400000, 0x0000000096500000, 0x0000000096500000|100%| E|CS|TAMS 0x0000000096400000, 0x0000000096400000| Complete 
| 357|0x0000000096500000, 0x0000000096600000, 0x0000000096600000|100%| E|CS|TAMS 0x0000000096500000, 0x0000000096500000| Complete 
| 358|0x0000000096600000, 0x0000000096700000, 0x0000000096700000|100%| E|CS|TAMS 0x0000000096600000, 0x0000000096600000| Complete 
| 359|0x0000000096700000, 0x0000000096800000, 0x0000000096800000|100%| E|CS|TAMS 0x0000000096700000, 0x0000000096700000| Complete 
| 360|0x0000000096800000, 0x0000000096900000, 0x0000000096900000|100%| E|CS|TAMS 0x0000000096800000, 0x0000000096800000| Complete 
| 361|0x0000000096900000, 0x0000000096a00000, 0x0000000096a00000|100%| E|CS|TAMS 0x0000000096900000, 0x0000000096900000| Complete 
| 362|0x0000000096a00000, 0x0000000096b00000, 0x0000000096b00000|100%| E|CS|TAMS 0x0000000096a00000, 0x0000000096a00000| Complete 
| 363|0x0000000096b00000, 0x0000000096c00000, 0x0000000096c00000|100%| E|CS|TAMS 0x0000000096b00000, 0x0000000096b00000| Complete 
| 364|0x0000000096c00000, 0x0000000096d00000, 0x0000000096d00000|100%| E|CS|TAMS 0x0000000096c00000, 0x0000000096c00000| Complete 
| 365|0x0000000096d00000, 0x0000000096e00000, 0x0000000096e00000|100%| E|CS|TAMS 0x0000000096d00000, 0x0000000096d00000| Complete 
| 366|0x0000000096e00000, 0x0000000096f00000, 0x0000000096f00000|100%| E|CS|TAMS 0x0000000096e00000, 0x0000000096e00000| Complete 
| 367|0x0000000096f00000, 0x0000000097000000, 0x0000000097000000|100%| E|CS|TAMS 0x0000000096f00000, 0x0000000096f00000| Complete 
| 368|0x0000000097000000, 0x0000000097100000, 0x0000000097100000|100%| E|CS|TAMS 0x0000000097000000, 0x0000000097000000| Complete 
| 369|0x0000000097100000, 0x0000000097200000, 0x0000000097200000|100%| E|CS|TAMS 0x0000000097100000, 0x0000000097100000| Complete 
| 370|0x0000000097200000, 0x0000000097300000, 0x0000000097300000|100%| E|CS|TAMS 0x0000000097200000, 0x0000000097200000| Complete 
| 371|0x0000000097300000, 0x0000000097400000, 0x0000000097400000|100%| E|CS|TAMS 0x0000000097300000, 0x0000000097300000| Complete 
| 372|0x0000000097400000, 0x0000000097500000, 0x0000000097500000|100%| E|CS|TAMS 0x0000000097400000, 0x0000000097400000| Complete 
| 373|0x0000000097500000, 0x0000000097600000, 0x0000000097600000|100%| E|CS|TAMS 0x0000000097500000, 0x0000000097500000| Complete 
| 374|0x0000000097600000, 0x0000000097700000, 0x0000000097700000|100%| E|CS|TAMS 0x0000000097600000, 0x0000000097600000| Complete 
| 375|0x0000000097700000, 0x0000000097800000, 0x0000000097800000|100%| E|CS|TAMS 0x0000000097700000, 0x0000000097700000| Complete 
| 376|0x0000000097800000, 0x0000000097900000, 0x0000000097900000|100%| E|CS|TAMS 0x0000000097800000, 0x0000000097800000| Complete 
| 377|0x0000000097900000, 0x0000000097a00000, 0x0000000097a00000|100%| E|CS|TAMS 0x0000000097900000, 0x0000000097900000| Complete 
| 378|0x0000000097a00000, 0x0000000097b00000, 0x0000000097b00000|100%| E|CS|TAMS 0x0000000097a00000, 0x0000000097a00000| Complete 
| 379|0x0000000097b00000, 0x0000000097c00000, 0x0000000097c00000|100%| E|CS|TAMS 0x0000000097b00000, 0x0000000097b00000| Complete 
| 380|0x0000000097c00000, 0x0000000097d00000, 0x0000000097d00000|100%| E|CS|TAMS 0x0000000097c00000, 0x0000000097c00000| Complete 
| 381|0x0000000097d00000, 0x0000000097e00000, 0x0000000097e00000|100%| E|CS|TAMS 0x0000000097d00000, 0x0000000097d00000| Complete 
| 382|0x0000000097e00000, 0x0000000097f00000, 0x0000000097f00000|100%| E|CS|TAMS 0x0000000097e00000, 0x0000000097e00000| Complete 
| 383|0x0000000097f00000, 0x0000000098000000, 0x0000000098000000|100%| E|CS|TAMS 0x0000000097f00000, 0x0000000097f00000| Complete 
| 384|0x0000000098000000, 0x0000000098100000, 0x0000000098100000|100%| E|CS|TAMS 0x0000000098000000, 0x0000000098000000| Complete 
| 385|0x0000000098100000, 0x0000000098200000, 0x0000000098200000|100%| E|CS|TAMS 0x0000000098100000, 0x0000000098100000| Complete 
| 386|0x0000000098200000, 0x0000000098300000, 0x0000000098300000|100%| E|CS|TAMS 0x0000000098200000, 0x0000000098200000| Complete 
| 387|0x0000000098300000, 0x0000000098400000, 0x0000000098400000|100%| E|CS|TAMS 0x0000000098300000, 0x0000000098300000| Complete 
| 388|0x0000000098400000, 0x0000000098500000, 0x0000000098500000|100%| E|CS|TAMS 0x0000000098400000, 0x0000000098400000| Complete 
| 389|0x0000000098500000, 0x0000000098600000, 0x0000000098600000|100%| E|CS|TAMS 0x0000000098500000, 0x0000000098500000| Complete 
| 390|0x0000000098600000, 0x0000000098700000, 0x0000000098700000|100%| E|CS|TAMS 0x0000000098600000, 0x0000000098600000| Complete 
| 391|0x0000000098700000, 0x0000000098800000, 0x0000000098800000|100%| E|CS|TAMS 0x0000000098700000, 0x0000000098700000| Complete 
| 392|0x0000000098800000, 0x0000000098900000, 0x0000000098900000|100%| E|CS|TAMS 0x0000000098800000, 0x0000000098800000| Complete 
| 393|0x0000000098900000, 0x0000000098a00000, 0x0000000098a00000|100%| E|CS|TAMS 0x0000000098900000, 0x0000000098900000| Complete 
| 394|0x0000000098a00000, 0x0000000098b00000, 0x0000000098b00000|100%| E|CS|TAMS 0x0000000098a00000, 0x0000000098a00000| Complete 
| 395|0x0000000098b00000, 0x0000000098c00000, 0x0000000098c00000|100%| E|CS|TAMS 0x0000000098b00000, 0x0000000098b00000| Complete 
| 396|0x0000000098c00000, 0x0000000098d00000, 0x0000000098d00000|100%| E|CS|TAMS 0x0000000098c00000, 0x0000000098c00000| Complete 
| 397|0x0000000098d00000, 0x0000000098e00000, 0x0000000098e00000|100%| E|CS|TAMS 0x0000000098d00000, 0x0000000098d00000| Complete 
| 398|0x0000000098e00000, 0x0000000098f00000, 0x0000000098f00000|100%| E|CS|TAMS 0x0000000098e00000, 0x0000000098e00000| Complete 
| 399|0x0000000098f00000, 0x0000000099000000, 0x0000000099000000|100%| E|CS|TAMS 0x0000000098f00000, 0x0000000098f00000| Complete 
| 400|0x0000000099000000, 0x0000000099100000, 0x0000000099100000|100%| E|CS|TAMS 0x0000000099000000, 0x0000000099000000| Complete 
| 401|0x0000000099100000, 0x0000000099200000, 0x0000000099200000|100%| E|CS|TAMS 0x0000000099100000, 0x0000000099100000| Complete 
| 402|0x0000000099200000, 0x0000000099300000, 0x0000000099300000|100%| E|CS|TAMS 0x0000000099200000, 0x0000000099200000| Complete 
| 403|0x0000000099300000, 0x0000000099400000, 0x0000000099400000|100%| E|CS|TAMS 0x0000000099300000, 0x0000000099300000| Complete 
| 404|0x0000000099400000, 0x0000000099500000, 0x0000000099500000|100%| E|CS|TAMS 0x0000000099400000, 0x0000000099400000| Complete 
| 405|0x0000000099500000, 0x0000000099600000, 0x0000000099600000|100%| E|CS|TAMS 0x0000000099500000, 0x0000000099500000| Complete 
| 406|0x0000000099600000, 0x0000000099700000, 0x0000000099700000|100%| E|CS|TAMS 0x0000000099600000, 0x0000000099600000| Complete 
| 407|0x0000000099700000, 0x0000000099800000, 0x0000000099800000|100%| E|CS|TAMS 0x0000000099700000, 0x0000000099700000| Complete 
| 408|0x0000000099800000, 0x0000000099900000, 0x0000000099900000|100%| E|CS|TAMS 0x0000000099800000, 0x0000000099800000| Complete 
| 409|0x0000000099900000, 0x0000000099a00000, 0x0000000099a00000|100%| E|CS|TAMS 0x0000000099900000, 0x0000000099900000| Complete 
| 410|0x0000000099a00000, 0x0000000099b00000, 0x0000000099b00000|100%| E|CS|TAMS 0x0000000099a00000, 0x0000000099a00000| Complete 
| 411|0x0000000099b00000, 0x0000000099c00000, 0x0000000099c00000|100%| E|CS|TAMS 0x0000000099b00000, 0x0000000099b00000| Complete 
| 412|0x0000000099c00000, 0x0000000099d00000, 0x0000000099d00000|100%| E|CS|TAMS 0x0000000099c00000, 0x0000000099c00000| Complete 
| 413|0x0000000099d00000, 0x0000000099e00000, 0x0000000099e00000|100%| E|CS|TAMS 0x0000000099d00000, 0x0000000099d00000| Complete 
| 414|0x0000000099e00000, 0x0000000099f00000, 0x0000000099f00000|100%| E|CS|TAMS 0x0000000099e00000, 0x0000000099e00000| Complete 
| 415|0x0000000099f00000, 0x000000009a000000, 0x000000009a000000|100%| E|CS|TAMS 0x0000000099f00000, 0x0000000099f00000| Complete 

Card table byte_map: [0x0000021113470000,0x0000021113870000] _byte_map_base: 0x0000021113070000

Marking Bits (Prev, Next): (CMBitMap*) 0x000002117fef5428, (CMBitMap*) 0x000002117fef5460
 Prev Bits: [0x0000021113c70000, 0x0000021115c70000)
 Next Bits: [0x0000021115c70000, 0x0000021117c70000)

Polling page: 0x000002117ff80000

Metaspace:

Usage:
  Non-class:     43.75 MB capacity,    42.90 MB ( 98%) used,   737.52 KB (  2%) free+waste,   135.31 KB ( <1%) overhead. 
      Class:      6.72 MB capacity,     6.24 MB ( 93%) used,   431.93 KB (  6%) free+waste,    64.50 KB ( <1%) overhead. 
       Both:     50.48 MB capacity,    49.14 MB ( 97%) used,     1.14 MB (  2%) free+waste,   199.81 KB ( <1%) overhead. 

Virtual space:
  Non-class space:       44.00 MB reserved,      43.92 MB (>99%) committed 
      Class space:        1.00 GB reserved,       6.75 MB ( <1%) committed 
             Both:        1.04 GB reserved,      50.67 MB (  5%) committed 

Chunk freelists:
   Non-Class:  44.00 KB
       Class:  0 bytes
        Both:  44.00 KB

MaxMetaspaceSize: 17179869184.00 GB
CompressedClassSpaceSize: 1.00 GB
Initial GC threshold: 20.80 MB
Current GC threshold: 83.00 MB
CDS: off

CodeHeap 'non-profiled nmethods': size=120064Kb used=6194Kb max_used=6194Kb free=113869Kb
 bounds [0x000002110b510000, 0x000002110bb20000, 0x0000021112a50000]
CodeHeap 'profiled nmethods': size=120000Kb used=14022Kb max_used=14022Kb free=105977Kb
 bounds [0x0000021103fe0000, 0x0000021104da0000, 0x000002110b510000]
CodeHeap 'non-nmethods': size=5696Kb used=2299Kb max_used=2370Kb free=3396Kb
 bounds [0x0000021103a50000, 0x0000021103cc0000, 0x0000021103fe0000]
 total_blobs=7044 nmethods=6245 adapters=711
 compilation: enabled
              stopped_count=0, restarted_count=0
 full_count=0

Compilation events (20 events):
Event: 33.668 Thread 0x000002111d422800 6282       4       org.objectweb.asm.SymbolTable$Entry::<init> (17 bytes)
Event: 33.670 Thread 0x000002111d422800 nmethod 6282 0x000002110bb14490 code [0x000002110bb14620, 0x000002110bb14818]
Event: 33.673 Thread 0x000002111d422800 6291       4       org.gradle.internal.classpath.InstrumentingTransformer$InstrumentingVisitor::visitEnd (39 bytes)
Event: 33.675 Thread 0x000002111d422800 nmethod 6291 0x000002110bb14890 code [0x000002110bb14a40, 0x000002110bb14b78]
Event: 33.718 Thread 0x000002111d422800 6292 %     4       org.apache.tools.zip.ZipOutputStream::writeCentralDirectoryInChunks @ 27 (95 bytes)
Event: 33.729 Thread 0x000002111a2ae000 nmethod 6288 0x000002110bb14d10 code [0x000002110bb14f60, 0x000002110bb178f0]
Event: 33.729 Thread 0x000002111a2ae000 6293 %     4       java.util.HashMap::clear @ 33 (50 bytes)
Event: 33.731 Thread 0x000002111a2ae000 nmethod 6293% 0x000002110bb18810 code [0x000002110bb189a0, 0x000002110bb18ab8]
Event: 33.731 Thread 0x000002111a2ae000 6294 %     4       java.util.LinkedList::clear @ 5 (60 bytes)
Event: 33.735 Thread 0x000002111a2ae000 nmethod 6294% 0x000002110bb18b90 code [0x000002110bb18d20, 0x000002110bb18fb8]
Event: 33.746 Thread 0x000002111a2ae000 6295       4       org.gradle.internal.classpath.InstrumentingClasspathFileTransformer$$Lambda$388/0x0000000100570440::visit (17 bytes)
Event: 33.746 Thread 0x000002111a2ae000 nmethod 6295 0x000002110bb19090 code [0x000002110bb19240, 0x000002110bb19308]
Event: 33.746 Thread 0x000002111a2ae000 6296       4       org.gradle.internal.classpath.ClasspathWalker$ZipClasspathEntry::<init> (10 bytes)
Event: 33.748 Thread 0x000002111a2ae000 nmethod 6296 0x000002110bb19410 code [0x000002110bb195a0, 0x000002110bb196d8]
Event: 33.759 Thread 0x000002111d422800 nmethod 6292% 0x000002110bb19790 code [0x000002110bb19a40, 0x000002110bb1bce0]
Event: 33.997 Thread 0x000002111a2af000 6297       3       org.gradle.internal.classpath.InstrumentingBackwardsCompatibilityVisitor$BackwardCompatibilityMethodVisitor::visitMultiANewArrayInsn (12 bytes)
Event: 33.998 Thread 0x000002111a2af000 nmethod 6297 0x0000021104d90a90 code [0x0000021104d90c60, 0x0000021104d90f58]
Event: 33.998 Thread 0x000002111a2af000 6298       3       org.objectweb.asm.MethodWriter::visitMultiANewArrayInsn (97 bytes)
Event: 33.998 Thread 0x000002111a2af000 nmethod 6298 0x0000021104d91090 code [0x0000021104d912a0, 0x0000021104d916d8]
Event: 34.315 Thread 0x000002111a2ae000 6299       4       org.objectweb.asm.ClassVisitor::visitAnnotation (19 bytes)

GC Heap History (20 events):
Event: 31.705 GC heap after
{Heap after GC invocations=59 (full 0):
 garbage-first heap   total 356352K, used 117952K [0x0000000080000000, 0x0000000100000000)
  region size 1024K, 14 young (14336K), 14 survivors (14336K)
 Metaspace       used 50309K, capacity 51685K, committed 51888K, reserved 1093632K
  class space    used 6388K, capacity 6885K, committed 6912K, reserved 1048576K
}
Event: 31.977 GC heap before
{Heap before GC invocations=59 (full 0):
 garbage-first heap   total 356352K, used 305344K [0x0000000080000000, 0x0000000100000000)
  region size 1024K, 197 young (201728K), 14 survivors (14336K)
 Metaspace       used 50309K, capacity 51685K, committed 51888K, reserved 1093632K
  class space    used 6388K, capacity 6885K, committed 6912K, reserved 1048576K
}
Event: 31.987 GC heap after
{Heap after GC invocations=60 (full 0):
 garbage-first heap   total 356352K, used 118968K [0x0000000080000000, 0x0000000100000000)
  region size 1024K, 15 young (15360K), 15 survivors (15360K)
 Metaspace       used 50309K, capacity 51685K, committed 51888K, reserved 1093632K
  class space    used 6388K, capacity 6885K, committed 6912K, reserved 1048576K
}
Event: 32.334 GC heap before
{Heap before GC invocations=60 (full 0):
 garbage-first heap   total 356352K, used 303288K [0x0000000080000000, 0x0000000100000000)
  region size 1024K, 196 young (200704K), 15 survivors (15360K)
 Metaspace       used 50309K, capacity 51685K, committed 51888K, reserved 1093632K
  class space    used 6388K, capacity 6885K, committed 6912K, reserved 1048576K
}
Event: 32.346 GC heap after
{Heap after GC invocations=61 (full 0):
 garbage-first heap   total 356352K, used 121550K [0x0000000080000000, 0x0000000100000000)
  region size 1024K, 13 young (13312K), 13 survivors (13312K)
 Metaspace       used 50309K, capacity 51685K, committed 51888K, reserved 1093632K
  class space    used 6388K, capacity 6885K, committed 6912K, reserved 1048576K
}
Event: 32.612 GC heap before
{Heap before GC invocations=61 (full 0):
 garbage-first heap   total 356352K, used 305870K [0x0000000080000000, 0x0000000100000000)
  region size 1024K, 193 young (197632K), 13 survivors (13312K)
 Metaspace       used 50310K, capacity 51685K, committed 51888K, reserved 1093632K
  class space    used 6388K, capacity 6885K, committed 6912K, reserved 1048576K
}
Event: 32.620 GC heap after
{Heap after GC invocations=62 (full 0):
 garbage-first heap   total 356352K, used 122574K [0x0000000080000000, 0x0000000100000000)
  region size 1024K, 14 young (14336K), 14 survivors (14336K)
 Metaspace       used 50310K, capacity 51685K, committed 51888K, reserved 1093632K
  class space    used 6388K, capacity 6885K, committed 6912K, reserved 1048576K
}
Event: 32.844 GC heap before
{Heap before GC invocations=62 (full 0):
 garbage-first heap   total 356352K, used 304846K [0x0000000080000000, 0x0000000100000000)
  region size 1024K, 192 young (196608K), 14 survivors (14336K)
 Metaspace       used 50310K, capacity 51685K, committed 51888K, reserved 1093632K
  class space    used 6388K, capacity 6885K, committed 6912K, reserved 1048576K
}
Event: 32.853 GC heap after
{Heap after GC invocations=63 (full 0):
 garbage-first heap   total 356352K, used 124667K [0x0000000080000000, 0x0000000100000000)
  region size 1024K, 14 young (14336K), 14 survivors (14336K)
 Metaspace       used 50310K, capacity 51685K, committed 51888K, reserved 1093632K
  class space    used 6388K, capacity 6885K, committed 6912K, reserved 1048576K
}
Event: 33.035 GC heap before
{Heap before GC invocations=63 (full 0):
 garbage-first heap   total 356352K, used 305915K [0x0000000080000000, 0x0000000100000000)
  region size 1024K, 191 young (195584K), 14 survivors (14336K)
 Metaspace       used 50310K, capacity 51685K, committed 51888K, reserved 1093632K
  class space    used 6388K, capacity 6885K, committed 6912K, reserved 1048576K
}
Event: 33.044 GC heap after
{Heap after GC invocations=64 (full 0):
 garbage-first heap   total 356352K, used 125720K [0x0000000080000000, 0x0000000100000000)
  region size 1024K, 14 young (14336K), 14 survivors (14336K)
 Metaspace       used 50310K, capacity 51685K, committed 51888K, reserved 1093632K
  class space    used 6388K, capacity 6885K, committed 6912K, reserved 1048576K
}
Event: 33.173 GC heap before
{Heap before GC invocations=64 (full 0):
 garbage-first heap   total 356352K, used 305944K [0x0000000080000000, 0x0000000100000000)
  region size 1024K, 190 young (194560K), 14 survivors (14336K)
 Metaspace       used 50310K, capacity 51685K, committed 51888K, reserved 1093632K
  class space    used 6388K, capacity 6885K, committed 6912K, reserved 1048576K
}
Event: 33.182 GC heap after
{Heap after GC invocations=65 (full 0):
 garbage-first heap   total 356352K, used 126979K [0x0000000080000000, 0x0000000100000000)
  region size 1024K, 13 young (13312K), 13 survivors (13312K)
 Metaspace       used 50310K, capacity 51685K, committed 51888K, reserved 1093632K
  class space    used 6388K, capacity 6885K, committed 6912K, reserved 1048576K
}
Event: 33.337 GC heap before
{Heap before GC invocations=65 (full 0):
 garbage-first heap   total 356352K, used 306179K [0x0000000080000000, 0x0000000100000000)
  region size 1024K, 188 young (192512K), 13 survivors (13312K)
 Metaspace       used 50317K, capacity 51689K, committed 51888K, reserved 1093632K
  class space    used 6388K, capacity 6885K, committed 6912K, reserved 1048576K
}
Event: 33.350 GC heap after
{Heap after GC invocations=66 (full 0):
 garbage-first heap   total 425984K, used 129333K [0x0000000080000000, 0x0000000100000000)
  region size 1024K, 13 young (13312K), 13 survivors (13312K)
 Metaspace       used 50317K, capacity 51689K, committed 51888K, reserved 1093632K
  class space    used 6388K, capacity 6885K, committed 6912K, reserved 1048576K
}
Event: 33.530 GC heap before
{Heap before GC invocations=66 (full 0):
 garbage-first heap   total 425984K, used 344373K [0x0000000080000000, 0x0000000100000000)
  region size 1024K, 223 young (228352K), 13 survivors (13312K)
 Metaspace       used 50318K, capacity 51689K, committed 51888K, reserved 1093632K
  class space    used 6388K, capacity 6885K, committed 6912K, reserved 1048576K
}
Event: 33.539 GC heap after
{Heap after GC invocations=67 (full 0):
 garbage-first heap   total 425984K, used 130869K [0x0000000080000000, 0x0000000100000000)
  region size 1024K, 15 young (15360K), 15 survivors (15360K)
 Metaspace       used 50318K, capacity 51689K, committed 51888K, reserved 1093632K
  class space    used 6388K, capacity 6885K, committed 6912K, reserved 1048576K
}
Event: 33.827 GC heap before
{Heap before GC invocations=67 (full 0):
 garbage-first heap   total 425984K, used 357173K [0x0000000080000000, 0x0000000100000000)
  region size 1024K, 231 young (236544K), 15 survivors (15360K)
 Metaspace       used 50318K, capacity 51689K, committed 51888K, reserved 1093632K
  class space    used 6388K, capacity 6885K, committed 6912K, reserved 1048576K
}
Event: 33.832 GC heap after
{Heap after GC invocations=68 (full 0):
 garbage-first heap   total 425984K, used 119093K [0x0000000080000000, 0x0000000100000000)
  region size 1024K, 9 young (9216K), 9 survivors (9216K)
 Metaspace       used 50318K, capacity 51689K, committed 51888K, reserved 1093632K
  class space    used 6388K, capacity 6885K, committed 6912K, reserved 1048576K
}
Event: 34.350 GC heap before
{Heap before GC invocations=68 (full 0):
 garbage-first heap   total 425984K, used 356661K [0x0000000080000000, 0x0000000100000000)
  region size 1024K, 241 young (246784K), 9 survivors (9216K)
 Metaspace       used 50319K, capacity 51689K, committed 51888K, reserved 1093632K
  class space    used 6388K, capacity 6885K, committed 6912K, reserved 1048576K
}

Deoptimization events (20 events):
Event: 33.480 Thread 0x00000211202a2000 Uncommon trap: trap_request=0xffffff4d fr.pc=0x000002110bac7674 relative=0x00000000000007f4
Event: 33.480 Thread 0x00000211202a2000 Uncommon trap: reason=unstable_if action=reinterpret pc=0x000002110bac7674 method=org.objectweb.asm.MethodWriter.visitVarInsn(II)V @ 20 c2
Event: 33.480 Thread 0x00000211202a2000 DEOPT PACKING pc=0x000002110bac7674 sp=0x0000007711bfe0a0
Event: 33.481 Thread 0x00000211202a2000 DEOPT UNPACKING pc=0x0000021103a9a1af sp=0x0000007711bfe088 mode 2
Event: 33.526 Thread 0x00000211202a2000 Uncommon trap: trap_request=0xffffff4d fr.pc=0x000002110b823c60 relative=0x0000000000000de0
Event: 33.526 Thread 0x00000211202a2000 Uncommon trap: reason=unstable_if action=reinterpret pc=0x000002110b823c60 method=java.lang.String.equals(Ljava/lang/Object;)Z @ 34 c2
Event: 33.526 Thread 0x00000211202a2000 DEOPT PACKING pc=0x000002110b823c60 sp=0x0000007711bfe160
Event: 33.526 Thread 0x00000211202a2000 DEOPT UNPACKING pc=0x0000021103a9a1af sp=0x0000007711bfe0b8 mode 2
Event: 33.526 Thread 0x00000211202a2000 Uncommon trap: trap_request=0xffffff4d fr.pc=0x000002110b7dfe80 relative=0x0000000000000f40
Event: 33.526 Thread 0x00000211202a2000 Uncommon trap: reason=unstable_if action=reinterpret pc=0x000002110b7dfe80 method=java.lang.String.equals(Ljava/lang/Object;)Z @ 34 c2
Event: 33.526 Thread 0x00000211202a2000 DEOPT PACKING pc=0x000002110b7dfe80 sp=0x0000007711bfe090
Event: 33.526 Thread 0x00000211202a2000 DEOPT UNPACKING pc=0x0000021103a9a1af sp=0x0000007711bfe020 mode 2
Event: 33.527 Thread 0x00000211202a2000 Uncommon trap: trap_request=0xffffff4d fr.pc=0x000002110ba47b4c relative=0x00000000000001ac
Event: 33.527 Thread 0x00000211202a2000 Uncommon trap: reason=unstable_if action=reinterpret pc=0x000002110ba47b4c method=java.lang.String.equals(Ljava/lang/Object;)Z @ 34 c2
Event: 33.527 Thread 0x00000211202a2000 DEOPT PACKING pc=0x000002110ba47b4c sp=0x0000007711bfdf00
Event: 33.527 Thread 0x00000211202a2000 DEOPT UNPACKING pc=0x0000021103a9a1af sp=0x0000007711bfde98 mode 2
Event: 33.608 Thread 0x00000211202a2000 DEOPT PACKING pc=0x0000021104b658f1 sp=0x0000007711bfe7b0
Event: 33.608 Thread 0x00000211202a2000 DEOPT UNPACKING pc=0x0000021103a9a95e sp=0x0000007711bfdc48 mode 0
Event: 33.736 Thread 0x00000211202a5000 DEOPT PACKING pc=0x0000021104d40a0e sp=0x00000077128fe600
Event: 33.736 Thread 0x00000211202a5000 DEOPT UNPACKING pc=0x0000021103a9a95e sp=0x00000077128fdb10 mode 0

Classes redefined (0 events):
No events

Internal exceptions (20 events):
Event: 29.711 Thread 0x00000211202a5000 Exception <a 'sun/nio/fs/WindowsException'{0x0000000093a7a700}> (0x0000000093a7a700) thrown at [src/hotspot/share/prims/jni.cpp, line 617]
Event: 29.742 Thread 0x00000211202a5000 Implicit null exception at 0x000002110b9423a4 to 0x000002110b9451b8
Event: 29.768 Thread 0x00000211202a3800 Exception <a 'sun/nio/fs/WindowsException'{0x00000000935825a0}> (0x00000000935825a0) thrown at [src/hotspot/share/prims/jni.cpp, line 617]
Event: 29.814 Thread 0x00000211202a3800 Exception <a 'sun/nio/fs/WindowsException'{0x0000000090832a60}> (0x0000000090832a60) thrown at [src/hotspot/share/prims/jni.cpp, line 617]
Event: 29.854 Thread 0x00000211202a6800 Exception <a 'sun/nio/fs/WindowsException'{0x0000000092db6ce0}> (0x0000000092db6ce0) thrown at [src/hotspot/share/prims/jni.cpp, line 617]
Event: 29.858 Thread 0x00000211202a6800 Exception <a 'sun/nio/fs/WindowsException'{0x000000008fa911d8}> (0x000000008fa911d8) thrown at [src/hotspot/share/prims/jni.cpp, line 617]
Event: 29.875 Thread 0x00000211202a6800 Exception <a 'sun/nio/fs/WindowsException'{0x000000008fa91378}> (0x000000008fa91378) thrown at [src/hotspot/share/prims/jni.cpp, line 617]
Event: 30.119 Thread 0x00000211202a6800 Exception <a 'sun/nio/fs/WindowsException'{0x000000008faa18a0}> (0x000000008faa18a0) thrown at [src/hotspot/share/prims/jni.cpp, line 617]
Event: 30.199 Thread 0x00000211202a6800 Exception <a 'sun/nio/fs/WindowsException'{0x00000000943dc898}> (0x00000000943dc898) thrown at [src/hotspot/share/prims/jni.cpp, line 617]
Event: 30.200 Thread 0x00000211202a6800 Exception <a 'sun/nio/fs/WindowsException'{0x00000000943dca10}> (0x00000000943dca10) thrown at [src/hotspot/share/prims/jni.cpp, line 617]
Event: 30.487 Thread 0x00000211202a6800 Exception <a 'sun/nio/fs/WindowsException'{0x00000000943eba98}> (0x00000000943eba98) thrown at [src/hotspot/share/prims/jni.cpp, line 617]
Event: 30.548 Thread 0x00000211202a6800 Exception <a 'sun/nio/fs/WindowsException'{0x0000000095b044f0}> (0x0000000095b044f0) thrown at [src/hotspot/share/prims/jni.cpp, line 617]
Event: 30.633 Thread 0x00000211202a6800 Exception <a 'sun/nio/fs/WindowsException'{0x0000000095b046a0}> (0x0000000095b046a0) thrown at [src/hotspot/share/prims/jni.cpp, line 617]
Event: 30.809 Thread 0x00000211202a3800 Exception <a 'sun/nio/fs/WindowsException'{0x000000008b71b338}> (0x000000008b71b338) thrown at [src/hotspot/share/prims/jni.cpp, line 617]
Event: 30.819 Thread 0x00000211202a6800 Exception <a 'sun/nio/fs/WindowsException'{0x000000008aa418c0}> (0x000000008aa418c0) thrown at [src/hotspot/share/prims/jni.cpp, line 617]
Event: 30.833 Thread 0x00000211202a3800 Exception <a 'sun/nio/fs/WindowsException'{0x000000008b71b4a0}> (0x000000008b71b4a0) thrown at [src/hotspot/share/prims/jni.cpp, line 617]
Event: 33.610 Thread 0x00000211202a2000 Exception <a 'sun/nio/fs/WindowsException'{0x00000000951ac6d8}> (0x00000000951ac6d8) thrown at [src/hotspot/share/prims/jni.cpp, line 617]
Event: 33.620 Thread 0x00000211202a2000 Exception <a 'sun/nio/fs/WindowsException'{0x00000000951ac888}> (0x00000000951ac888) thrown at [src/hotspot/share/prims/jni.cpp, line 617]
Event: 33.722 Thread 0x00000211202a6800 Exception <a 'sun/nio/fs/WindowsException'{0x000000008fabfe30}> (0x000000008fabfe30) thrown at [src/hotspot/share/prims/jni.cpp, line 617]
Event: 33.723 Thread 0x00000211202a6800 Exception <a 'sun/nio/fs/WindowsException'{0x000000008fabffb8}> (0x000000008fabffb8) thrown at [src/hotspot/share/prims/jni.cpp, line 617]

Events (20 events):
Event: 32.612 Executing VM operation: G1CollectForAllocation
Event: 32.620 Executing VM operation: G1CollectForAllocation done
Event: 32.631 Thread 0x000002111d422800 Thread exited: 0x000002111d422800
Event: 32.844 Executing VM operation: G1CollectForAllocation
Event: 32.853 Executing VM operation: G1CollectForAllocation done
Event: 33.034 Executing VM operation: G1CollectForAllocation
Event: 33.044 Executing VM operation: G1CollectForAllocation done
Event: 33.173 Executing VM operation: G1CollectForAllocation
Event: 33.182 Executing VM operation: G1CollectForAllocation done
Event: 33.315 loading class org/gradle/internal/classpath/InstrumentingTransformer$LambdaFactoryDetails
Event: 33.315 loading class org/gradle/internal/classpath/InstrumentingTransformer$LambdaFactoryDetails done
Event: 33.336 Executing VM operation: G1CollectForAllocation
Event: 33.350 Executing VM operation: G1CollectForAllocation done
Event: 33.530 Executing VM operation: G1CollectForAllocation
Event: 33.540 Executing VM operation: G1CollectForAllocation done
Event: 33.609 Thread 0x000002111d422800 Thread added: 0x000002111d422800
Event: 33.827 Executing VM operation: G1CollectForAllocation
Event: 33.832 Executing VM operation: G1CollectForAllocation done
Event: 33.997 Thread 0x000002111d422800 Thread exited: 0x000002111d422800
Event: 34.350 Executing VM operation: G1CollectForAllocation


Dynamic libraries:
0x00007ff710750000 - 0x00007ff71075a000 	D:\maZostac\tenWielkiSyf\jbr\bin\java.exe
0x00007ffabf670000 - 0x00007ffabf868000 	C:\Windows\SYSTEM32\ntdll.dll
0x00007ffabdbd0000 - 0x00007ffabdc8f000 	C:\Windows\System32\KERNEL32.DLL
0x00007ffabd1d0000 - 0x00007ffabd4a2000 	C:\Windows\System32\KERNELBASE.dll
0x00007ffaba580000 - 0x00007ffaba610000 	C:\Windows\SYSTEM32\apphelp.dll
0x00007ffabcec0000 - 0x00007ffabcfc0000 	C:\Windows\System32\ucrtbase.dll
0x00007ffab9c80000 - 0x00007ffab9c9b000 	D:\maZostac\tenWielkiSyf\jbr\bin\VCRUNTIME140.dll
0x00007ffab9c30000 - 0x00007ffab9c47000 	D:\maZostac\tenWielkiSyf\jbr\bin\jli.dll
0x00007ffabd960000 - 0x00007ffabdb01000 	C:\Windows\System32\USER32.dll
0x00007ffabd660000 - 0x00007ffabd682000 	C:\Windows\System32\win32u.dll
0x00007ffaa8040000 - 0x00007ffaa82da000 	C:\Windows\WinSxS\amd64_microsoft.windows.common-controls_6595b64144ccf1df_6.0.19041.1110_none_60b5254171f9507e\COMCTL32.dll
0x00007ffabf300000 - 0x00007ffabf32b000 	C:\Windows\System32\GDI32.dll
0x00007ffabdb30000 - 0x00007ffabdbce000 	C:\Windows\System32\msvcrt.dll
0x00007ffabd050000 - 0x00007ffabd15f000 	C:\Windows\System32\gdi32full.dll
0x00007ffabce20000 - 0x00007ffabcebd000 	C:\Windows\System32\msvcp_win.dll
0x00007ffabd870000 - 0x00007ffabd8a0000 	C:\Windows\System32\IMM32.DLL
0x00007ffab9c70000 - 0x00007ffab9c7c000 	D:\maZostac\tenWielkiSyf\jbr\bin\vcruntime140_1.dll
0x00007ffaa3420000 - 0x00007ffaa34ad000 	D:\maZostac\tenWielkiSyf\jbr\bin\msvcp140.dll
0x00007ffa74c90000 - 0x00007ffa7584c000 	D:\maZostac\tenWielkiSyf\jbr\bin\server\jvm.dll
0x00007ffabf250000 - 0x00007ffabf2fe000 	C:\Windows\System32\ADVAPI32.dll
0x00007ffabe440000 - 0x00007ffabe4dc000 	C:\Windows\System32\sechost.dll
0x00007ffabf0c0000 - 0x00007ffabf1e4000 	C:\Windows\System32\RPCRT4.dll
0x00007ffabf620000 - 0x00007ffabf628000 	C:\Windows\System32\PSAPI.DLL
0x00007ffaabac0000 - 0x00007ffaabae7000 	C:\Windows\SYSTEM32\WINMM.dll
0x00007ffa9d9d0000 - 0x00007ffa9d9d9000 	C:\Windows\SYSTEM32\WSOCK32.dll
0x00007ffab6630000 - 0x00007ffab663a000 	C:\Windows\SYSTEM32\VERSION.dll
0x00007ffabe8a0000 - 0x00007ffabe90b000 	C:\Windows\System32\WS2_32.dll
0x00007ffabac70000 - 0x00007ffabac82000 	C:\Windows\SYSTEM32\kernel.appcore.dll
0x00007ffa9d150000 - 0x00007ffa9d160000 	D:\maZostac\tenWielkiSyf\jbr\bin\verify.dll
0x00007ffaad4f0000 - 0x00007ffaad6d4000 	C:\Windows\SYSTEM32\DBGHELP.DLL
0x00007ffaad950000 - 0x00007ffaad985000 	C:\Windows\SYSTEM32\dbgcore.DLL
0x00007ffabcfc0000 - 0x00007ffabd042000 	C:\Windows\System32\bcryptPrimitives.dll
0x00007ffa80db0000 - 0x00007ffa80dd8000 	D:\maZostac\tenWielkiSyf\jbr\bin\java.dll
0x00007ffa9c5a0000 - 0x00007ffa9c5aa000 	D:\maZostac\tenWielkiSyf\jbr\bin\jimage.dll
0x00007ffa8de20000 - 0x00007ffa8de38000 	D:\maZostac\tenWielkiSyf\jbr\bin\zip.dll
0x00007ffabe910000 - 0x00007ffabf055000 	C:\Windows\System32\SHELL32.dll
0x00007ffabae70000 - 0x00007ffabb602000 	C:\Windows\SYSTEM32\windows.storage.dll
0x00007ffabe540000 - 0x00007ffabe895000 	C:\Windows\System32\combase.dll
0x00007ffabc6f0000 - 0x00007ffabc720000 	C:\Windows\SYSTEM32\Wldp.dll
0x00007ffabe100000 - 0x00007ffabe1ad000 	C:\Windows\System32\SHCORE.dll
0x00007ffabf060000 - 0x00007ffabf0b5000 	C:\Windows\System32\shlwapi.dll
0x00007ffabccb0000 - 0x00007ffabcccf000 	C:\Windows\SYSTEM32\profapi.dll
0x00007ffa85df0000 - 0x00007ffa85e09000 	D:\maZostac\tenWielkiSyf\jbr\bin\net.dll
0x00007ffab43c0000 - 0x00007ffab44ca000 	C:\Windows\SYSTEM32\WINHTTP.dll
0x00007ffabc450000 - 0x00007ffabc4ba000 	C:\Windows\system32\mswsock.dll
0x00007ffa80cd0000 - 0x00007ffa80ce3000 	D:\maZostac\tenWielkiSyf\jbr\bin\nio.dll
0x00007ffab9cc0000 - 0x00007ffab9ce7000 	C:\Users\michi\.gradle\native\e1d6ef7f7dcc3fd88c89a11ec53ec762bb8ba0a96d01ffa2cd45eb1d1d8dd5c5\windows-amd64\native-platform.dll
0x00007ffa91f10000 - 0x00007ffa92054000 	C:\Users\michi\.gradle\native\5664cfc778a61ccfe75a443a1ab52a65af34e5dc3c78e0209fed803814484fcb\windows-amd64\native-platform-file-events.dll
0x00007ffa9c1d0000 - 0x00007ffa9c1da000 	D:\maZostac\tenWielkiSyf\jbr\bin\management.dll
0x00007ffa9b430000 - 0x00007ffa9b43b000 	D:\maZostac\tenWielkiSyf\jbr\bin\management_ext.dll
0x00007ffabc640000 - 0x00007ffabc658000 	C:\Windows\SYSTEM32\CRYPTSP.dll
0x00007ffabbd70000 - 0x00007ffabbda4000 	C:\Windows\system32\rsaenh.dll
0x00007ffabd690000 - 0x00007ffabd6b7000 	C:\Windows\System32\bcrypt.dll
0x00007ffabcc70000 - 0x00007ffabcc9e000 	C:\Windows\SYSTEM32\USERENV.dll
0x00007ffabc660000 - 0x00007ffabc66c000 	C:\Windows\SYSTEM32\CRYPTBASE.dll
0x00007ffabc140000 - 0x00007ffabc17b000 	C:\Windows\SYSTEM32\IPHLPAPI.DLL
0x00007ffabd8a0000 - 0x00007ffabd8a8000 	C:\Windows\System32\NSI.dll
0x00007ffab47d0000 - 0x00007ffab47e7000 	C:\Windows\SYSTEM32\dhcpcsvc6.DLL
0x00007ffab5eb0000 - 0x00007ffab5ecd000 	C:\Windows\SYSTEM32\dhcpcsvc.DLL
0x00007ffabc190000 - 0x00007ffabc25b000 	C:\Windows\SYSTEM32\DNSAPI.dll

dbghelp: loaded successfully - version: 4.0.5 - missing functions: none
symbol engine: initialized successfully - sym options: 0x614 - pdb path: .;D:\maZostac\tenWielkiSyf\jbr\bin;C:\Windows\SYSTEM32;C:\Windows\WinSxS\amd64_microsoft.windows.common-controls_6595b64144ccf1df_6.0.19041.1110_none_60b5254171f9507e;D:\maZostac\tenWielkiSyf\jbr\bin\server;C:\Users\michi\.gradle\native\e1d6ef7f7dcc3fd88c89a11ec53ec762bb8ba0a96d01ffa2cd45eb1d1d8dd5c5\windows-amd64;C:\Users\michi\.gradle\native\5664cfc778a61ccfe75a443a1ab52a65af34e5dc3c78e0209fed803814484fcb\windows-amd64

VM Arguments:
jvm_args: --add-opens=java.base/java.util=ALL-UNNAMED --add-opens=java.base/java.lang=ALL-UNNAMED --add-opens=java.base/java.lang.invoke=ALL-UNNAMED --add-opens=java.base/java.util=ALL-UNNAMED --add-opens=java.prefs/java.util.prefs=ALL-UNNAMED --add-opens=java.prefs/java.util.prefs=ALL-UNNAMED --add-opens=java.base/java.nio.charset=ALL-UNNAMED --add-opens=java.base/java.net=ALL-UNNAMED --add-opens=java.base/java.util.concurrent.atomic=ALL-UNNAMED -Xmx2048m -Dfile.encoding=UTF-8 -Duser.country=PL -Duser.language=pl -Duser.variant 
java_command: org.gradle.launcher.daemon.bootstrap.GradleDaemon 7.3.3
java_class_path (initial): C:\Users\michi\.gradle\wrapper\dists\gradle-7.3.3-bin\6a41zxkdtcxs8rphpq6y0069z\gradle-7.3.3\lib\gradle-launcher-7.3.3.jar
Launcher Type: SUN_STANDARD

[Global flags]
     intx CICompilerCount                          = 3                                         {product} {ergonomic}
     uint ConcGCThreads                            = 1                                         {product} {ergonomic}
     uint G1ConcRefinementThreads                  = 4                                         {product} {ergonomic}
   size_t G1HeapRegionSize                         = 1048576                                   {product} {ergonomic}
    uintx GCDrainStackTargetSize                   = 64                                        {product} {ergonomic}
   size_t InitialHeapSize                          = 132120576                                 {product} {ergonomic}
   size_t MarkStackSize                            = 4194304                                   {product} {ergonomic}
   size_t MaxHeapSize                              = 2147483648                                {product} {command line}
   size_t MaxNewSize                               = 1287651328                                {product} {ergonomic}
   size_t MinHeapDeltaBytes                        = 1048576                                   {product} {ergonomic}
    uintx NonNMethodCodeHeapSize                   = 5830732                                {pd product} {ergonomic}
    uintx NonProfiledCodeHeapSize                  = 122913754                              {pd product} {ergonomic}
    uintx ProfiledCodeHeapSize                     = 122913754                              {pd product} {ergonomic}
    uintx ReservedCodeCacheSize                    = 251658240                              {pd product} {ergonomic}
     bool SegmentedCodeCache                       = true                                      {product} {ergonomic}
     bool UseCompressedClassPointers               = true                                 {lp64_product} {ergonomic}
     bool UseCompressedOops                        = true                                 {lp64_product} {ergonomic}
     bool UseG1GC                                  = true                                      {product} {ergonomic}
     bool UseLargePagesIndividualAllocation        = false                                  {pd product} {ergonomic}

Logging:
Log output configuration:
 #0: stdout all=warning uptime,level,tags
 #1: stderr all=off uptime,level,tags

Environment Variables:
PATH=C:\Windows\system32;C:\Windows;C:\Windows\System32\Wbem;C:\Windows\System32\WindowsPowerShell\v1.0\;C:\Windows\System32\OpenSSH\;C:\Program Files (x86)\NVIDIA Corporation\PhysX\Common;C:\Users\michi\AppData\Local\Microsoft\WindowsApps;;D:\maZostac\Microsoft VS Code\bin
USERNAME=michi
OS=Windows_NT
PROCESSOR_IDENTIFIER=Intel64 Family 6 Model 94 Stepping 3, GenuineIntel



---------------  S Y S T E M  ---------------

OS: Windows 10 , 64 bit Build 19041 (10.0.19041.2546)
OS uptime: 1 days 14:45 hours

CPU:total 4 (initial active 4) (4 cores per cpu, 1 threads per core) family 6 model 94 stepping 3 microcode 0xcc, cmov, cx8, fxsr, mmx, sse, sse2, sse3, ssse3, sse4.1, sse4.2, popcnt, avx, avx2, aes, clmul, erms, rtm, 3dnowpref, lzcnt, tsc, tscinvbit, bmi1, bmi2, adx, fma

Memory: 4k page, system-wide physical 7986M (2149M free)
TotalPageFile size 10505M (AvailPageFile size 3626M)
current process WorkingSet (physical memory assigned to process): 625M, peak: 626M
current process commit charge ("private bytes"): 652M, peak: 654M

vm_info: OpenJDK 64-Bit Server VM (11.0.15+0-b2043.56-9505619) for windows-amd64 JRE (11.0.15+0-b2043.56-9505619), built on Jan 19 2023 02:48:00 by "builduser" with unknown MS VC++:1929

END.
